N (# of atoms):
1 Cr1 0.100004 0.043675
1 Cr1 10.1004 0.0675358
1 Cr1 20.1008 0.085622
1 Cr1 30.1011 0.100216
1 Cr1 40.1015 0.112106
1 Cr1 50.1019 0.123109
1 Cr1 60.1023 0.132742
1 Cr1 70.1027 0.141557
1 Cr1 80.103 0.149914
1 Cr1 90.1034 0.157274
1 Cr1 100.104 0.164555
1 Cr1 110.104 0.17155
1 Cr1 120.105 0.177585
1 Cr1 130.105 0.183814
1 Cr1 140.105 0.19064
1 Cr1 150.106 0.196824
1 Cr1 160.106 0.201325
1 Cr1 170.106 0.207415
1 Cr1 180.107 0.212162
1 Cr1 190.107 0.217895
1 Cr1 200.108 0.22217
1 Cr1 210.108 0.227353
1 Cr1 220.108 0.231605
1 Cr1 230.109 0.236241
1 Cr1 240.109 0.239896
1 Cr1 250.109 0.244617
1 Cr1 260.11 0.249585
1 Cr1 270.11 0.253784
1 Cr1 280.111 0.256695
1 Cr1 290.111 0.261388
1 Cr1 300.111 0.264237
1 Cr1 310.112 0.268743
1 Cr1 320.112 0.271914
1 Cr1 330.113 0.27564
1 Cr1 340.113 0.279517
1 Cr1 350.113 0.282116
1 Cr1 360.114 0.287341
1 Cr1 370.114 0.28918
1 Cr1 380.114 0.294038
1 Cr1 390.115 0.29624
1 Cr1 400.115 0.299988
1 Cr1 410.116 0.30329
1 Cr1 420.116 0.306465
1 Cr1 430.116 0.308605
1 Cr1 440.117 0.31176
1 Cr1 450.117 0.31576
1 Cr1 460.117 0.318995
1 Cr1 470.118 0.321518
1 Cr1 480.118 0.323183
1 Cr1 490.119 0.326577
T= 490.119 Sum_i(J(m_i, T))
   
2 Cr2 0.100004 0.0816856
2 Cr2 10.1004 0.219453
2 Cr2 20.1008 0.231668
2 Cr2 30.1011 0.243407
2 Cr2 40.1015 0.253675
2 Cr2 50.1019 0.263403
2 Cr2 60.1023 0.272749
2 Cr2 70.1027 0.28081
2 Cr2 80.103 0.288414
2 Cr2 90.1034 0.295923
2 Cr2 100.104 0.302801
2 Cr2 110.104 0.309031
2 Cr2 120.105 0.314468
2 Cr2 130.105 0.320316
2 Cr2 140.105 0.327173
2 Cr2 150.106 0.332058
2 Cr2 160.106 0.337648
2 Cr2 170.106 0.34208
2 Cr2 180.107 0.347366
2 Cr2 190.107 0.351519
2 Cr2 200.108 0.35668
2 Cr2 210.108 0.360196
2 Cr2 220.108 0.36516
2 Cr2 230.109 0.369666
2 Cr2 240.109 0.372516
2 Cr2 250.109 0.376954
2 Cr2 260.11 0.380765
2 Cr2 270.11 0.384863
2 Cr2 280.111 0.388108
2 Cr2 290.111 0.393015
2 Cr2 300.111 0.39533
2 Cr2 310.112 0.399048
2 Cr2 320.112 0.402632
2 Cr2 330.113 0.404789
2 Cr2 340.113 0.40909
2 Cr2 350.113 0.411842
2 Cr2 360.114 0.415461
2 Cr2 370.114 0.418152
2 Cr2 380.114 0.422215
2 Cr2 390.115 0.424526
2 Cr2 400.115 0.428882
2 Cr2 410.116 0.430096
2 Cr2 420.116 0.433241
2 Cr2 430.116 0.436487
2 Cr2 440.117 0.438744
2 Cr2 450.117 0.441881
2 Cr2 460.117 0.44419
2 Cr2 470.118 0.447765
2 Cr2 480.118 0.451275
2 Cr2 490.119 0.452879
T= 490.119 Sum_i(J(m_i, T))
   
3 Cr3 0.100004 0.799236
3 Cr3 10.1004 0.79564
3 Cr3 20.1008 0.790675
3 Cr3 30.1011 0.786875
3 Cr3 40.1015 0.782228
3 Cr3 50.1019 0.779914
3 Cr3 60.1023 0.776512
3 Cr3 70.1027 0.773649
3 Cr3 80.103 0.770875
3 Cr3 90.1034 0.768209
3 Cr3 100.104 0.764954
3 Cr3 110.104 0.762286
3 Cr3 120.105 0.758838
3 Cr3 130.105 0.756878
3 Cr3 140.105 0.753554
3 Cr3 150.106 0.75079
3 Cr3 160.106 0.748692
3 Cr3 170.106 0.74655
3 Cr3 180.107 0.743653
3 Cr3 190.107 0.741608
3 Cr3 200.108 0.738696
3 Cr3 210.108 0.738226
3 Cr3 220.108 0.734415
3 Cr3 230.109 0.733053
3 Cr3 240.109 0.73003
3 Cr3 250.109 0.730434
3 Cr3 260.11 0.728599
3 Cr3 270.11 0.726034
3 Cr3 280.111 0.725919
3 Cr3 290.111 0.724565
3 Cr3 300.111 0.723601
3 Cr3 310.112 0.723751
3 Cr3 320.112 0.722655
3 Cr3 330.113 0.721115
3 Cr3 340.113 0.721011
3 Cr3 350.113 0.720582
3 Cr3 360.114 0.719008
3 Cr3 370.114 0.71917
3 Cr3 380.114 0.719745
3 Cr3 390.115 0.718014
3 Cr3 400.115 0.716294
3 Cr3 410.116 0.717175
3 Cr3 420.116 0.716979
3 Cr3 430.116 0.717906
3 Cr3 440.117 0.718059
3 Cr3 450.117 0.716004
3 Cr3 460.117 0.716613
3 Cr3 470.118 0.716068
3 Cr3 480.118 0.718119
3 Cr3 490.119 0.718403
T= 490.119 Sum_i(J(m_i, T))
   
4 Cr4 0.100004 1.26102
4 Cr4 10.1004 1.25342
4 Cr4 20.1008 1.24456
4 Cr4 30.1011 1.23691
4 Cr4 40.1015 1.22989
4 Cr4 50.1019 1.22343
4 Cr4 60.1023 1.21699
4 Cr4 70.1027 1.21105
4 Cr4 80.103 1.20579
4 Cr4 90.1034 1.20064
4 Cr4 100.104 1.19512
4 Cr4 110.104 1.1917
4 Cr4 120.105 1.1857
4 Cr4 130.105 1.18211
4 Cr4 140.105 1.17676
4 Cr4 150.106 1.17405
4 Cr4 160.106 1.16984
4 Cr4 170.106 1.16697
4 Cr4 180.107 1.1626
4 Cr4 190.107 1.15901
4 Cr4 200.108 1.15555
4 Cr4 210.108 1.15241
4 Cr4 220.108 1.14904
4 Cr4 230.109 1.14492
4 Cr4 240.109 1.14206
4 Cr4 250.109 1.13879
4 Cr4 260.11 1.1351
4 Cr4 270.11 1.133
4 Cr4 280.111 1.12996
4 Cr4 290.111 1.12738
4 Cr4 300.111 1.12568
4 Cr4 310.112 1.12147
4 Cr4 320.112 1.11784
4 Cr4 330.113 1.11736
4 Cr4 340.113 1.11434
4 Cr4 350.113 1.11203
4 Cr4 360.114 1.10891
4 Cr4 370.114 1.1048
4 Cr4 380.114 1.10362
4 Cr4 390.115 1.09967
4 Cr4 400.115 1.09754
4 Cr4 410.116 1.09783
4 Cr4 420.116 1.09196
4 Cr4 430.116 1.09151
4 Cr4 440.117 1.08814
4 Cr4 450.117 1.08519
4 Cr4 460.117 1.08367
4 Cr4 470.118 1.07943
4 Cr4 480.118 1.0793
4 Cr4 490.119 1.07672
T= 490.119 Sum_i(J(m_i, T))
   
5 Cr5 0.100004 0.000500528
5 Cr5 10.1004 0.232518
5 Cr5 20.1008 0.242385
5 Cr5 30.1011 0.253077
5 Cr5 40.1015 0.264297
5 Cr5 50.1019 0.273899
5 Cr5 60.1023 0.281712
5 Cr5 70.1027 0.289955
5 Cr5 80.103 0.297465
5 Cr5 90.1034 0.30448
5 Cr5 100.104 0.310959
5 Cr5 110.104 0.317315
5 Cr5 120.105 0.32408
5 Cr5 130.105 0.329964
5 Cr5 140.105 0.335012
5 Cr5 150.106 0.340945
5 Cr5 160.106 0.345387
5 Cr5 170.106 0.351557
5 Cr5 180.107 0.355357
5 Cr5 190.107 0.360197
5 Cr5 200.108 0.364967
5 Cr5 210.108 0.369051
5 Cr5 220.108 0.374822
5 Cr5 230.109 0.377714
5 Cr5 240.109 0.38104
5 Cr5 250.109 0.385495
5 Cr5 260.11 0.390263
5 Cr5 270.11 0.392845
5 Cr5 280.111 0.398524
5 Cr5 290.111 0.401537
5 Cr5 300.111 0.404182
5 Cr5 310.112 0.407948
5 Cr5 320.112 0.411809
5 Cr5 330.113 0.415011
5 Cr5 340.113 0.417837
5 Cr5 350.113 0.42069
5 Cr5 360.114 0.423931
5 Cr5 370.114 0.427858
5 Cr5 380.114 0.430505
5 Cr5 390.115 0.433796
5 Cr5 400.115 0.43621
5 Cr5 410.116 0.439771
5 Cr5 420.116 0.443786
5 Cr5 430.116 0.445486
5 Cr5 440.117 0.447949
5 Cr5 450.117 0.45135
5 Cr5 460.117 0.453433
5 Cr5 470.118 0.456306
5 Cr5 480.118 0.459236
5 Cr5 490.119 0.462141
T= 490.119 Sum_i(J(m_i, T))
   
6 Cr6 0.100004 0.122524
6 Cr6 10.1004 0.125864
6 Cr6 20.1008 0.139934
6 Cr6 30.1011 0.152867
6 Cr6 40.1015 0.164308
6 Cr6 50.1019 0.174302
6 Cr6 60.1023 0.183669
6 Cr6 70.1027 0.192137
6 Cr6 80.103 0.200005
6 Cr6 90.1034 0.207827
6 Cr6 100.104 0.21471
6 Cr6 110.104 0.221616
6 Cr6 120.105 0.227358
6 Cr6 130.105 0.233558
6 Cr6 140.105 0.239404
6 Cr6 150.106 0.243782
6 Cr6 160.106 0.25007
6 Cr6 170.106 0.25526
6 Cr6 180.107 0.259877
6 Cr6 190.107 0.264864
6 Cr6 200.108 0.2699
6 Cr6 210.108 0.273722
6 Cr6 220.108 0.278343
6 Cr6 230.109 0.282841
6 Cr6 240.109 0.287321
6 Cr6 250.109 0.291661
6 Cr6 260.11 0.294742
6 Cr6 270.11 0.299085
6 Cr6 280.111 0.302972
6 Cr6 290.111 0.306899
6 Cr6 300.111 0.310281
6 Cr6 310.112 0.315478
6 Cr6 320.112 0.317977
6 Cr6 330.113 0.320939
6 Cr6 340.113 0.324281
6 Cr6 350.113 0.328236
6 Cr6 360.114 0.330935
6 Cr6 370.114 0.333633
6 Cr6 380.114 0.33703
6 Cr6 390.115 0.341206
6 Cr6 400.115 0.343145
6 Cr6 410.116 0.345273
6 Cr6 420.116 0.350236
6 Cr6 430.116 0.352762
6 Cr6 440.117 0.355153
6 Cr6 450.117 0.358333
6 Cr6 460.117 0.361779
6 Cr6 470.118 0.36388
6 Cr6 480.118 0.367046
6 Cr6 490.119 0.369925
T= 490.119 Sum_i(J(m_i, T))
   
7 Cr7 0.100004 5.77054e-05
7 Cr7 10.1004 0.510618
7 Cr7 20.1008 0.499033
7 Cr7 30.1011 0.483342
7 Cr7 40.1015 0.472168
7 Cr7 50.1019 0.463441
7 Cr7 60.1023 0.457788
7 Cr7 70.1027 0.453321
7 Cr7 80.103 0.452061
7 Cr7 90.1034 0.449283
7 Cr7 100.104 0.451089
7 Cr7 110.104 0.450602
7 Cr7 120.105 0.451389
7 Cr7 130.105 0.451001
7 Cr7 140.105 0.453107
7 Cr7 150.106 0.454608
7 Cr7 160.106 0.456283
7 Cr7 170.106 0.458846
7 Cr7 180.107 0.459947
7 Cr7 190.107 0.462076
7 Cr7 200.108 0.464234
7 Cr7 210.108 0.46556
7 Cr7 220.108 0.467156
7 Cr7 230.109 0.469603
7 Cr7 240.109 0.472343
7 Cr7 250.109 0.474713
7 Cr7 260.11 0.476059
7 Cr7 270.11 0.478288
7 Cr7 280.111 0.480423
7 Cr7 290.111 0.483916
7 Cr7 300.111 0.485941
7 Cr7 310.112 0.486632
7 Cr7 320.112 0.489783
7 Cr7 330.113 0.491908
7 Cr7 340.113 0.49317
7 Cr7 350.113 0.497099
7 Cr7 360.114 0.498037
7 Cr7 370.114 0.499987
7 Cr7 380.114 0.501
7 Cr7 390.115 0.505166
7 Cr7 400.115 0.506224
7 Cr7 410.116 0.508413
7 Cr7 420.116 0.509893
7 Cr7 430.116 0.511857
7 Cr7 440.117 0.514557
7 Cr7 450.117 0.516126
7 Cr7 460.117 0.516602
7 Cr7 470.118 0.519731
7 Cr7 480.118 0.523527
7 Cr7 490.119 0.524949
T= 490.119 Sum_i(J(m_i, T))
   
8 Cr8 0.100004 0.000616351
8 Cr8 10.1004 0.22649
8 Cr8 20.1008 0.235955
8 Cr8 30.1011 0.248673
8 Cr8 40.1015 0.258306
8 Cr8 50.1019 0.267165
8 Cr8 60.1023 0.276462
8 Cr8 70.1027 0.284487
8 Cr8 80.103 0.292191
8 Cr8 90.1034 0.299499
8 Cr8 100.104 0.305939
8 Cr8 110.104 0.312291
8 Cr8 120.105 0.318343
8 Cr8 130.105 0.323713
8 Cr8 140.105 0.329917
8 Cr8 150.106 0.334913
8 Cr8 160.106 0.340265
8 Cr8 170.106 0.345785
8 Cr8 180.107 0.349849
8 Cr8 190.107 0.355019
8 Cr8 200.108 0.35855
8 Cr8 210.108 0.363703
8 Cr8 220.108 0.368471
8 Cr8 230.109 0.371544
8 Cr8 240.109 0.375937
8 Cr8 250.109 0.380023
8 Cr8 260.11 0.384547
8 Cr8 270.11 0.387544
8 Cr8 280.111 0.390423
8 Cr8 290.111 0.395877
8 Cr8 300.111 0.398505
8 Cr8 310.112 0.401684
8 Cr8 320.112 0.404495
8 Cr8 330.113 0.408975
8 Cr8 340.113 0.411991
8 Cr8 350.113 0.416259
8 Cr8 360.114 0.418219
8 Cr8 370.114 0.42208
8 Cr8 380.114 0.424699
8 Cr8 390.115 0.429108
8 Cr8 400.115 0.430321
8 Cr8 410.116 0.433966
8 Cr8 420.116 0.437411
8 Cr8 430.116 0.439669
8 Cr8 440.117 0.442118
8 Cr8 450.117 0.444694
8 Cr8 460.117 0.448187
8 Cr8 470.118 0.449887
8 Cr8 480.118 0.451886
8 Cr8 490.119 0.455325
T= 490.119 Sum_i(J(m_i, T))
   
9 Cr9 0.100004 0.633661
9 Cr9 10.1004 0.618986
9 Cr9 20.1008 0.609204
9 Cr9 30.1011 0.601291
9 Cr9 40.1015 0.592892
9 Cr9 50.1019 0.585861
9 Cr9 60.1023 0.578635
9 Cr9 70.1027 0.5711
9 Cr9 80.103 0.564546
9 Cr9 90.1034 0.55955
9 Cr9 100.104 0.554498
9 Cr9 110.104 0.55125
9 Cr9 120.105 0.547673
9 Cr9 130.105 0.544565
9 Cr9 140.105 0.542631
9 Cr9 150.106 0.54038
9 Cr9 160.106 0.538785
9 Cr9 170.106 0.537283
9 Cr9 180.107 0.537176
9 Cr9 190.107 0.536063
9 Cr9 200.108 0.536539
9 Cr9 210.108 0.536095
9 Cr9 220.108 0.535866
9 Cr9 230.109 0.536144
9 Cr9 240.109 0.536912
9 Cr9 250.109 0.536178
9 Cr9 260.11 0.537808
9 Cr9 270.11 0.538298
9 Cr9 280.111 0.538755
9 Cr9 290.111 0.538222
9 Cr9 300.111 0.540986
9 Cr9 310.112 0.541325
9 Cr9 320.112 0.54228
9 Cr9 330.113 0.54285
9 Cr9 340.113 0.544134
9 Cr9 350.113 0.544465
9 Cr9 360.114 0.545207
9 Cr9 370.114 0.547378
9 Cr9 380.114 0.547165
9 Cr9 390.115 0.548353
9 Cr9 400.115 0.54795
9 Cr9 410.116 0.552362
9 Cr9 420.116 0.553247
9 Cr9 430.116 0.553655
9 Cr9 440.117 0.555233
9 Cr9 450.117 0.556022
9 Cr9 460.117 0.557308
9 Cr9 470.118 0.558747
9 Cr9 480.118 0.558949
9 Cr9 490.119 0.560126
T= 490.119 Sum_i(J(m_i, T))
   
10 Fe1 0.100004 0.98068
10 Fe1 10.1004 0.976486
10 Fe1 20.1008 0.973157
10 Fe1 30.1011 0.969379
10 Fe1 40.1015 0.965244
10 Fe1 50.1019 0.961242
10 Fe1 60.1023 0.956684
10 Fe1 70.1027 0.953938
10 Fe1 80.103 0.949661
10 Fe1 90.1034 0.945842
10 Fe1 100.104 0.94248
10 Fe1 110.104 0.938408
10 Fe1 120.105 0.934815
10 Fe1 130.105 0.930954
10 Fe1 140.105 0.927369
10 Fe1 150.106 0.924418
10 Fe1 160.106 0.921545
10 Fe1 170.106 0.919643
10 Fe1 180.107 0.916236
10 Fe1 190.107 0.911683
10 Fe1 200.108 0.908855
10 Fe1 210.108 0.906931
10 Fe1 220.108 0.905137
10 Fe1 230.109 0.902684
10 Fe1 240.109 0.900387
10 Fe1 250.109 0.897685
10 Fe1 260.11 0.895798
10 Fe1 270.11 0.894543
10 Fe1 280.111 0.892541
10 Fe1 290.111 0.889777
10 Fe1 300.111 0.890277
10 Fe1 310.112 0.887862
10 Fe1 320.112 0.885323
10 Fe1 330.113 0.884654
10 Fe1 340.113 0.884815
10 Fe1 350.113 0.883485
10 Fe1 360.114 0.883035
10 Fe1 370.114 0.879974
10 Fe1 380.114 0.880175
10 Fe1 390.115 0.878808
10 Fe1 400.115 0.878121
10 Fe1 410.116 0.878048
10 Fe1 420.116 0.877877
10 Fe1 430.116 0.875264
10 Fe1 440.117 0.874927
10 Fe1 450.117 0.875114
10 Fe1 460.117 0.876741
10 Fe1 470.118 0.876602
10 Fe1 480.118 0.875618
10 Fe1 490.119 0.874858
T= 490.119 Sum_i(J(m_i, T))
   
11 Fe2 0.100004 1.4832e-06
11 Fe2 10.1004 1.51294e-06
11 Fe2 20.1008 3.85211e-06
11 Fe2 30.1011 2.96031e-06
11 Fe2 40.1015 4.93771e-06
11 Fe2 50.1019 6.73944e-06
11 Fe2 60.1023 9.17976e-06
11 Fe2 70.1027 1.10201e-05
11 Fe2 80.103 9.3525e-06
11 Fe2 90.1034 9.17934e-06
11 Fe2 100.104 9.37006e-06
11 Fe2 110.104 9.22801e-06
11 Fe2 120.105 1.28592e-05
11 Fe2 130.105 1.26859e-05
11 Fe2 140.105 1.51193e-05
11 Fe2 150.106 1.76709e-05
11 Fe2 160.106 1.71873e-05
11 Fe2 170.106 1.68015e-05
11 Fe2 180.107 1.98671e-05
11 Fe2 190.107 1.88717e-05
11 Fe2 200.108 2.24879e-05
11 Fe2 210.108 2.24868e-05
11 Fe2 220.108 1.71078e-05
11 Fe2 230.109 2.1987e-05
11 Fe2 240.109 2.4467e-05
11 Fe2 250.109 2.65113e-05
11 Fe2 260.11 2.60021e-05
11 Fe2 270.11 2.49122e-05
11 Fe2 280.111 2.77929e-05
11 Fe2 290.111 2.67266e-05
11 Fe2 300.111 2.38913e-05
11 Fe2 310.112 2.575e-05
11 Fe2 320.112 2.86594e-05
11 Fe2 330.113 3.23551e-05
11 Fe2 340.113 2.67951e-05
11 Fe2 350.113 3.03079e-05
11 Fe2 360.114 3.21513e-05
11 Fe2 370.114 3.75072e-05
11 Fe2 380.114 3.05993e-05
11 Fe2 390.115 4.20381e-05
11 Fe2 400.115 4.11297e-05
11 Fe2 410.116 4.71914e-05
11 Fe2 420.116 4.4871e-05
11 Fe2 430.116 5.13184e-05
11 Fe2 440.117 4.16718e-05
11 Fe2 450.117 4.96495e-05
11 Fe2 460.117 3.9227e-05
11 Fe2 470.118 4.67954e-05
11 Fe2 480.118 4.60203e-05
11 Fe2 490.119 4.94552e-05
T= 490.119 Sum_i(J(m_i, T))
   
12 Fe3 0.100004 1.45495
12 Fe3 10.1004 1.45293
12 Fe3 20.1008 1.45091
12 Fe3 30.1011 1.44855
12 Fe3 40.1015 1.44697
12 Fe3 50.1019 1.44469
12 Fe3 60.1023 1.44259
12 Fe3 70.1027 1.44024
12 Fe3 80.103 1.43864
12 Fe3 90.1034 1.43628
12 Fe3 100.104 1.43411
12 Fe3 110.104 1.43129
12 Fe3 120.105 1.42999
12 Fe3 130.105 1.42743
12 Fe3 140.105 1.42457
12 Fe3 150.106 1.42208
12 Fe3 160.106 1.41986
12 Fe3 170.106 1.41745
12 Fe3 180.107 1.41515
12 Fe3 190.107 1.41139
12 Fe3 200.108 1.40985
12 Fe3 210.108 1.4074
12 Fe3 220.108 1.4049
12 Fe3 230.109 1.40237
12 Fe3 240.109 1.39866
12 Fe3 250.109 1.39523
12 Fe3 260.11 1.39384
12 Fe3 270.11 1.39096
12 Fe3 280.111 1.38885
12 Fe3 290.111 1.38505
12 Fe3 300.111 1.3806
12 Fe3 310.112 1.37919
12 Fe3 320.112 1.37661
12 Fe3 330.113 1.37311
12 Fe3 340.113 1.37052
12 Fe3 350.113 1.36776
12 Fe3 360.114 1.36504
12 Fe3 370.114 1.36169
12 Fe3 380.114 1.35908
12 Fe3 390.115 1.35613
12 Fe3 400.115 1.35347
12 Fe3 410.116 1.35066
12 Fe3 420.116 1.34793
12 Fe3 430.116 1.345
12 Fe3 440.117 1.34165
12 Fe3 450.117 1.33906
12 Fe3 460.117 1.33815
12 Fe3 470.118 1.33539
12 Fe3 480.118 1.33136
12 Fe3 490.119 1.32869
T= 490.119 Sum_i(J(m_i, T))
   
13 Fe4 0.100004 1.41594
13 Fe4 10.1004 1.41345
13 Fe4 20.1008 1.41125
13 Fe4 30.1011 1.40909
13 Fe4 40.1015 1.40682
13 Fe4 50.1019 1.4043
13 Fe4 60.1023 1.40178
13 Fe4 70.1027 1.399
13 Fe4 80.103 1.39715
13 Fe4 90.1034 1.39394
13 Fe4 100.104 1.39164
13 Fe4 110.104 1.38868
13 Fe4 120.105 1.38563
13 Fe4 130.105 1.3829
13 Fe4 140.105 1.3804
13 Fe4 150.106 1.37729
13 Fe4 160.106 1.37452
13 Fe4 170.106 1.37137
13 Fe4 180.107 1.36874
13 Fe4 190.107 1.36565
13 Fe4 200.108 1.3629
13 Fe4 210.108 1.35944
13 Fe4 220.108 1.35576
13 Fe4 230.109 1.35285
13 Fe4 240.109 1.34842
13 Fe4 250.109 1.34565
13 Fe4 260.11 1.34374
13 Fe4 270.11 1.33859
13 Fe4 280.111 1.33521
13 Fe4 290.111 1.33312
13 Fe4 300.111 1.33022
13 Fe4 310.112 1.32518
13 Fe4 320.112 1.32348
13 Fe4 330.113 1.32095
13 Fe4 340.113 1.31632
13 Fe4 350.113 1.31421
13 Fe4 360.114 1.30997
13 Fe4 370.114 1.30743
13 Fe4 380.114 1.30352
13 Fe4 390.115 1.30099
13 Fe4 400.115 1.29509
13 Fe4 410.116 1.29504
13 Fe4 420.116 1.29064
13 Fe4 430.116 1.28802
13 Fe4 440.117 1.28524
13 Fe4 450.117 1.28138
13 Fe4 460.117 1.27932
13 Fe4 470.118 1.27746
13 Fe4 480.118 1.2742
13 Fe4 490.119 1.27175
T= 490.119 Sum_i(J(m_i, T))
   
14 Fe5 0.100004 1.27742
14 Fe5 10.1004 1.27423
14 Fe5 20.1008 1.27116
14 Fe5 30.1011 1.26852
14 Fe5 40.1015 1.26464
14 Fe5 50.1019 1.26153
14 Fe5 60.1023 1.258
14 Fe5 70.1027 1.25478
14 Fe5 80.103 1.25129
14 Fe5 90.1034 1.2473
14 Fe5 100.104 1.24334
14 Fe5 110.104 1.23985
14 Fe5 120.105 1.23547
14 Fe5 130.105 1.23182
14 Fe5 140.105 1.22825
14 Fe5 150.106 1.22309
14 Fe5 160.106 1.21882
14 Fe5 170.106 1.21396
14 Fe5 180.107 1.21
14 Fe5 190.107 1.20491
14 Fe5 200.108 1.20117
14 Fe5 210.108 1.19565
14 Fe5 220.108 1.19138
14 Fe5 230.109 1.18689
14 Fe5 240.109 1.18108
14 Fe5 250.109 1.17854
14 Fe5 260.11 1.17501
14 Fe5 270.11 1.16986
14 Fe5 280.111 1.16586
14 Fe5 290.111 1.16248
14 Fe5 300.111 1.15888
14 Fe5 310.112 1.15444
14 Fe5 320.112 1.1507
14 Fe5 330.113 1.14612
14 Fe5 340.113 1.14282
14 Fe5 350.113 1.14072
14 Fe5 360.114 1.13638
14 Fe5 370.114 1.13369
14 Fe5 380.114 1.13121
14 Fe5 390.115 1.12704
14 Fe5 400.115 1.12422
14 Fe5 410.116 1.1212
14 Fe5 420.116 1.11949
14 Fe5 430.116 1.11648
14 Fe5 440.117 1.11415
14 Fe5 450.117 1.11456
14 Fe5 460.117 1.11077
14 Fe5 470.118 1.10727
14 Fe5 480.118 1.10394
14 Fe5 490.119 1.10416
T= 490.119 Sum_i(J(m_i, T))
   
15 Fe6 0.100004 1.19245
15 Fe6 10.1004 1.18621
15 Fe6 20.1008 1.17989
15 Fe6 30.1011 1.17344
15 Fe6 40.1015 1.16602
15 Fe6 50.1019 1.15817
15 Fe6 60.1023 1.14985
15 Fe6 70.1027 1.14032
15 Fe6 80.103 1.12948
15 Fe6 90.1034 1.12118
15 Fe6 100.104 1.1097
15 Fe6 110.104 1.10046
15 Fe6 120.105 1.09121
15 Fe6 130.105 1.08081
15 Fe6 140.105 1.07171
15 Fe6 150.106 1.06291
15 Fe6 160.106 1.05535
15 Fe6 170.106 1.04971
15 Fe6 180.107 1.0421
15 Fe6 190.107 1.03496
15 Fe6 200.108 1.02734
15 Fe6 210.108 1.02066
15 Fe6 220.108 1.01735
15 Fe6 230.109 1.01228
15 Fe6 240.109 1.00685
15 Fe6 250.109 1.00443
15 Fe6 260.11 0.999218
15 Fe6 270.11 0.995221
15 Fe6 280.111 0.993255
15 Fe6 290.111 0.98901
15 Fe6 300.111 0.984806
15 Fe6 310.112 0.982696
15 Fe6 320.112 0.980213
15 Fe6 330.113 0.977369
15 Fe6 340.113 0.974199
15 Fe6 350.113 0.974116
15 Fe6 360.114 0.97134
15 Fe6 370.114 0.968559
15 Fe6 380.114 0.968454
15 Fe6 390.115 0.967793
15 Fe6 400.115 0.96698
15 Fe6 410.116 0.963901
15 Fe6 420.116 0.96434
15 Fe6 430.116 0.962696
15 Fe6 440.117 0.96259
15 Fe6 450.117 0.961464
15 Fe6 460.117 0.958018
15 Fe6 470.118 0.959452
15 Fe6 480.118 0.959726
15 Fe6 490.119 0.956171
T= 490.119 Sum_i(J(m_i, T))
   
16 Fe7 0.100004 1.00721
16 Fe7 10.1004 1.0024
16 Fe7 20.1008 0.997469
16 Fe7 30.1011 0.992053
16 Fe7 40.1015 0.986756
16 Fe7 50.1019 0.982121
16 Fe7 60.1023 0.977094
16 Fe7 70.1027 0.971918
16 Fe7 80.103 0.966443
16 Fe7 90.1034 0.960243
16 Fe7 100.104 0.955598
16 Fe7 110.104 0.950904
16 Fe7 120.105 0.946938
16 Fe7 130.105 0.942185
16 Fe7 140.105 0.937651
16 Fe7 150.106 0.932932
16 Fe7 160.106 0.930741
16 Fe7 170.106 0.924525
16 Fe7 180.107 0.922348
16 Fe7 190.107 0.919484
16 Fe7 200.108 0.91406
16 Fe7 210.108 0.913392
16 Fe7 220.108 0.909228
16 Fe7 230.109 0.906224
16 Fe7 240.109 0.90458
16 Fe7 250.109 0.900695
16 Fe7 260.11 0.899583
16 Fe7 270.11 0.898239
16 Fe7 280.111 0.89703
16 Fe7 290.111 0.894312
16 Fe7 300.111 0.892859
16 Fe7 310.112 0.890824
16 Fe7 320.112 0.889239
16 Fe7 330.113 0.888358
16 Fe7 340.113 0.886972
16 Fe7 350.113 0.884391
16 Fe7 360.114 0.884519
16 Fe7 370.114 0.88554
16 Fe7 380.114 0.882447
16 Fe7 390.115 0.882215
16 Fe7 400.115 0.88117
16 Fe7 410.116 0.880567
16 Fe7 420.116 0.879812
16 Fe7 430.116 0.879881
16 Fe7 440.117 0.879763
16 Fe7 450.117 0.87848
16 Fe7 460.117 0.87889
16 Fe7 470.118 0.877879
16 Fe7 480.118 0.877343
16 Fe7 490.119 0.87888
T= 490.119 Sum_i(J(m_i, T))
   
17 Fe8 0.100004 1.22044
17 Fe8 10.1004 1.21616
17 Fe8 20.1008 1.21179
17 Fe8 30.1011 1.20682
17 Fe8 40.1015 1.20277
17 Fe8 50.1019 1.19775
17 Fe8 60.1023 1.19388
17 Fe8 70.1027 1.18832
17 Fe8 80.103 1.18368
17 Fe8 90.1034 1.17815
17 Fe8 100.104 1.17253
17 Fe8 110.104 1.1667
17 Fe8 120.105 1.16248
17 Fe8 130.105 1.15782
17 Fe8 140.105 1.15205
17 Fe8 150.106 1.14775
17 Fe8 160.106 1.14162
17 Fe8 170.106 1.13665
17 Fe8 180.107 1.1304
17 Fe8 190.107 1.1254
17 Fe8 200.108 1.12095
17 Fe8 210.108 1.11689
17 Fe8 220.108 1.11153
17 Fe8 230.109 1.10811
17 Fe8 240.109 1.10358
17 Fe8 250.109 1.09873
17 Fe8 260.11 1.0965
17 Fe8 270.11 1.09241
17 Fe8 280.111 1.08908
17 Fe8 290.111 1.08389
17 Fe8 300.111 1.0814
17 Fe8 310.112 1.07742
17 Fe8 320.112 1.07552
17 Fe8 330.113 1.07121
17 Fe8 340.113 1.07022
17 Fe8 350.113 1.06539
17 Fe8 360.114 1.06305
17 Fe8 370.114 1.06018
17 Fe8 380.114 1.06014
17 Fe8 390.115 1.05494
17 Fe8 400.115 1.05455
17 Fe8 410.116 1.05221
17 Fe8 420.116 1.05027
17 Fe8 430.116 1.04613
17 Fe8 440.117 1.04613
17 Fe8 450.117 1.04503
17 Fe8 460.117 1.04274
17 Fe8 470.118 1.0415
17 Fe8 480.118 1.04038
17 Fe8 490.119 1.03722
T= 490.119 Sum_i(J(m_i, T))
   
18 Fe9 0.100004 1.31855
18 Fe9 10.1004 1.31539
18 Fe9 20.1008 1.31253
18 Fe9 30.1011 1.30914
18 Fe9 40.1015 1.30602
18 Fe9 50.1019 1.30216
18 Fe9 60.1023 1.29949
18 Fe9 70.1027 1.29555
18 Fe9 80.103 1.29175
18 Fe9 90.1034 1.28851
18 Fe9 100.104 1.28475
18 Fe9 110.104 1.28067
18 Fe9 120.105 1.27624
18 Fe9 130.105 1.27332
18 Fe9 140.105 1.26928
18 Fe9 150.106 1.26541
18 Fe9 160.106 1.26094
18 Fe9 170.106 1.25636
18 Fe9 180.107 1.25233
18 Fe9 190.107 1.24779
18 Fe9 200.108 1.24275
18 Fe9 210.108 1.23747
18 Fe9 220.108 1.23434
18 Fe9 230.109 1.23059
18 Fe9 240.109 1.22752
18 Fe9 250.109 1.22299
18 Fe9 260.11 1.21819
18 Fe9 270.11 1.2134
18 Fe9 280.111 1.21098
18 Fe9 290.111 1.20502
18 Fe9 300.111 1.2028
18 Fe9 310.112 1.19799
18 Fe9 320.112 1.19549
18 Fe9 330.113 1.1906
18 Fe9 340.113 1.18851
18 Fe9 350.113 1.18546
18 Fe9 360.114 1.18122
18 Fe9 370.114 1.17752
18 Fe9 380.114 1.17529
18 Fe9 390.115 1.17253
18 Fe9 400.115 1.16978
18 Fe9 410.116 1.16514
18 Fe9 420.116 1.16313
18 Fe9 430.116 1.16119
18 Fe9 440.117 1.15699
18 Fe9 450.117 1.15591
18 Fe9 460.117 1.15416
18 Fe9 470.118 1.15115
18 Fe9 480.118 1.14758
18 Fe9 490.119 1.14576
T= 490.119 Sum_i(J(m_i, T))
   
19 Fe10 0.100004 0.959429
19 Fe10 10.1004 0.951819
19 Fe10 20.1008 0.944541
19 Fe10 30.1011 0.936648
19 Fe10 40.1015 0.929468
19 Fe10 50.1019 0.92227
19 Fe10 60.1023 0.915694
19 Fe10 70.1027 0.90829
19 Fe10 80.103 0.902641
19 Fe10 90.1034 0.896749
19 Fe10 100.104 0.890426
19 Fe10 110.104 0.885399
19 Fe10 120.105 0.880655
19 Fe10 130.105 0.875525
19 Fe10 140.105 0.871261
19 Fe10 150.106 0.868865
19 Fe10 160.106 0.863342
19 Fe10 170.106 0.860516
19 Fe10 180.107 0.857726
19 Fe10 190.107 0.855543
19 Fe10 200.108 0.854962
19 Fe10 210.108 0.850591
19 Fe10 220.108 0.848488
19 Fe10 230.109 0.848437
19 Fe10 240.109 0.845616
19 Fe10 250.109 0.843408
19 Fe10 260.11 0.842547
19 Fe10 270.11 0.841977
19 Fe10 280.111 0.841007
19 Fe10 290.111 0.84075
19 Fe10 300.111 0.839971
19 Fe10 310.112 0.839717
19 Fe10 320.112 0.837085
19 Fe10 330.113 0.838196
19 Fe10 340.113 0.837739
19 Fe10 350.113 0.838356
19 Fe10 360.114 0.836882
19 Fe10 370.114 0.835835
19 Fe10 380.114 0.837132
19 Fe10 390.115 0.836498
19 Fe10 400.115 0.837766
19 Fe10 410.116 0.835805
19 Fe10 420.116 0.838087
19 Fe10 430.116 0.839623
19 Fe10 440.117 0.839931
19 Fe10 450.117 0.838178
19 Fe10 460.117 0.838732
19 Fe10 470.118 0.839115
19 Fe10 480.118 0.839919
19 Fe10 490.119 0.840792
T= 490.119 Sum_i(J(m_i, T))
   
20 Fe11 0.100004 0.420319
20 Fe11 10.1004 0.414753
20 Fe11 20.1008 0.410047
20 Fe11 30.1011 0.408228
20 Fe11 40.1015 0.408012
20 Fe11 50.1019 0.410669
20 Fe11 60.1023 0.412877
20 Fe11 70.1027 0.416968
20 Fe11 80.103 0.420459
20 Fe11 90.1034 0.42576
20 Fe11 100.104 0.429557
20 Fe11 110.104 0.434551
20 Fe11 120.105 0.439751
20 Fe11 130.105 0.443354
20 Fe11 140.105 0.44701
20 Fe11 150.106 0.452603
20 Fe11 160.106 0.457585
20 Fe11 170.106 0.461519
20 Fe11 180.107 0.465944
20 Fe11 190.107 0.470462
20 Fe11 200.108 0.474128
20 Fe11 210.108 0.477931
20 Fe11 220.108 0.481074
20 Fe11 230.109 0.486446
20 Fe11 240.109 0.490992
20 Fe11 250.109 0.49417
20 Fe11 260.11 0.498114
20 Fe11 270.11 0.500957
20 Fe11 280.111 0.506157
20 Fe11 290.111 0.508946
20 Fe11 300.111 0.510263
20 Fe11 310.112 0.515198
20 Fe11 320.112 0.518993
20 Fe11 330.113 0.522242
20 Fe11 340.113 0.524713
20 Fe11 350.113 0.527758
20 Fe11 360.114 0.531364
20 Fe11 370.114 0.534453
20 Fe11 380.114 0.53736
20 Fe11 390.115 0.54054
20 Fe11 400.115 0.541493
20 Fe11 410.116 0.546366
20 Fe11 420.116 0.550857
20 Fe11 430.116 0.552069
20 Fe11 440.117 0.553351
20 Fe11 450.117 0.55662
20 Fe11 460.117 0.560903
20 Fe11 470.118 0.562774
20 Fe11 480.118 0.56549
20 Fe11 490.119 0.568252
T= 490.119 Sum_i(J(m_i, T))
   
21 Fe12 0.100004 0.91499
21 Fe12 10.1004 0.911649
21 Fe12 20.1008 0.908345
21 Fe12 30.1011 0.904832
21 Fe12 40.1015 0.901355
21 Fe12 50.1019 0.898063
21 Fe12 60.1023 0.895046
21 Fe12 70.1027 0.891117
21 Fe12 80.103 0.888159
21 Fe12 90.1034 0.884573
21 Fe12 100.104 0.881315
21 Fe12 110.104 0.877504
21 Fe12 120.105 0.874284
21 Fe12 130.105 0.871421
21 Fe12 140.105 0.868884
21 Fe12 150.106 0.865321
21 Fe12 160.106 0.863024
21 Fe12 170.106 0.860505
21 Fe12 180.107 0.857298
21 Fe12 190.107 0.854309
21 Fe12 200.108 0.852226
21 Fe12 210.108 0.850022
21 Fe12 220.108 0.848283
21 Fe12 230.109 0.846723
21 Fe12 240.109 0.845363
21 Fe12 250.109 0.841641
21 Fe12 260.11 0.841752
21 Fe12 270.11 0.838667
21 Fe12 280.111 0.837759
21 Fe12 290.111 0.836788
21 Fe12 300.111 0.835285
21 Fe12 310.112 0.833101
21 Fe12 320.112 0.832157
21 Fe12 330.113 0.831803
21 Fe12 340.113 0.831046
21 Fe12 350.113 0.82994
21 Fe12 360.114 0.830243
21 Fe12 370.114 0.829424
21 Fe12 380.114 0.828361
21 Fe12 390.115 0.828713
21 Fe12 400.115 0.827934
21 Fe12 410.116 0.827264
21 Fe12 420.116 0.826105
21 Fe12 430.116 0.82694
21 Fe12 440.117 0.826426
21 Fe12 450.117 0.825214
21 Fe12 460.117 0.827036
21 Fe12 470.118 0.824603
21 Fe12 480.118 0.825878
21 Fe12 490.119 0.825877
T= 490.119 Sum_i(J(m_i, T))
   
22 Fe13 0.100004 1.1808
22 Fe13 10.1004 1.17781
22 Fe13 20.1008 1.17502
22 Fe13 30.1011 1.17185
22 Fe13 40.1015 1.16907
22 Fe13 50.1019 1.16621
22 Fe13 60.1023 1.16303
22 Fe13 70.1027 1.16015
22 Fe13 80.103 1.15662
22 Fe13 90.1034 1.15312
22 Fe13 100.104 1.14974
22 Fe13 110.104 1.14751
22 Fe13 120.105 1.14301
22 Fe13 130.105 1.13963
22 Fe13 140.105 1.13627
22 Fe13 150.106 1.13231
22 Fe13 160.106 1.12838
22 Fe13 170.106 1.12578
22 Fe13 180.107 1.12199
22 Fe13 190.107 1.11783
22 Fe13 200.108 1.11395
22 Fe13 210.108 1.11037
22 Fe13 220.108 1.10604
22 Fe13 230.109 1.10216
22 Fe13 240.109 1.0999
22 Fe13 250.109 1.09624
22 Fe13 260.11 1.09286
22 Fe13 270.11 1.09028
22 Fe13 280.111 1.08638
22 Fe13 290.111 1.08324
22 Fe13 300.111 1.08136
22 Fe13 310.112 1.07738
22 Fe13 320.112 1.07528
22 Fe13 330.113 1.07239
22 Fe13 340.113 1.06856
22 Fe13 350.113 1.06727
22 Fe13 360.114 1.06348
22 Fe13 370.114 1.06099
22 Fe13 380.114 1.05971
22 Fe13 390.115 1.05486
22 Fe13 400.115 1.05387
22 Fe13 410.116 1.05409
22 Fe13 420.116 1.04914
22 Fe13 430.116 1.04925
22 Fe13 440.117 1.04566
22 Fe13 450.117 1.04266
22 Fe13 460.117 1.04219
22 Fe13 470.118 1.04146
22 Fe13 480.118 1.03948
22 Fe13 490.119 1.03678
T= 490.119 Sum_i(J(m_i, T))
   
23 Fe14 0.100004 1.02052
23 Fe14 10.1004 1.00769
23 Fe14 20.1008 0.990705
23 Fe14 30.1011 0.971511
23 Fe14 40.1015 0.947496
23 Fe14 50.1019 0.926552
23 Fe14 60.1023 0.904779
23 Fe14 70.1027 0.886271
23 Fe14 80.103 0.87277
23 Fe14 90.1034 0.860169
23 Fe14 100.104 0.849294
23 Fe14 110.104 0.841681
23 Fe14 120.105 0.834742
23 Fe14 130.105 0.828305
23 Fe14 140.105 0.822545
23 Fe14 150.106 0.818462
23 Fe14 160.106 0.815354
23 Fe14 170.106 0.812981
23 Fe14 180.107 0.810736
23 Fe14 190.107 0.808689
23 Fe14 200.108 0.807831
23 Fe14 210.108 0.807574
23 Fe14 220.108 0.804556
23 Fe14 230.109 0.803618
23 Fe14 240.109 0.806835
23 Fe14 250.109 0.8043
23 Fe14 260.11 0.805099
23 Fe14 270.11 0.803905
23 Fe14 280.111 0.804989
23 Fe14 290.111 0.805149
23 Fe14 300.111 0.804402
23 Fe14 310.112 0.807906
23 Fe14 320.112 0.80596
23 Fe14 330.113 0.805883
23 Fe14 340.113 0.806781
23 Fe14 350.113 0.809108
23 Fe14 360.114 0.809129
23 Fe14 370.114 0.810011
23 Fe14 380.114 0.812315
23 Fe14 390.115 0.812172
23 Fe14 400.115 0.812721
23 Fe14 410.116 0.813293
23 Fe14 420.116 0.815224
23 Fe14 430.116 0.815745
23 Fe14 440.117 0.815574
23 Fe14 450.117 0.815211
23 Fe14 460.117 0.816998
23 Fe14 470.118 0.819346
23 Fe14 480.118 0.819698
23 Fe14 490.119 0.821045
T= 490.119 Sum_i(J(m_i, T))
   
24 Fe15 0.100004 0.683605
24 Fe15 10.1004 0.677531
24 Fe15 20.1008 0.672266
24 Fe15 30.1011 0.666903
24 Fe15 40.1015 0.662866
24 Fe15 50.1019 0.658928
24 Fe15 60.1023 0.655419
24 Fe15 70.1027 0.652823
24 Fe15 80.103 0.651524
24 Fe15 90.1034 0.648791
24 Fe15 100.104 0.648937
24 Fe15 110.104 0.646682
24 Fe15 120.105 0.647433
24 Fe15 130.105 0.64697
24 Fe15 140.105 0.64795
24 Fe15 150.106 0.648923
24 Fe15 160.106 0.649697
24 Fe15 170.106 0.648962
24 Fe15 180.107 0.651272
24 Fe15 190.107 0.652774
24 Fe15 200.108 0.653097
24 Fe15 210.108 0.654583
24 Fe15 220.108 0.656322
24 Fe15 230.109 0.657426
24 Fe15 240.109 0.660089
24 Fe15 250.109 0.662266
24 Fe15 260.11 0.664415
24 Fe15 270.11 0.665342
24 Fe15 280.111 0.667855
24 Fe15 290.111 0.670258
24 Fe15 300.111 0.672212
24 Fe15 310.112 0.67202
24 Fe15 320.112 0.675182
24 Fe15 330.113 0.677514
24 Fe15 340.113 0.678548
24 Fe15 350.113 0.680908
24 Fe15 360.114 0.682227
24 Fe15 370.114 0.684259
24 Fe15 380.114 0.685671
24 Fe15 390.115 0.688516
24 Fe15 400.115 0.687713
24 Fe15 410.116 0.689757
24 Fe15 420.116 0.693217
24 Fe15 430.116 0.695538
24 Fe15 440.117 0.696908
24 Fe15 450.117 0.699049
24 Fe15 460.117 0.700561
24 Fe15 470.118 0.701316
24 Fe15 480.118 0.70349
24 Fe15 490.119 0.705742
T= 490.119 Sum_i(J(m_i, T))
   
25 Fe16 0.100004 0.814821
25 Fe16 10.1004 0.81515
25 Fe16 20.1008 0.815818
25 Fe16 30.1011 0.815885
25 Fe16 40.1015 0.816136
25 Fe16 50.1019 0.817103
25 Fe16 60.1023 0.816327
25 Fe16 70.1027 0.816777
25 Fe16 80.103 0.816839
25 Fe16 90.1034 0.817304
25 Fe16 100.104 0.81682
25 Fe16 110.104 0.816949
25 Fe16 120.105 0.817917
25 Fe16 130.105 0.816856
25 Fe16 140.105 0.817095
25 Fe16 150.106 0.818437
25 Fe16 160.106 0.81701
25 Fe16 170.106 0.817406
25 Fe16 180.107 0.818423
25 Fe16 190.107 0.818508
25 Fe16 200.108 0.818816
25 Fe16 210.108 0.818852
25 Fe16 220.108 0.820349
25 Fe16 230.109 0.820198
25 Fe16 240.109 0.820509
25 Fe16 250.109 0.821699
25 Fe16 260.11 0.820735
25 Fe16 270.11 0.821365
25 Fe16 280.111 0.822264
25 Fe16 290.111 0.822925
25 Fe16 300.111 0.822611
25 Fe16 310.112 0.824472
25 Fe16 320.112 0.823109
25 Fe16 330.113 0.825694
25 Fe16 340.113 0.823314
25 Fe16 350.113 0.82566
25 Fe16 360.114 0.826351
25 Fe16 370.114 0.826256
25 Fe16 380.114 0.827582
25 Fe16 390.115 0.828102
25 Fe16 400.115 0.830187
25 Fe16 410.116 0.82903
25 Fe16 420.116 0.830009
25 Fe16 430.116 0.830662
25 Fe16 440.117 0.830001
25 Fe16 450.117 0.83146
25 Fe16 460.117 0.832118
25 Fe16 470.118 0.833872
25 Fe16 480.118 0.834492
25 Fe16 490.119 0.835694
T= 490.119 Sum_i(J(m_i, T))
   
26 Fe17 0.100004 1.10696
26 Fe17 10.1004 1.10294
26 Fe17 20.1008 1.09835
26 Fe17 30.1011 1.09454
26 Fe17 40.1015 1.09048
26 Fe17 50.1019 1.086
26 Fe17 60.1023 1.08149
26 Fe17 70.1027 1.07674
26 Fe17 80.103 1.0732
26 Fe17 90.1034 1.06747
26 Fe17 100.104 1.06444
26 Fe17 110.104 1.05983
26 Fe17 120.105 1.05417
26 Fe17 130.105 1.04991
26 Fe17 140.105 1.04556
26 Fe17 150.106 1.04156
26 Fe17 160.106 1.03646
26 Fe17 170.106 1.03263
26 Fe17 180.107 1.02876
26 Fe17 190.107 1.02481
26 Fe17 200.108 1.02011
26 Fe17 210.108 1.01685
26 Fe17 220.108 1.01273
26 Fe17 230.109 1.00885
26 Fe17 240.109 1.00617
26 Fe17 250.109 1.00394
26 Fe17 260.11 0.999897
26 Fe17 270.11 0.997274
26 Fe17 280.111 0.993812
26 Fe17 290.111 0.990985
26 Fe17 300.111 0.98796
26 Fe17 310.112 0.986516
26 Fe17 320.112 0.984717
26 Fe17 330.113 0.98098
26 Fe17 340.113 0.979235
26 Fe17 350.113 0.977885
26 Fe17 360.114 0.975621
26 Fe17 370.114 0.974443
26 Fe17 380.114 0.97341
26 Fe17 390.115 0.971958
26 Fe17 400.115 0.970006
26 Fe17 410.116 0.968131
26 Fe17 420.116 0.966105
26 Fe17 430.116 0.965077
26 Fe17 440.117 0.963278
26 Fe17 450.117 0.961862
26 Fe17 460.117 0.960835
26 Fe17 470.118 0.962022
26 Fe17 480.118 0.959922
26 Fe17 490.119 0.959502
T= 490.119 Sum_i(J(m_i, T))
   
27 Fe18 0.100004 0.899902
27 Fe18 10.1004 0.891301
27 Fe18 20.1008 0.881693
27 Fe18 30.1011 0.871256
27 Fe18 40.1015 0.860853
27 Fe18 50.1019 0.849075
27 Fe18 60.1023 0.839032
27 Fe18 70.1027 0.828855
27 Fe18 80.103 0.817804
27 Fe18 90.1034 0.810963
27 Fe18 100.104 0.802909
27 Fe18 110.104 0.796188
27 Fe18 120.105 0.789837
27 Fe18 130.105 0.785341
27 Fe18 140.105 0.779978
27 Fe18 150.106 0.777733
27 Fe18 160.106 0.774694
27 Fe18 170.106 0.771904
27 Fe18 180.107 0.769599
27 Fe18 190.107 0.766677
27 Fe18 200.108 0.765343
27 Fe18 210.108 0.76362
27 Fe18 220.108 0.762811
27 Fe18 230.109 0.761121
27 Fe18 240.109 0.761069
27 Fe18 250.109 0.760012
27 Fe18 260.11 0.760945
27 Fe18 270.11 0.760206
27 Fe18 280.111 0.759178
27 Fe18 290.111 0.759886
27 Fe18 300.111 0.762784
27 Fe18 310.112 0.758638
27 Fe18 320.112 0.762592
27 Fe18 330.113 0.761157
27 Fe18 340.113 0.761797
27 Fe18 350.113 0.763304
27 Fe18 360.114 0.761394
27 Fe18 370.114 0.76285
27 Fe18 380.114 0.763525
27 Fe18 390.115 0.763413
27 Fe18 400.115 0.76688
27 Fe18 410.116 0.766915
27 Fe18 420.116 0.768356
27 Fe18 430.116 0.766971
27 Fe18 440.117 0.769491
27 Fe18 450.117 0.771403
27 Fe18 460.117 0.771206
27 Fe18 470.118 0.770721
27 Fe18 480.118 0.7729
27 Fe18 490.119 0.772587
T= 490.119 Sum_i(J(m_i, T))
   
28 Fe19 0.100004 1.43651
28 Fe19 10.1004 1.43459
28 Fe19 20.1008 1.43284
28 Fe19 30.1011 1.43079
28 Fe19 40.1015 1.42856
28 Fe19 50.1019 1.42666
28 Fe19 60.1023 1.42462
28 Fe19 70.1027 1.42278
28 Fe19 80.103 1.42093
28 Fe19 90.1034 1.41843
28 Fe19 100.104 1.41703
28 Fe19 110.104 1.41459
28 Fe19 120.105 1.41246
28 Fe19 130.105 1.41118
28 Fe19 140.105 1.40745
28 Fe19 150.106 1.4051
28 Fe19 160.106 1.40336
28 Fe19 170.106 1.40093
28 Fe19 180.107 1.39885
28 Fe19 190.107 1.39626
28 Fe19 200.108 1.39299
28 Fe19 210.108 1.3906
28 Fe19 220.108 1.38909
28 Fe19 230.109 1.38646
28 Fe19 240.109 1.38367
28 Fe19 250.109 1.3806
28 Fe19 260.11 1.37728
28 Fe19 270.11 1.37572
28 Fe19 280.111 1.3714
28 Fe19 290.111 1.36916
28 Fe19 300.111 1.36608
28 Fe19 310.112 1.36464
28 Fe19 320.112 1.35967
28 Fe19 330.113 1.35816
28 Fe19 340.113 1.35602
28 Fe19 350.113 1.35272
28 Fe19 360.114 1.34969
28 Fe19 370.114 1.34646
28 Fe19 380.114 1.34295
28 Fe19 390.115 1.34107
28 Fe19 400.115 1.33782
28 Fe19 410.116 1.33401
28 Fe19 420.116 1.33201
28 Fe19 430.116 1.32943
28 Fe19 440.117 1.32571
28 Fe19 450.117 1.32336
28 Fe19 460.117 1.32001
28 Fe19 470.118 1.31712
28 Fe19 480.118 1.31586
28 Fe19 490.119 1.31148
T= 490.119 Sum_i(J(m_i, T))
   
29 Fe20 0.100004 1.02609
29 Fe20 10.1004 1.02041
29 Fe20 20.1008 1.01472
29 Fe20 30.1011 1.00922
29 Fe20 40.1015 1.00308
29 Fe20 50.1019 0.997242
29 Fe20 60.1023 0.990969
29 Fe20 70.1027 0.98477
29 Fe20 80.103 0.978288
29 Fe20 90.1034 0.972302
29 Fe20 100.104 0.96485
29 Fe20 110.104 0.95976
29 Fe20 120.105 0.953342
29 Fe20 130.105 0.94779
29 Fe20 140.105 0.942994
29 Fe20 150.106 0.937425
29 Fe20 160.106 0.933454
29 Fe20 170.106 0.927672
29 Fe20 180.107 0.923962
29 Fe20 190.107 0.920838
29 Fe20 200.108 0.914977
29 Fe20 210.108 0.911669
29 Fe20 220.108 0.908832
29 Fe20 230.109 0.905048
29 Fe20 240.109 0.903935
29 Fe20 250.109 0.901753
29 Fe20 260.11 0.900387
29 Fe20 270.11 0.897353
29 Fe20 280.111 0.894351
29 Fe20 290.111 0.892191
29 Fe20 300.111 0.890353
29 Fe20 310.112 0.888358
29 Fe20 320.112 0.888227
29 Fe20 330.113 0.886358
29 Fe20 340.113 0.885694
29 Fe20 350.113 0.884862
29 Fe20 360.114 0.88357
29 Fe20 370.114 0.882355
29 Fe20 380.114 0.882116
29 Fe20 390.115 0.882216
29 Fe20 400.115 0.879265
29 Fe20 410.116 0.878456
29 Fe20 420.116 0.879039
29 Fe20 430.116 0.879425
29 Fe20 440.117 0.879427
29 Fe20 450.117 0.878793
29 Fe20 460.117 0.879744
29 Fe20 470.118 0.878901
29 Fe20 480.118 0.879426
29 Fe20 490.119 0.879243
T= 490.119 Sum_i(J(m_i, T))
   
30 Fe21 0.100004 0.550575
30 Fe21 10.1004 0.549419
30 Fe21 20.1008 0.548666
30 Fe21 30.1011 0.547476
30 Fe21 40.1015 0.546707
30 Fe21 50.1019 0.545567
30 Fe21 60.1023 0.545562
30 Fe21 70.1027 0.546542
30 Fe21 80.103 0.544822
30 Fe21 90.1034 0.546421
30 Fe21 100.104 0.547979
30 Fe21 110.104 0.548545
30 Fe21 120.105 0.550185
30 Fe21 130.105 0.551426
30 Fe21 140.105 0.553645
30 Fe21 150.106 0.555344
30 Fe21 160.106 0.556035
30 Fe21 170.106 0.559224
30 Fe21 180.107 0.561069
30 Fe21 190.107 0.563838
30 Fe21 200.108 0.565901
30 Fe21 210.108 0.56813
30 Fe21 220.108 0.570719
30 Fe21 230.109 0.572733
30 Fe21 240.109 0.574688
30 Fe21 250.109 0.577519
30 Fe21 260.11 0.579604
30 Fe21 270.11 0.581575
30 Fe21 280.111 0.584829
30 Fe21 290.111 0.586569
30 Fe21 300.111 0.58972
30 Fe21 310.112 0.590269
30 Fe21 320.112 0.593093
30 Fe21 330.113 0.596257
30 Fe21 340.113 0.599055
30 Fe21 350.113 0.599889
30 Fe21 360.114 0.60251
30 Fe21 370.114 0.603891
30 Fe21 380.114 0.606851
30 Fe21 390.115 0.60916
30 Fe21 400.115 0.6119
30 Fe21 410.116 0.61406
30 Fe21 420.116 0.616308
30 Fe21 430.116 0.617698
30 Fe21 440.117 0.62019
30 Fe21 450.117 0.623257
30 Fe21 460.117 0.623933
30 Fe21 470.118 0.626091
30 Fe21 480.118 0.628732
30 Fe21 490.119 0.630221
T= 490.119 Sum_i(J(m_i, T))
   
31 Fe22 0.100004 1.24168
31 Fe22 10.1004 1.23762
31 Fe22 20.1008 1.23366
31 Fe22 30.1011 1.22972
31 Fe22 40.1015 1.22538
31 Fe22 50.1019 1.22094
31 Fe22 60.1023 1.21658
31 Fe22 70.1027 1.21193
31 Fe22 80.103 1.207
31 Fe22 90.1034 1.20214
31 Fe22 100.104 1.19753
31 Fe22 110.104 1.19122
31 Fe22 120.105 1.18683
31 Fe22 130.105 1.18138
31 Fe22 140.105 1.17493
31 Fe22 150.106 1.16972
31 Fe22 160.106 1.16416
31 Fe22 170.106 1.15821
31 Fe22 180.107 1.15362
31 Fe22 190.107 1.14574
31 Fe22 200.108 1.14207
31 Fe22 210.108 1.13583
31 Fe22 220.108 1.13093
31 Fe22 230.109 1.12719
31 Fe22 240.109 1.12167
31 Fe22 250.109 1.11671
31 Fe22 260.11 1.11358
31 Fe22 270.11 1.10835
31 Fe22 280.111 1.10473
31 Fe22 290.111 1.10067
31 Fe22 300.111 1.0975
31 Fe22 310.112 1.09165
31 Fe22 320.112 1.08919
31 Fe22 330.113 1.08769
31 Fe22 340.113 1.08413
31 Fe22 350.113 1.07966
31 Fe22 360.114 1.07725
31 Fe22 370.114 1.07317
31 Fe22 380.114 1.07164
31 Fe22 390.115 1.06981
31 Fe22 400.115 1.06753
31 Fe22 410.116 1.06521
31 Fe22 420.116 1.06287
31 Fe22 430.116 1.06011
31 Fe22 440.117 1.05679
31 Fe22 450.117 1.05643
31 Fe22 460.117 1.05369
31 Fe22 470.118 1.05229
31 Fe22 480.118 1.04969
31 Fe22 490.119 1.04866
T= 490.119 Sum_i(J(m_i, T))
   
32 Fe23 0.100004 1.49473
32 Fe23 10.1004 1.4928
32 Fe23 20.1008 1.49096
32 Fe23 30.1011 1.48906
32 Fe23 40.1015 1.48676
32 Fe23 50.1019 1.4849
32 Fe23 60.1023 1.48276
32 Fe23 70.1027 1.48063
32 Fe23 80.103 1.47894
32 Fe23 90.1034 1.47696
32 Fe23 100.104 1.47459
32 Fe23 110.104 1.47214
32 Fe23 120.105 1.4701
32 Fe23 130.105 1.46791
32 Fe23 140.105 1.46495
32 Fe23 150.106 1.4637
32 Fe23 160.106 1.46003
32 Fe23 170.106 1.45911
32 Fe23 180.107 1.45642
32 Fe23 190.107 1.45289
32 Fe23 200.108 1.45072
32 Fe23 210.108 1.44749
32 Fe23 220.108 1.44558
32 Fe23 230.109 1.44254
32 Fe23 240.109 1.43907
32 Fe23 250.109 1.4375
32 Fe23 260.11 1.4334
32 Fe23 270.11 1.43167
32 Fe23 280.111 1.42821
32 Fe23 290.111 1.42597
32 Fe23 300.111 1.42246
32 Fe23 310.112 1.41885
32 Fe23 320.112 1.41579
32 Fe23 330.113 1.41298
32 Fe23 340.113 1.41081
32 Fe23 350.113 1.40763
32 Fe23 360.114 1.40233
32 Fe23 370.114 1.40094
32 Fe23 380.114 1.39744
32 Fe23 390.115 1.39437
32 Fe23 400.115 1.39209
32 Fe23 410.116 1.38818
32 Fe23 420.116 1.38603
32 Fe23 430.116 1.3819
32 Fe23 440.117 1.37908
32 Fe23 450.117 1.37673
32 Fe23 460.117 1.37395
32 Fe23 470.118 1.37063
32 Fe23 480.118 1.36713
32 Fe23 490.119 1.36552
T= 490.119 Sum_i(J(m_i, T))
   
33 Fe24 0.100004 0.973374
33 Fe24 10.1004 0.965909
33 Fe24 20.1008 0.958853
33 Fe24 30.1011 0.951218
33 Fe24 40.1015 0.942401
33 Fe24 50.1019 0.933328
33 Fe24 60.1023 0.924856
33 Fe24 70.1027 0.916307
33 Fe24 80.103 0.908246
33 Fe24 90.1034 0.900161
33 Fe24 100.104 0.892646
33 Fe24 110.104 0.885844
33 Fe24 120.105 0.878719
33 Fe24 130.105 0.872701
33 Fe24 140.105 0.868016
33 Fe24 150.106 0.862127
33 Fe24 160.106 0.858305
33 Fe24 170.106 0.85432
33 Fe24 180.107 0.850887
33 Fe24 190.107 0.847459
33 Fe24 200.108 0.842669
33 Fe24 210.108 0.841461
33 Fe24 220.108 0.838034
33 Fe24 230.109 0.83682
33 Fe24 240.109 0.8346
33 Fe24 250.109 0.833294
33 Fe24 260.11 0.831663
33 Fe24 270.11 0.83092
33 Fe24 280.111 0.83063
33 Fe24 290.111 0.826853
33 Fe24 300.111 0.827861
33 Fe24 310.112 0.828018
33 Fe24 320.112 0.827273
33 Fe24 330.113 0.827733
33 Fe24 340.113 0.82612
33 Fe24 350.113 0.826209
33 Fe24 360.114 0.825123
33 Fe24 370.114 0.825907
33 Fe24 380.114 0.824969
33 Fe24 390.115 0.825456
33 Fe24 400.115 0.825365
33 Fe24 410.116 0.828307
33 Fe24 420.116 0.825963
33 Fe24 430.116 0.825241
33 Fe24 440.117 0.825482
33 Fe24 450.117 0.825462
33 Fe24 460.117 0.827665
33 Fe24 470.118 0.826813
33 Fe24 480.118 0.827125
33 Fe24 490.119 0.829188
T= 490.119 Sum_i(J(m_i, T))
   
34 Fe25 0.100004 1.38389
34 Fe25 10.1004 1.38161
34 Fe25 20.1008 1.37928
34 Fe25 30.1011 1.37649
34 Fe25 40.1015 1.37449
34 Fe25 50.1019 1.37182
34 Fe25 60.1023 1.36925
34 Fe25 70.1027 1.36625
34 Fe25 80.103 1.36371
34 Fe25 90.1034 1.36119
34 Fe25 100.104 1.35884
34 Fe25 110.104 1.35565
34 Fe25 120.105 1.35335
34 Fe25 130.105 1.35041
34 Fe25 140.105 1.34745
34 Fe25 150.106 1.34484
34 Fe25 160.106 1.34256
34 Fe25 170.106 1.33864
34 Fe25 180.107 1.33561
34 Fe25 190.107 1.33319
34 Fe25 200.108 1.32988
34 Fe25 210.108 1.32643
34 Fe25 220.108 1.32269
34 Fe25 230.109 1.31975
34 Fe25 240.109 1.31622
34 Fe25 250.109 1.31229
34 Fe25 260.11 1.31005
34 Fe25 270.11 1.30693
34 Fe25 280.111 1.30408
34 Fe25 290.111 1.29939
34 Fe25 300.111 1.29661
34 Fe25 310.112 1.2939
34 Fe25 320.112 1.2909
34 Fe25 330.113 1.28695
34 Fe25 340.113 1.28481
34 Fe25 350.113 1.27993
34 Fe25 360.114 1.27768
34 Fe25 370.114 1.27461
34 Fe25 380.114 1.27127
34 Fe25 390.115 1.2687
34 Fe25 400.115 1.26549
34 Fe25 410.116 1.26364
34 Fe25 420.116 1.26028
34 Fe25 430.116 1.25685
34 Fe25 440.117 1.25535
34 Fe25 450.117 1.25267
34 Fe25 460.117 1.24902
34 Fe25 470.118 1.2468
34 Fe25 480.118 1.24254
34 Fe25 490.119 1.24018
T= 490.119 Sum_i(J(m_i, T))
   
35 Fe26 0.100004 1.17038
35 Fe26 10.1004 1.16671
35 Fe26 20.1008 1.16331
35 Fe26 30.1011 1.15942
35 Fe26 40.1015 1.15557
35 Fe26 50.1019 1.15196
35 Fe26 60.1023 1.14739
35 Fe26 70.1027 1.14314
35 Fe26 80.103 1.13922
35 Fe26 90.1034 1.13565
35 Fe26 100.104 1.1318
35 Fe26 110.104 1.12821
35 Fe26 120.105 1.12351
35 Fe26 130.105 1.1195
35 Fe26 140.105 1.11538
35 Fe26 150.106 1.11099
35 Fe26 160.106 1.10545
35 Fe26 170.106 1.1033
35 Fe26 180.107 1.09973
35 Fe26 190.107 1.09414
35 Fe26 200.108 1.09032
35 Fe26 210.108 1.08739
35 Fe26 220.108 1.08393
35 Fe26 230.109 1.07909
35 Fe26 240.109 1.076
35 Fe26 250.109 1.07251
35 Fe26 260.11 1.06895
35 Fe26 270.11 1.06549
35 Fe26 280.111 1.06277
35 Fe26 290.111 1.06119
35 Fe26 300.111 1.0577
35 Fe26 310.112 1.05539
35 Fe26 320.112 1.05185
35 Fe26 330.113 1.04828
35 Fe26 340.113 1.04596
35 Fe26 350.113 1.04433
35 Fe26 360.114 1.04078
35 Fe26 370.114 1.03983
35 Fe26 380.114 1.03692
35 Fe26 390.115 1.0372
35 Fe26 400.115 1.03298
35 Fe26 410.116 1.03201
35 Fe26 420.116 1.02985
35 Fe26 430.116 1.02891
35 Fe26 440.117 1.02707
35 Fe26 450.117 1.02569
35 Fe26 460.117 1.02342
35 Fe26 470.118 1.02139
35 Fe26 480.118 1.01951
35 Fe26 490.119 1.01874
T= 490.119 Sum_i(J(m_i, T))
   
36 Fe27 0.100004 1.39104
36 Fe27 10.1004 1.38921
36 Fe27 20.1008 1.38779
36 Fe27 30.1011 1.3856
36 Fe27 40.1015 1.38426
36 Fe27 50.1019 1.38227
36 Fe27 60.1023 1.38036
36 Fe27 70.1027 1.37837
36 Fe27 80.103 1.3766
36 Fe27 90.1034 1.37521
36 Fe27 100.104 1.37351
36 Fe27 110.104 1.37139
36 Fe27 120.105 1.36914
36 Fe27 130.105 1.36677
36 Fe27 140.105 1.36535
36 Fe27 150.106 1.36375
36 Fe27 160.106 1.36157
36 Fe27 170.106 1.35923
36 Fe27 180.107 1.35697
36 Fe27 190.107 1.35501
36 Fe27 200.108 1.35289
36 Fe27 210.108 1.35064
36 Fe27 220.108 1.34793
36 Fe27 230.109 1.34685
36 Fe27 240.109 1.34423
36 Fe27 250.109 1.34256
36 Fe27 260.11 1.34018
36 Fe27 270.11 1.33826
36 Fe27 280.111 1.33665
36 Fe27 290.111 1.33373
36 Fe27 300.111 1.33068
36 Fe27 310.112 1.32897
36 Fe27 320.112 1.32525
36 Fe27 330.113 1.32364
36 Fe27 340.113 1.32229
36 Fe27 350.113 1.31997
36 Fe27 360.114 1.31689
36 Fe27 370.114 1.31554
36 Fe27 380.114 1.31293
36 Fe27 390.115 1.30975
36 Fe27 400.115 1.30826
36 Fe27 410.116 1.30593
36 Fe27 420.116 1.30455
36 Fe27 430.116 1.30123
36 Fe27 440.117 1.29881
36 Fe27 450.117 1.29818
36 Fe27 460.117 1.29447
36 Fe27 470.118 1.29318
36 Fe27 480.118 1.29019
36 Fe27 490.119 1.28838
T= 490.119 Sum_i(J(m_i, T))
   
37 Fe28 0.100004 0.234127
37 Fe28 10.1004 0.240074
37 Fe28 20.1008 0.24671
37 Fe28 30.1011 0.253789
37 Fe28 40.1015 0.262195
37 Fe28 50.1019 0.271073
37 Fe28 60.1023 0.281202
37 Fe28 70.1027 0.292354
37 Fe28 80.103 0.302897
37 Fe28 90.1034 0.31417
37 Fe28 100.104 0.326038
37 Fe28 110.104 0.336844
37 Fe28 120.105 0.348344
37 Fe28 130.105 0.358405
37 Fe28 140.105 0.370801
37 Fe28 150.106 0.38128
37 Fe28 160.106 0.391167
37 Fe28 170.106 0.400419
37 Fe28 180.107 0.411183
37 Fe28 190.107 0.420566
37 Fe28 200.108 0.429986
37 Fe28 210.108 0.437153
37 Fe28 220.108 0.445716
37 Fe28 230.109 0.454215
37 Fe28 240.109 0.46057
37 Fe28 250.109 0.469516
37 Fe28 260.11 0.478216
37 Fe28 270.11 0.485884
37 Fe28 280.111 0.49245
37 Fe28 290.111 0.497654
37 Fe28 300.111 0.504531
37 Fe28 310.112 0.510843
37 Fe28 320.112 0.517412
37 Fe28 330.113 0.523199
37 Fe28 340.113 0.527889
37 Fe28 350.113 0.536406
37 Fe28 360.114 0.539591
37 Fe28 370.114 0.544854
37 Fe28 380.114 0.550285
37 Fe28 390.115 0.55603
37 Fe28 400.115 0.560765
37 Fe28 410.116 0.56682
37 Fe28 420.116 0.572219
37 Fe28 430.116 0.576136
37 Fe28 440.117 0.580516
37 Fe28 450.117 0.581762
37 Fe28 460.117 0.5877
37 Fe28 470.118 0.591137
37 Fe28 480.118 0.597824
37 Fe28 490.119 0.602419
T= 490.119 Sum_i(J(m_i, T))
   
38 Fe29 0.100004 0.67188
38 Fe29 10.1004 0.662979
38 Fe29 20.1008 0.655239
38 Fe29 30.1011 0.647788
38 Fe29 40.1015 0.641571
38 Fe29 50.1019 0.637272
38 Fe29 60.1023 0.632023
38 Fe29 70.1027 0.629174
38 Fe29 80.103 0.626705
38 Fe29 90.1034 0.624338
38 Fe29 100.104 0.624787
38 Fe29 110.104 0.623204
38 Fe29 120.105 0.623991
38 Fe29 130.105 0.623483
38 Fe29 140.105 0.623623
38 Fe29 150.106 0.624063
38 Fe29 160.106 0.627622
38 Fe29 170.106 0.626859
38 Fe29 180.107 0.629975
38 Fe29 190.107 0.630549
38 Fe29 200.108 0.632025
38 Fe29 210.108 0.633757
38 Fe29 220.108 0.637027
38 Fe29 230.109 0.636387
38 Fe29 240.109 0.638744
38 Fe29 250.109 0.639588
38 Fe29 260.11 0.644322
38 Fe29 270.11 0.644367
38 Fe29 280.111 0.646883
38 Fe29 290.111 0.648338
38 Fe29 300.111 0.650364
38 Fe29 310.112 0.653123
38 Fe29 320.112 0.65352
38 Fe29 330.113 0.657239
38 Fe29 340.113 0.658039
38 Fe29 350.113 0.660223
38 Fe29 360.114 0.662798
38 Fe29 370.114 0.663292
38 Fe29 380.114 0.664938
38 Fe29 390.115 0.667917
38 Fe29 400.115 0.669795
38 Fe29 410.116 0.672995
38 Fe29 420.116 0.674304
38 Fe29 430.116 0.676723
38 Fe29 440.117 0.677415
38 Fe29 450.117 0.679909
38 Fe29 460.117 0.681623
38 Fe29 470.118 0.683981
38 Fe29 480.118 0.684167
38 Fe29 490.119 0.686814
T= 490.119 Sum_i(J(m_i, T))
   
39 Fe30 0.100004 1.37893
39 Fe30 10.1004 1.37693
39 Fe30 20.1008 1.3748
39 Fe30 30.1011 1.37291
39 Fe30 40.1015 1.37099
39 Fe30 50.1019 1.36865
39 Fe30 60.1023 1.3662
39 Fe30 70.1027 1.36457
39 Fe30 80.103 1.36225
39 Fe30 90.1034 1.36028
39 Fe30 100.104 1.3578
39 Fe30 110.104 1.35605
39 Fe30 120.105 1.35378
39 Fe30 130.105 1.35122
39 Fe30 140.105 1.34863
39 Fe30 150.106 1.34636
39 Fe30 160.106 1.3437
39 Fe30 170.106 1.34127
39 Fe30 180.107 1.33869
39 Fe30 190.107 1.33733
39 Fe30 200.108 1.3333
39 Fe30 210.108 1.33131
39 Fe30 220.108 1.32913
39 Fe30 230.109 1.32595
39 Fe30 240.109 1.32352
39 Fe30 250.109 1.32033
39 Fe30 260.11 1.31839
39 Fe30 270.11 1.31455
39 Fe30 280.111 1.31287
39 Fe30 290.111 1.30905
39 Fe30 300.111 1.30631
39 Fe30 310.112 1.30382
39 Fe30 320.112 1.30179
39 Fe30 330.113 1.29815
39 Fe30 340.113 1.2955
39 Fe30 350.113 1.29298
39 Fe30 360.114 1.29029
39 Fe30 370.114 1.28704
39 Fe30 380.114 1.28544
39 Fe30 390.115 1.28149
39 Fe30 400.115 1.27922
39 Fe30 410.116 1.27591
39 Fe30 420.116 1.2734
39 Fe30 430.116 1.27198
39 Fe30 440.117 1.26744
39 Fe30 450.117 1.26662
39 Fe30 460.117 1.26266
39 Fe30 470.118 1.2606
39 Fe30 480.118 1.25788
39 Fe30 490.119 1.25579
T= 490.119 Sum_i(J(m_i, T))
   
40 Fe31 0.100004 1.26015
40 Fe31 10.1004 1.25765
40 Fe31 20.1008 1.25521
40 Fe31 30.1011 1.25274
40 Fe31 40.1015 1.25017
40 Fe31 50.1019 1.24762
40 Fe31 60.1023 1.24482
40 Fe31 70.1027 1.24264
40 Fe31 80.103 1.23982
40 Fe31 90.1034 1.23665
40 Fe31 100.104 1.23446
40 Fe31 110.104 1.23135
40 Fe31 120.105 1.22839
40 Fe31 130.105 1.22586
40 Fe31 140.105 1.22279
40 Fe31 150.106 1.21933
40 Fe31 160.106 1.21742
40 Fe31 170.106 1.21246
40 Fe31 180.107 1.21019
40 Fe31 190.107 1.20754
40 Fe31 200.108 1.204
40 Fe31 210.108 1.20153
40 Fe31 220.108 1.19808
40 Fe31 230.109 1.19554
40 Fe31 240.109 1.19171
40 Fe31 250.109 1.18858
40 Fe31 260.11 1.18505
40 Fe31 270.11 1.18238
40 Fe31 280.111 1.17999
40 Fe31 290.111 1.17746
40 Fe31 300.111 1.17327
40 Fe31 310.112 1.17069
40 Fe31 320.112 1.16813
40 Fe31 330.113 1.16493
40 Fe31 340.113 1.16259
40 Fe31 350.113 1.15981
40 Fe31 360.114 1.15795
40 Fe31 370.114 1.15264
40 Fe31 380.114 1.15056
40 Fe31 390.115 1.14872
40 Fe31 400.115 1.14612
40 Fe31 410.116 1.14436
40 Fe31 420.116 1.14076
40 Fe31 430.116 1.138
40 Fe31 440.117 1.13637
40 Fe31 450.117 1.1344
40 Fe31 460.117 1.1331
40 Fe31 470.118 1.12959
40 Fe31 480.118 1.12869
40 Fe31 490.119 1.12491
T= 490.119 Sum_i(J(m_i, T))
   
41 Fe32 0.100004 1.38934
41 Fe32 10.1004 1.38746
41 Fe32 20.1008 1.38544
41 Fe32 30.1011 1.38328
41 Fe32 40.1015 1.3815
41 Fe32 50.1019 1.37949
41 Fe32 60.1023 1.37701
41 Fe32 70.1027 1.37508
41 Fe32 80.103 1.37315
41 Fe32 90.1034 1.371
41 Fe32 100.104 1.36841
41 Fe32 110.104 1.36611
41 Fe32 120.105 1.36467
41 Fe32 130.105 1.36176
41 Fe32 140.105 1.35931
41 Fe32 150.106 1.35699
41 Fe32 160.106 1.35499
41 Fe32 170.106 1.35275
41 Fe32 180.107 1.35003
41 Fe32 190.107 1.34712
41 Fe32 200.108 1.34505
41 Fe32 210.108 1.34224
41 Fe32 220.108 1.34033
41 Fe32 230.109 1.33776
41 Fe32 240.109 1.33444
41 Fe32 250.109 1.33132
41 Fe32 260.11 1.32827
41 Fe32 270.11 1.32716
41 Fe32 280.111 1.32394
41 Fe32 290.111 1.32029
41 Fe32 300.111 1.31764
41 Fe32 310.112 1.31419
41 Fe32 320.112 1.31137
41 Fe32 330.113 1.30946
41 Fe32 340.113 1.30723
41 Fe32 350.113 1.30402
41 Fe32 360.114 1.3015
41 Fe32 370.114 1.29917
41 Fe32 380.114 1.29499
41 Fe32 390.115 1.29363
41 Fe32 400.115 1.28993
41 Fe32 410.116 1.28792
41 Fe32 420.116 1.28505
41 Fe32 430.116 1.28215
41 Fe32 440.117 1.28077
41 Fe32 450.117 1.27684
41 Fe32 460.117 1.2754
41 Fe32 470.118 1.27288
41 Fe32 480.118 1.26812
41 Fe32 490.119 1.26685
T= 490.119 Sum_i(J(m_i, T))
   
42 Fe33 0.100004 1.19662
42 Fe33 10.1004 1.19342
42 Fe33 20.1008 1.1902
42 Fe33 30.1011 1.18768
42 Fe33 40.1015 1.18389
42 Fe33 50.1019 1.1814
42 Fe33 60.1023 1.17834
42 Fe33 70.1027 1.17496
42 Fe33 80.103 1.17079
42 Fe33 90.1034 1.16785
42 Fe33 100.104 1.16415
42 Fe33 110.104 1.16117
42 Fe33 120.105 1.15812
42 Fe33 130.105 1.15433
42 Fe33 140.105 1.1504
42 Fe33 150.106 1.14761
42 Fe33 160.106 1.14455
42 Fe33 170.106 1.14021
42 Fe33 180.107 1.13646
42 Fe33 190.107 1.13372
42 Fe33 200.108 1.13037
42 Fe33 210.108 1.12646
42 Fe33 220.108 1.12355
42 Fe33 230.109 1.12025
42 Fe33 240.109 1.1167
42 Fe33 250.109 1.11441
42 Fe33 260.11 1.1098
42 Fe33 270.11 1.10726
42 Fe33 280.111 1.10398
42 Fe33 290.111 1.10122
42 Fe33 300.111 1.0975
42 Fe33 310.112 1.09551
42 Fe33 320.112 1.09223
42 Fe33 330.113 1.0893
42 Fe33 340.113 1.08672
42 Fe33 350.113 1.084
42 Fe33 360.114 1.0823
42 Fe33 370.114 1.0807
42 Fe33 380.114 1.07795
42 Fe33 390.115 1.07377
42 Fe33 400.115 1.07241
42 Fe33 410.116 1.06985
42 Fe33 420.116 1.07017
42 Fe33 430.116 1.06777
42 Fe33 440.117 1.06502
42 Fe33 450.117 1.06326
42 Fe33 460.117 1.06236
42 Fe33 470.118 1.06092
42 Fe33 480.118 1.05887
42 Fe33 490.119 1.05573
T= 490.119 Sum_i(J(m_i, T))
   
43 Fe34 0.100004 1.19081
43 Fe34 10.1004 1.18748
43 Fe34 20.1008 1.18412
43 Fe34 30.1011 1.18043
43 Fe34 40.1015 1.1771
43 Fe34 50.1019 1.17398
43 Fe34 60.1023 1.16985
43 Fe34 70.1027 1.16678
43 Fe34 80.103 1.16246
43 Fe34 90.1034 1.15863
43 Fe34 100.104 1.15562
43 Fe34 110.104 1.14993
43 Fe34 120.105 1.14766
43 Fe34 130.105 1.14274
43 Fe34 140.105 1.13895
43 Fe34 150.106 1.13389
43 Fe34 160.106 1.13003
43 Fe34 170.106 1.12652
43 Fe34 180.107 1.12061
43 Fe34 190.107 1.11702
43 Fe34 200.108 1.11301
43 Fe34 210.108 1.1097
43 Fe34 220.108 1.10575
43 Fe34 230.109 1.10275
43 Fe34 240.109 1.09785
43 Fe34 250.109 1.09562
43 Fe34 260.11 1.09035
43 Fe34 270.11 1.0855
43 Fe34 280.111 1.08378
43 Fe34 290.111 1.07978
43 Fe34 300.111 1.07779
43 Fe34 310.112 1.07442
43 Fe34 320.112 1.07355
43 Fe34 330.113 1.06947
43 Fe34 340.113 1.06595
43 Fe34 350.113 1.06215
43 Fe34 360.114 1.06017
43 Fe34 370.114 1.0581
43 Fe34 380.114 1.05465
43 Fe34 390.115 1.05325
43 Fe34 400.115 1.05155
43 Fe34 410.116 1.0505
43 Fe34 420.116 1.04703
43 Fe34 430.116 1.04506
43 Fe34 440.117 1.04172
43 Fe34 450.117 1.0424
43 Fe34 460.117 1.04112
43 Fe34 470.118 1.03983
43 Fe34 480.118 1.03667
43 Fe34 490.119 1.03755
T= 490.119 Sum_i(J(m_i, T))
   
44 Fe35 0.100004 1.01446
44 Fe35 10.1004 1.01442
44 Fe35 20.1008 1.01445
44 Fe35 30.1011 1.01449
44 Fe35 40.1015 1.01447
44 Fe35 50.1019 1.01446
44 Fe35 60.1023 1.01449
44 Fe35 70.1027 1.01448
44 Fe35 80.103 1.01446
44 Fe35 90.1034 1.0144
44 Fe35 100.104 1.01445
44 Fe35 110.104 1.01449
44 Fe35 120.105 1.01449
44 Fe35 130.105 1.01453
44 Fe35 140.105 1.01453
44 Fe35 150.106 1.01446
44 Fe35 160.106 1.01449
44 Fe35 170.106 1.01446
44 Fe35 180.107 1.01452
44 Fe35 190.107 1.01446
44 Fe35 200.108 1.01451
44 Fe35 210.108 1.01452
44 Fe35 220.108 1.01446
44 Fe35 230.109 1.01451
44 Fe35 240.109 1.01441
44 Fe35 250.109 1.0145
44 Fe35 260.11 1.01459
44 Fe35 270.11 1.01453
44 Fe35 280.111 1.01459
44 Fe35 290.111 1.01456
44 Fe35 300.111 1.01448
44 Fe35 310.112 1.01449
44 Fe35 320.112 1.01456
44 Fe35 330.113 1.01453
44 Fe35 340.113 1.01458
44 Fe35 350.113 1.01449
44 Fe35 360.114 1.01448
44 Fe35 370.114 1.01454
44 Fe35 380.114 1.01462
44 Fe35 390.115 1.01451
44 Fe35 400.115 1.0145
44 Fe35 410.116 1.01453
44 Fe35 420.116 1.01451
44 Fe35 430.116 1.01462
44 Fe35 440.117 1.01457
44 Fe35 450.117 1.01441
44 Fe35 460.117 1.01457
44 Fe35 470.118 1.0146
44 Fe35 480.118 1.01468
44 Fe35 490.119 1.0146
T= 490.119 Sum_i(J(m_i, T))
   
45 Fe36 0.100004 1.30866
45 Fe36 10.1004 1.30643
45 Fe36 20.1008 1.30413
45 Fe36 30.1011 1.30184
45 Fe36 40.1015 1.29963
45 Fe36 50.1019 1.29732
45 Fe36 60.1023 1.29466
45 Fe36 70.1027 1.29294
45 Fe36 80.103 1.28998
45 Fe36 90.1034 1.28771
45 Fe36 100.104 1.28502
45 Fe36 110.104 1.28244
45 Fe36 120.105 1.27937
45 Fe36 130.105 1.27802
45 Fe36 140.105 1.27495
45 Fe36 150.106 1.27276
45 Fe36 160.106 1.27038
45 Fe36 170.106 1.26651
45 Fe36 180.107 1.2633
45 Fe36 190.107 1.25971
45 Fe36 200.108 1.25765
45 Fe36 210.108 1.25554
45 Fe36 220.108 1.25259
45 Fe36 230.109 1.24933
45 Fe36 240.109 1.24567
45 Fe36 250.109 1.24453
45 Fe36 260.11 1.24175
45 Fe36 270.11 1.23759
45 Fe36 280.111 1.23378
45 Fe36 290.111 1.23127
45 Fe36 300.111 1.22878
45 Fe36 310.112 1.22639
45 Fe36 320.112 1.22306
45 Fe36 330.113 1.22129
45 Fe36 340.113 1.21734
45 Fe36 350.113 1.21486
45 Fe36 360.114 1.21163
45 Fe36 370.114 1.21083
45 Fe36 380.114 1.20744
45 Fe36 390.115 1.20377
45 Fe36 400.115 1.20246
45 Fe36 410.116 1.19809
45 Fe36 420.116 1.19514
45 Fe36 430.116 1.19384
45 Fe36 440.117 1.19201
45 Fe36 450.117 1.18808
45 Fe36 460.117 1.18601
45 Fe36 470.118 1.18487
45 Fe36 480.118 1.18262
45 Fe36 490.119 1.18048
T= 490.119 Sum_i(J(m_i, T))
   
46 Fe37 0.100004 1.22397
46 Fe37 10.1004 1.22131
46 Fe37 20.1008 1.21811
46 Fe37 30.1011 1.21536
46 Fe37 40.1015 1.21233
46 Fe37 50.1019 1.20915
46 Fe37 60.1023 1.20585
46 Fe37 70.1027 1.20277
46 Fe37 80.103 1.19978
46 Fe37 90.1034 1.19641
46 Fe37 100.104 1.19286
46 Fe37 110.104 1.1893
46 Fe37 120.105 1.18606
46 Fe37 130.105 1.18218
46 Fe37 140.105 1.17863
46 Fe37 150.106 1.17406
46 Fe37 160.106 1.1694
46 Fe37 170.106 1.16591
46 Fe37 180.107 1.16228
46 Fe37 190.107 1.15814
46 Fe37 200.108 1.15386
46 Fe37 210.108 1.15036
46 Fe37 220.108 1.14751
46 Fe37 230.109 1.14216
46 Fe37 240.109 1.13914
46 Fe37 250.109 1.13427
46 Fe37 260.11 1.13116
46 Fe37 270.11 1.12709
46 Fe37 280.111 1.12313
46 Fe37 290.111 1.11932
46 Fe37 300.111 1.11712
46 Fe37 310.112 1.1136
46 Fe37 320.112 1.10985
46 Fe37 330.113 1.10699
46 Fe37 340.113 1.10406
46 Fe37 350.113 1.10146
46 Fe37 360.114 1.09785
46 Fe37 370.114 1.09502
46 Fe37 380.114 1.09141
46 Fe37 390.115 1.08903
46 Fe37 400.115 1.08722
46 Fe37 410.116 1.08431
46 Fe37 420.116 1.08279
46 Fe37 430.116 1.07909
46 Fe37 440.117 1.07741
46 Fe37 450.117 1.07596
46 Fe37 460.117 1.07354
46 Fe37 470.118 1.07112
46 Fe37 480.118 1.06858
46 Fe37 490.119 1.06634
T= 490.119 Sum_i(J(m_i, T))
   
47 Fe38 0.100004 1.43824
47 Fe38 10.1004 1.43669
47 Fe38 20.1008 1.43463
47 Fe38 30.1011 1.43322
47 Fe38 40.1015 1.43139
47 Fe38 50.1019 1.42905
47 Fe38 60.1023 1.42798
47 Fe38 70.1027 1.42593
47 Fe38 80.103 1.42372
47 Fe38 90.1034 1.42241
47 Fe38 100.104 1.42041
47 Fe38 110.104 1.41867
47 Fe38 120.105 1.41632
47 Fe38 130.105 1.41479
47 Fe38 140.105 1.41197
47 Fe38 150.106 1.4104
47 Fe38 160.106 1.40808
47 Fe38 170.106 1.40622
47 Fe38 180.107 1.4044
47 Fe38 190.107 1.40194
47 Fe38 200.108 1.39992
47 Fe38 210.108 1.3976
47 Fe38 220.108 1.39543
47 Fe38 230.109 1.394
47 Fe38 240.109 1.39184
47 Fe38 250.109 1.38964
47 Fe38 260.11 1.38814
47 Fe38 270.11 1.38428
47 Fe38 280.111 1.38398
47 Fe38 290.111 1.38066
47 Fe38 300.111 1.3782
47 Fe38 310.112 1.37607
47 Fe38 320.112 1.37465
47 Fe38 330.113 1.37163
47 Fe38 340.113 1.36888
47 Fe38 350.113 1.36598
47 Fe38 360.114 1.36432
47 Fe38 370.114 1.3622
47 Fe38 380.114 1.35919
47 Fe38 390.115 1.35807
47 Fe38 400.115 1.35529
47 Fe38 410.116 1.3527
47 Fe38 420.116 1.34887
47 Fe38 430.116 1.34874
47 Fe38 440.117 1.34569
47 Fe38 450.117 1.3439
47 Fe38 460.117 1.34222
47 Fe38 470.118 1.33911
47 Fe38 480.118 1.33642
47 Fe38 490.119 1.334
T= 490.119 Sum_i(J(m_i, T))
   
48 Fe39 0.100004 0.604702
48 Fe39 10.1004 0.608812
48 Fe39 20.1008 0.611912
48 Fe39 30.1011 0.613693
48 Fe39 40.1015 0.61508
48 Fe39 50.1019 0.617385
48 Fe39 60.1023 0.618226
48 Fe39 70.1027 0.619861
48 Fe39 80.103 0.621767
48 Fe39 90.1034 0.623839
48 Fe39 100.104 0.625072
48 Fe39 110.104 0.628602
48 Fe39 120.105 0.631477
48 Fe39 130.105 0.634532
48 Fe39 140.105 0.636956
48 Fe39 150.106 0.640862
48 Fe39 160.106 0.641061
48 Fe39 170.106 0.643895
48 Fe39 180.107 0.647651
48 Fe39 190.107 0.651035
48 Fe39 200.108 0.651534
48 Fe39 210.108 0.654114
48 Fe39 220.108 0.657336
48 Fe39 230.109 0.660547
48 Fe39 240.109 0.663289
48 Fe39 250.109 0.666807
48 Fe39 260.11 0.668479
48 Fe39 270.11 0.670352
48 Fe39 280.111 0.673806
48 Fe39 290.111 0.675016
48 Fe39 300.111 0.680208
48 Fe39 310.112 0.681682
48 Fe39 320.112 0.683037
48 Fe39 330.113 0.686766
48 Fe39 340.113 0.688252
48 Fe39 350.113 0.690847
48 Fe39 360.114 0.692113
48 Fe39 370.114 0.695573
48 Fe39 380.114 0.697734
48 Fe39 390.115 0.700566
48 Fe39 400.115 0.703539
48 Fe39 410.116 0.704018
48 Fe39 420.116 0.706121
48 Fe39 430.116 0.707156
48 Fe39 440.117 0.709459
48 Fe39 450.117 0.711588
48 Fe39 460.117 0.716209
48 Fe39 470.118 0.717922
48 Fe39 480.118 0.718952
48 Fe39 490.119 0.720951
T= 490.119 Sum_i(J(m_i, T))
   
49 Fe40 0.100004 1.10864
49 Fe40 10.1004 1.10175
49 Fe40 20.1008 1.09462
49 Fe40 30.1011 1.08667
49 Fe40 40.1015 1.07815
49 Fe40 50.1019 1.06869
49 Fe40 60.1023 1.05874
49 Fe40 70.1027 1.04872
49 Fe40 80.103 1.03855
49 Fe40 90.1034 1.02763
49 Fe40 100.104 1.01854
49 Fe40 110.104 1.0065
49 Fe40 120.105 0.9978
49 Fe40 130.105 0.98932
49 Fe40 140.105 0.98069
49 Fe40 150.106 0.97386
49 Fe40 160.106 0.966797
49 Fe40 170.106 0.960738
49 Fe40 180.107 0.953825
49 Fe40 190.107 0.949675
49 Fe40 200.108 0.945358
49 Fe40 210.108 0.939133
49 Fe40 220.108 0.93651
49 Fe40 230.109 0.931903
49 Fe40 240.109 0.928464
49 Fe40 250.109 0.925413
49 Fe40 260.11 0.922606
49 Fe40 270.11 0.918733
49 Fe40 280.111 0.917254
49 Fe40 290.111 0.914744
49 Fe40 300.111 0.914976
49 Fe40 310.112 0.91208
49 Fe40 320.112 0.910521
49 Fe40 330.113 0.908216
49 Fe40 340.113 0.906099
49 Fe40 350.113 0.90586
49 Fe40 360.114 0.904176
49 Fe40 370.114 0.90247
49 Fe40 380.114 0.901824
49 Fe40 390.115 0.901837
49 Fe40 400.115 0.899958
49 Fe40 410.116 0.900978
49 Fe40 420.116 0.89988
49 Fe40 430.116 0.900662
49 Fe40 440.117 0.898085
49 Fe40 450.117 0.897698
49 Fe40 460.117 0.900235
49 Fe40 470.118 0.89873
49 Fe40 480.118 0.899226
49 Fe40 490.119 0.898094
T= 490.119 Sum_i(J(m_i, T))
   
50 Fe41 0.100004 1.11861
50 Fe41 10.1004 1.11559
50 Fe41 20.1008 1.11202
50 Fe41 30.1011 1.10851
50 Fe41 40.1015 1.10534
50 Fe41 50.1019 1.10145
50 Fe41 60.1023 1.09856
50 Fe41 70.1027 1.09448
50 Fe41 80.103 1.09098
50 Fe41 90.1034 1.08716
50 Fe41 100.104 1.08362
50 Fe41 110.104 1.08009
50 Fe41 120.105 1.07589
50 Fe41 130.105 1.07245
50 Fe41 140.105 1.06959
50 Fe41 150.106 1.06562
50 Fe41 160.106 1.06123
50 Fe41 170.106 1.05718
50 Fe41 180.107 1.05383
50 Fe41 190.107 1.0492
50 Fe41 200.108 1.04664
50 Fe41 210.108 1.04369
50 Fe41 220.108 1.03886
50 Fe41 230.109 1.03689
50 Fe41 240.109 1.0331
50 Fe41 250.109 1.03071
50 Fe41 260.11 1.02649
50 Fe41 270.11 1.02502
50 Fe41 280.111 1.02062
50 Fe41 290.111 1.02025
50 Fe41 300.111 1.01448
50 Fe41 310.112 1.01385
50 Fe41 320.112 1.01065
50 Fe41 330.113 1.00832
50 Fe41 340.113 1.00606
50 Fe41 350.113 1.00325
50 Fe41 360.114 1.00202
50 Fe41 370.114 0.99914
50 Fe41 380.114 0.999019
50 Fe41 390.115 0.996959
50 Fe41 400.115 0.994737
50 Fe41 410.116 0.993501
50 Fe41 420.116 0.992304
50 Fe41 430.116 0.989325
50 Fe41 440.117 0.988841
50 Fe41 450.117 0.986026
50 Fe41 460.117 0.985498
50 Fe41 470.118 0.984362
50 Fe41 480.118 0.983413
50 Fe41 490.119 0.982424
T= 490.119 Sum_i(J(m_i, T))
   
51 Fe42 0.100004 1.41652
51 Fe42 10.1004 1.41384
51 Fe42 20.1008 1.4111
51 Fe42 30.1011 1.40818
51 Fe42 40.1015 1.4057
51 Fe42 50.1019 1.40267
51 Fe42 60.1023 1.3992
51 Fe42 70.1027 1.39647
51 Fe42 80.103 1.39332
51 Fe42 90.1034 1.38964
51 Fe42 100.104 1.3865
51 Fe42 110.104 1.38384
51 Fe42 120.105 1.3802
51 Fe42 130.105 1.37741
51 Fe42 140.105 1.37319
51 Fe42 150.106 1.36944
51 Fe42 160.106 1.3649
51 Fe42 170.106 1.36014
51 Fe42 180.107 1.35744
51 Fe42 190.107 1.35254
51 Fe42 200.108 1.34865
51 Fe42 210.108 1.34302
51 Fe42 220.108 1.33925
51 Fe42 230.109 1.33465
51 Fe42 240.109 1.33131
51 Fe42 250.109 1.32577
51 Fe42 260.11 1.32082
51 Fe42 270.11 1.31774
51 Fe42 280.111 1.31192
51 Fe42 290.111 1.30882
51 Fe42 300.111 1.30332
51 Fe42 310.112 1.29848
51 Fe42 320.112 1.29349
51 Fe42 330.113 1.29161
51 Fe42 340.113 1.28707
51 Fe42 350.113 1.28256
51 Fe42 360.114 1.27849
51 Fe42 370.114 1.27519
51 Fe42 380.114 1.27077
51 Fe42 390.115 1.26671
51 Fe42 400.115 1.26263
51 Fe42 410.116 1.25974
51 Fe42 420.116 1.25715
51 Fe42 430.116 1.25184
51 Fe42 440.117 1.24973
51 Fe42 450.117 1.24756
51 Fe42 460.117 1.24426
51 Fe42 470.118 1.2398
51 Fe42 480.118 1.23735
51 Fe42 490.119 1.2339
T= 490.119 Sum_i(J(m_i, T))
   
52 Ni1 0.100004 2.606
52 Ni1 10.1004 2.60599
52 Ni1 20.1008 2.60598
52 Ni1 30.1011 2.60597
52 Ni1 40.1015 2.60596
52 Ni1 50.1019 2.60595
52 Ni1 60.1023 2.60594
52 Ni1 70.1027 2.60594
52 Ni1 80.103 2.60592
52 Ni1 90.1034 2.60591
52 Ni1 100.104 2.6059
52 Ni1 110.104 2.60589
52 Ni1 120.105 2.60589
52 Ni1 130.105 2.60588
52 Ni1 140.105 2.60587
52 Ni1 150.106 2.60586
52 Ni1 160.106 2.60585
52 Ni1 170.106 2.60584
52 Ni1 180.107 2.60584
52 Ni1 190.107 2.60583
52 Ni1 200.108 2.60582
52 Ni1 210.108 2.60581
52 Ni1 220.108 2.60579
52 Ni1 230.109 2.60579
52 Ni1 240.109 2.60578
52 Ni1 250.109 2.60576
52 Ni1 260.11 2.60574
52 Ni1 270.11 2.60574
52 Ni1 280.111 2.60573
52 Ni1 290.111 2.60574
52 Ni1 300.111 2.60572
52 Ni1 310.112 2.60572
52 Ni1 320.112 2.60572
52 Ni1 330.113 2.60569
52 Ni1 340.113 2.60568
52 Ni1 350.113 2.60567
52 Ni1 360.114 2.60567
52 Ni1 370.114 2.60564
52 Ni1 380.114 2.60564
52 Ni1 390.115 2.60563
52 Ni1 400.115 2.60561
52 Ni1 410.116 2.60563
52 Ni1 420.116 2.60561
52 Ni1 430.116 2.60561
52 Ni1 440.117 2.60558
52 Ni1 450.117 2.60558
52 Ni1 460.117 2.60556
52 Ni1 470.118 2.60556
52 Ni1 480.118 2.60555
52 Ni1 490.119 2.60555
T= 490.119 Sum_i(J(m_i, T))
   
53 Ni2 0.100004 0.0462131
53 Ni2 10.1004 0.0519691
53 Ni2 20.1008 0.0604656
53 Ni2 30.1011 0.067819
53 Ni2 40.1015 0.0743452
53 Ni2 50.1019 0.080113
53 Ni2 60.1023 0.0853746
53 Ni2 70.1027 0.0905304
53 Ni2 80.103 0.0951065
53 Ni2 90.1034 0.0994518
53 Ni2 100.104 0.103497
53 Ni2 110.104 0.107563
53 Ni2 120.105 0.111252
53 Ni2 130.105 0.115008
53 Ni2 140.105 0.118443
53 Ni2 150.106 0.121727
53 Ni2 160.106 0.12455
53 Ni2 170.106 0.127924
53 Ni2 180.107 0.131048
53 Ni2 190.107 0.133967
53 Ni2 200.108 0.136732
53 Ni2 210.108 0.139768
53 Ni2 220.108 0.142171
53 Ni2 230.109 0.145034
53 Ni2 240.109 0.147381
53 Ni2 250.109 0.150231
53 Ni2 260.11 0.15229
53 Ni2 270.11 0.155174
53 Ni2 280.111 0.156922
53 Ni2 290.111 0.159409
53 Ni2 300.111 0.161803
53 Ni2 310.112 0.164064
53 Ni2 320.112 0.16624
53 Ni2 330.113 0.168451
53 Ni2 340.113 0.17003
53 Ni2 350.113 0.172524
53 Ni2 360.114 0.175252
53 Ni2 370.114 0.176352
53 Ni2 380.114 0.178693
53 Ni2 390.115 0.181107
53 Ni2 400.115 0.182358
53 Ni2 410.116 0.184436
53 Ni2 420.116 0.186151
53 Ni2 430.116 0.187304
53 Ni2 440.117 0.190169
53 Ni2 450.117 0.191978
53 Ni2 460.117 0.193394
53 Ni2 470.118 0.195136
53 Ni2 480.118 0.196399
53 Ni2 490.119 0.198635
T= 490.119 Sum_i(J(m_i, T))
   
54 Ni3 0.100004 2.606
54 Ni3 10.1004 2.606
54 Ni3 20.1008 2.606
54 Ni3 30.1011 2.606
54 Ni3 40.1015 2.606
54 Ni3 50.1019 2.606
54 Ni3 60.1023 2.606
54 Ni3 70.1027 2.606
54 Ni3 80.103 2.606
54 Ni3 90.1034 2.606
54 Ni3 100.104 2.606
54 Ni3 110.104 2.606
54 Ni3 120.105 2.606
54 Ni3 130.105 2.606
54 Ni3 140.105 2.606
54 Ni3 150.106 2.606
54 Ni3 160.106 2.606
54 Ni3 170.106 2.606
54 Ni3 180.107 2.606
54 Ni3 190.107 2.606
54 Ni3 200.108 2.606
54 Ni3 210.108 2.606
54 Ni3 220.108 2.606
54 Ni3 230.109 2.606
54 Ni3 240.109 2.606
54 Ni3 250.109 2.606
54 Ni3 260.11 2.606
54 Ni3 270.11 2.606
54 Ni3 280.111 2.606
54 Ni3 290.111 2.606
54 Ni3 300.111 2.606
54 Ni3 310.112 2.606
54 Ni3 320.112 2.606
54 Ni3 330.113 2.606
54 Ni3 340.113 2.606
54 Ni3 350.113 2.606
54 Ni3 360.114 2.606
54 Ni3 370.114 2.606
54 Ni3 380.114 2.606
54 Ni3 390.115 2.606
54 Ni3 400.115 2.606
54 Ni3 410.116 2.606
54 Ni3 420.116 2.606
54 Ni3 430.116 2.606
54 Ni3 440.117 2.606
54 Ni3 450.117 2.606
54 Ni3 460.117 2.606
54 Ni3 470.118 2.606
54 Ni3 480.118 2.606
54 Ni3 490.119 2.606
T= 490.119 Sum_i(J(m_i, T))
   
55 Ni4 0.100004 2.606
55 Ni4 10.1004 2.606
55 Ni4 20.1008 2.606
55 Ni4 30.1011 2.606
55 Ni4 40.1015 2.606
55 Ni4 50.1019 2.606
55 Ni4 60.1023 2.606
55 Ni4 70.1027 2.606
55 Ni4 80.103 2.606
55 Ni4 90.1034 2.606
55 Ni4 100.104 2.606
55 Ni4 110.104 2.606
55 Ni4 120.105 2.606
55 Ni4 130.105 2.606
55 Ni4 140.105 2.606
55 Ni4 150.106 2.606
55 Ni4 160.106 2.606
55 Ni4 170.106 2.606
55 Ni4 180.107 2.606
55 Ni4 190.107 2.606
55 Ni4 200.108 2.606
55 Ni4 210.108 2.606
55 Ni4 220.108 2.606
55 Ni4 230.109 2.606
55 Ni4 240.109 2.606
55 Ni4 250.109 2.606
55 Ni4 260.11 2.606
55 Ni4 270.11 2.606
55 Ni4 280.111 2.606
55 Ni4 290.111 2.606
55 Ni4 300.111 2.606
55 Ni4 310.112 2.606
55 Ni4 320.112 2.606
55 Ni4 330.113 2.606
55 Ni4 340.113 2.606
55 Ni4 350.113 2.606
55 Ni4 360.114 2.606
55 Ni4 370.114 2.606
55 Ni4 380.114 2.606
55 Ni4 390.115 2.606
55 Ni4 400.115 2.606
55 Ni4 410.116 2.606
55 Ni4 420.116 2.606
55 Ni4 430.116 2.606
55 Ni4 440.117 2.606
55 Ni4 450.117 2.606
55 Ni4 460.117 2.606
55 Ni4 470.118 2.606
55 Ni4 480.118 2.606
55 Ni4 490.119 2.606
T= 490.119 Sum_i(J(m_i, T))
   
56 Ni5 0.100004 0.036556
56 Ni5 10.1004 0.0441974
56 Ni5 20.1008 0.0530557
56 Ni5 30.1011 0.0602243
56 Ni5 40.1015 0.0665308
56 Ni5 50.1019 0.0725793
56 Ni5 60.1023 0.077768
56 Ni5 70.1027 0.0823549
56 Ni5 80.103 0.0868336
56 Ni5 90.1034 0.0910481
56 Ni5 100.104 0.0950953
56 Ni5 110.104 0.0987881
56 Ni5 120.105 0.102375
56 Ni5 130.105 0.105952
56 Ni5 140.105 0.109349
56 Ni5 150.106 0.112055
56 Ni5 160.106 0.115629
56 Ni5 170.106 0.118989
56 Ni5 180.107 0.121688
56 Ni5 190.107 0.124334
56 Ni5 200.108 0.126884
56 Ni5 210.108 0.130078
56 Ni5 220.108 0.132764
56 Ni5 230.109 0.135554
56 Ni5 240.109 0.137646
56 Ni5 250.109 0.139633
56 Ni5 260.11 0.142361
56 Ni5 270.11 0.144792
56 Ni5 280.111 0.147263
56 Ni5 290.111 0.149641
56 Ni5 300.111 0.152024
56 Ni5 310.112 0.153906
56 Ni5 320.112 0.155821
56 Ni5 330.113 0.157795
56 Ni5 340.113 0.159925
56 Ni5 350.113 0.162329
56 Ni5 360.114 0.16379
56 Ni5 370.114 0.165939
56 Ni5 380.114 0.168354
56 Ni5 390.115 0.169716
56 Ni5 400.115 0.171818
56 Ni5 410.116 0.173473
56 Ni5 420.116 0.175391
56 Ni5 430.116 0.177417
56 Ni5 440.117 0.178711
56 Ni5 450.117 0.180721
56 Ni5 460.117 0.182356
56 Ni5 470.118 0.183945
56 Ni5 480.118 0.185633
56 Ni5 490.119 0.187806
T= 490.119 Sum_i(J(m_i, T))
   
57 Ni6 0.100004 0.106282
57 Ni6 10.1004 0.106318
57 Ni6 20.1008 0.107273
57 Ni6 30.1011 0.109608
57 Ni6 40.1015 0.112791
57 Ni6 50.1019 0.116291
57 Ni6 60.1023 0.119295
57 Ni6 70.1027 0.123092
57 Ni6 80.103 0.126516
57 Ni6 90.1034 0.129559
57 Ni6 100.104 0.132511
57 Ni6 110.104 0.135682
57 Ni6 120.105 0.1385
57 Ni6 130.105 0.141814
57 Ni6 140.105 0.144195
57 Ni6 150.106 0.147258
57 Ni6 160.106 0.149628
57 Ni6 170.106 0.152142
57 Ni6 180.107 0.155126
57 Ni6 190.107 0.157774
57 Ni6 200.108 0.160164
57 Ni6 210.108 0.1622
57 Ni6 220.108 0.164783
57 Ni6 230.109 0.167285
57 Ni6 240.109 0.16966
57 Ni6 250.109 0.171458
57 Ni6 260.11 0.174399
57 Ni6 270.11 0.176277
57 Ni6 280.111 0.178078
57 Ni6 290.111 0.179656
57 Ni6 300.111 0.18211
57 Ni6 310.112 0.184345
57 Ni6 320.112 0.186726
57 Ni6 330.113 0.187665
57 Ni6 340.113 0.18974
57 Ni6 350.113 0.191851
57 Ni6 360.114 0.193533
57 Ni6 370.114 0.195351
57 Ni6 380.114 0.1972
57 Ni6 390.115 0.199314
57 Ni6 400.115 0.201496
57 Ni6 410.116 0.202537
57 Ni6 420.116 0.204301
57 Ni6 430.116 0.206135
57 Ni6 440.117 0.207524
57 Ni6 450.117 0.208978
57 Ni6 460.117 0.210685
57 Ni6 470.118 0.212168
57 Ni6 480.118 0.214126
57 Ni6 490.119 0.215448
T= 490.119 Sum_i(J(m_i, T))
   
58 Ni7 0.100004 2.606
58 Ni7 10.1004 2.606
58 Ni7 20.1008 2.606
58 Ni7 30.1011 2.606
58 Ni7 40.1015 2.606
58 Ni7 50.1019 2.606
58 Ni7 60.1023 2.606
58 Ni7 70.1027 2.606
58 Ni7 80.103 2.606
58 Ni7 90.1034 2.606
58 Ni7 100.104 2.606
58 Ni7 110.104 2.606
58 Ni7 120.105 2.606
58 Ni7 130.105 2.606
58 Ni7 140.105 2.606
58 Ni7 150.106 2.606
58 Ni7 160.106 2.606
58 Ni7 170.106 2.606
58 Ni7 180.107 2.606
58 Ni7 190.107 2.606
58 Ni7 200.108 2.606
58 Ni7 210.108 2.606
58 Ni7 220.108 2.606
58 Ni7 230.109 2.606
58 Ni7 240.109 2.606
58 Ni7 250.109 2.606
58 Ni7 260.11 2.606
58 Ni7 270.11 2.606
58 Ni7 280.111 2.606
58 Ni7 290.111 2.606
58 Ni7 300.111 2.606
58 Ni7 310.112 2.606
58 Ni7 320.112 2.606
58 Ni7 330.113 2.606
58 Ni7 340.113 2.606
58 Ni7 350.113 2.606
58 Ni7 360.114 2.606
58 Ni7 370.114 2.606
58 Ni7 380.114 2.606
58 Ni7 390.115 2.606
58 Ni7 400.115 2.606
58 Ni7 410.116 2.606
58 Ni7 420.116 2.606
58 Ni7 430.116 2.606
58 Ni7 440.117 2.606
58 Ni7 450.117 2.606
58 Ni7 460.117 2.606
58 Ni7 470.118 2.606
58 Ni7 480.118 2.606
58 Ni7 490.119 2.606
T= 490.119 Sum_i(J(m_i, T))
   
59 Ni8 0.100004 0.0301341
59 Ni8 10.1004 0.0393141
59 Ni8 20.1008 0.0482672
59 Ni8 30.1011 0.0558129
59 Ni8 40.1015 0.0619171
59 Ni8 50.1019 0.0676727
59 Ni8 60.1023 0.0726234
59 Ni8 70.1027 0.0773995
59 Ni8 80.103 0.0819373
59 Ni8 90.1034 0.0858158
59 Ni8 100.104 0.0896484
59 Ni8 110.104 0.0937182
59 Ni8 120.105 0.0972128
59 Ni8 130.105 0.100548
59 Ni8 140.105 0.103532
59 Ni8 150.106 0.10707
59 Ni8 160.106 0.109862
59 Ni8 170.106 0.113033
59 Ni8 180.107 0.115439
59 Ni8 190.107 0.119004
59 Ni8 200.108 0.121486
59 Ni8 210.108 0.123803
59 Ni8 220.108 0.126335
59 Ni8 230.109 0.128909
59 Ni8 240.109 0.131255
59 Ni8 250.109 0.134151
59 Ni8 260.11 0.136139
59 Ni8 270.11 0.138769
59 Ni8 280.111 0.140977
59 Ni8 290.111 0.142562
59 Ni8 300.111 0.145094
59 Ni8 310.112 0.147423
59 Ni8 320.112 0.149764
59 Ni8 330.113 0.151477
59 Ni8 340.113 0.153446
59 Ni8 350.113 0.155637
59 Ni8 360.114 0.157458
59 Ni8 370.114 0.158867
59 Ni8 380.114 0.160821
59 Ni8 390.115 0.162818
59 Ni8 400.115 0.165609
59 Ni8 410.116 0.166483
59 Ni8 420.116 0.168748
59 Ni8 430.116 0.17036
59 Ni8 440.117 0.171796
59 Ni8 450.117 0.173875
59 Ni8 460.117 0.175418
59 Ni8 470.118 0.177036
59 Ni8 480.118 0.178122
59 Ni8 490.119 0.180796
T= 490.119 Sum_i(J(m_i, T))
   
60 Ni9 0.100004 0.0577835
60 Ni9 10.1004 0.0608863
60 Ni9 20.1008 0.0677109
60 Ni9 30.1011 0.0742222
60 Ni9 40.1015 0.0803967
60 Ni9 50.1019 0.0857474
60 Ni9 60.1023 0.0911136
60 Ni9 70.1027 0.0959128
60 Ni9 80.103 0.100225
60 Ni9 90.1034 0.10446
60 Ni9 100.104 0.108138
60 Ni9 110.104 0.112647
60 Ni9 120.105 0.116091
60 Ni9 130.105 0.119714
60 Ni9 140.105 0.122749
60 Ni9 150.106 0.126476
60 Ni9 160.106 0.129458
60 Ni9 170.106 0.132662
60 Ni9 180.107 0.135814
60 Ni9 190.107 0.138271
60 Ni9 200.108 0.140747
60 Ni9 210.108 0.143926
60 Ni9 220.108 0.146809
60 Ni9 230.109 0.148987
60 Ni9 240.109 0.151835
60 Ni9 250.109 0.15435
60 Ni9 260.11 0.156711
60 Ni9 270.11 0.158935
60 Ni9 280.111 0.161323
60 Ni9 290.111 0.163431
60 Ni9 300.111 0.166092
60 Ni9 310.112 0.167825
60 Ni9 320.112 0.170384
60 Ni9 330.113 0.1727
60 Ni9 340.113 0.174623
60 Ni9 350.113 0.176349
60 Ni9 360.114 0.178471
60 Ni9 370.114 0.180803
60 Ni9 380.114 0.182681
60 Ni9 390.115 0.18489
60 Ni9 400.115 0.186222
60 Ni9 410.116 0.18775
60 Ni9 420.116 0.190146
60 Ni9 430.116 0.19223
60 Ni9 440.117 0.1942
60 Ni9 450.117 0.195963
60 Ni9 460.117 0.197572
60 Ni9 470.118 0.19921
60 Ni9 480.118 0.200115
60 Ni9 490.119 0.202544
T= 490.119 Sum_i(J(m_i, T))
   
61 Ni10 0.100004 0.203114
61 Ni10 10.1004 0.202693
61 Ni10 20.1008 0.202647
61 Ni10 30.1011 0.202274
61 Ni10 40.1015 0.202184
61 Ni10 50.1019 0.202513
61 Ni10 60.1023 0.202712
61 Ni10 70.1027 0.203619
61 Ni10 80.103 0.204507
61 Ni10 90.1034 0.205883
61 Ni10 100.104 0.20674
61 Ni10 110.104 0.20908
61 Ni10 120.105 0.21015
61 Ni10 130.105 0.211441
61 Ni10 140.105 0.213152
61 Ni10 150.106 0.214741
61 Ni10 160.106 0.216598
61 Ni10 170.106 0.21811
61 Ni10 180.107 0.220172
61 Ni10 190.107 0.221497
61 Ni10 200.108 0.223336
61 Ni10 210.108 0.224859
61 Ni10 220.108 0.226641
61 Ni10 230.109 0.228267
61 Ni10 240.109 0.229966
61 Ni10 250.109 0.231637
61 Ni10 260.11 0.23364
61 Ni10 270.11 0.235355
61 Ni10 280.111 0.236644
61 Ni10 290.111 0.23798
61 Ni10 300.111 0.239434
61 Ni10 310.112 0.241764
61 Ni10 320.112 0.243012
61 Ni10 330.113 0.243945
61 Ni10 340.113 0.245792
61 Ni10 350.113 0.247465
61 Ni10 360.114 0.249094
61 Ni10 370.114 0.250772
61 Ni10 380.114 0.252261
61 Ni10 390.115 0.253768
61 Ni10 400.115 0.255501
61 Ni10 410.116 0.256403
61 Ni10 420.116 0.257335
61 Ni10 430.116 0.259679
61 Ni10 440.117 0.261063
61 Ni10 450.117 0.26255
61 Ni10 460.117 0.26317
61 Ni10 470.118 0.265198
61 Ni10 480.118 0.266529
61 Ni10 490.119 0.267655
T= 490.119 Sum_i(J(m_i, T))
   
62 Ni11 0.100004 2.606
62 Ni11 10.1004 2.606
62 Ni11 20.1008 2.606
62 Ni11 30.1011 2.606
62 Ni11 40.1015 2.606
62 Ni11 50.1019 2.606
62 Ni11 60.1023 2.606
62 Ni11 70.1027 2.606
62 Ni11 80.103 2.606
62 Ni11 90.1034 2.606
62 Ni11 100.104 2.606
62 Ni11 110.104 2.606
62 Ni11 120.105 2.606
62 Ni11 130.105 2.606
62 Ni11 140.105 2.606
62 Ni11 150.106 2.606
62 Ni11 160.106 2.606
62 Ni11 170.106 2.606
62 Ni11 180.107 2.606
62 Ni11 190.107 2.606
62 Ni11 200.108 2.606
62 Ni11 210.108 2.606
62 Ni11 220.108 2.606
62 Ni11 230.109 2.606
62 Ni11 240.109 2.606
62 Ni11 250.109 2.606
62 Ni11 260.11 2.606
62 Ni11 270.11 2.606
62 Ni11 280.111 2.606
62 Ni11 290.111 2.606
62 Ni11 300.111 2.606
62 Ni11 310.112 2.606
62 Ni11 320.112 2.606
62 Ni11 330.113 2.606
62 Ni11 340.113 2.606
62 Ni11 350.113 2.606
62 Ni11 360.114 2.606
62 Ni11 370.114 2.606
62 Ni11 380.114 2.606
62 Ni11 390.115 2.606
62 Ni11 400.115 2.606
62 Ni11 410.116 2.606
62 Ni11 420.116 2.606
62 Ni11 430.116 2.606
62 Ni11 440.117 2.606
62 Ni11 450.117 2.606
62 Ni11 460.117 2.606
62 Ni11 470.118 2.606
62 Ni11 480.118 2.606
62 Ni11 490.119 2.606
T= 490.119 Sum_i(J(m_i, T))
   
63 Ni12 0.100004 0.0263284
63 Ni12 10.1004 0.0394744
63 Ni12 20.1008 0.0501192
63 Ni12 30.1011 0.0584465
63 Ni12 40.1015 0.0656444
63 Ni12 50.1019 0.0717846
63 Ni12 60.1023 0.0777671
63 Ni12 70.1027 0.0830023
63 Ni12 80.103 0.0876165
63 Ni12 90.1034 0.0924367
63 Ni12 100.104 0.0964956
63 Ni12 110.104 0.101363
63 Ni12 120.105 0.104643
63 Ni12 130.105 0.108465
63 Ni12 140.105 0.112203
63 Ni12 150.106 0.115936
63 Ni12 160.106 0.11901
63 Ni12 170.106 0.122306
63 Ni12 180.107 0.125538
63 Ni12 190.107 0.128338
63 Ni12 200.108 0.131375
63 Ni12 210.108 0.134176
63 Ni12 220.108 0.137346
63 Ni12 230.109 0.139805
63 Ni12 240.109 0.142889
63 Ni12 250.109 0.144546
63 Ni12 260.11 0.147797
63 Ni12 270.11 0.150329
63 Ni12 280.111 0.15291
63 Ni12 290.111 0.155345
63 Ni12 300.111 0.157398
63 Ni12 310.112 0.159865
63 Ni12 320.112 0.162502
63 Ni12 330.113 0.164746
63 Ni12 340.113 0.166826
63 Ni12 350.113 0.168917
63 Ni12 360.114 0.170931
63 Ni12 370.114 0.173067
63 Ni12 380.114 0.17478
63 Ni12 390.115 0.177679
63 Ni12 400.115 0.179204
63 Ni12 410.116 0.180882
63 Ni12 420.116 0.182483
63 Ni12 430.116 0.184665
63 Ni12 440.117 0.186531
63 Ni12 450.117 0.1884
63 Ni12 460.117 0.190225
63 Ni12 470.118 0.192663
63 Ni12 480.118 0.194229
63 Ni12 490.119 0.195964
T= 490.119 Sum_i(J(m_i, T))
   
64 Ni13 0.100004 0.25878
64 Ni13 10.1004 0.258214
64 Ni13 20.1008 0.257768
64 Ni13 30.1011 0.257541
64 Ni13 40.1015 0.256852
64 Ni13 50.1019 0.256741
64 Ni13 60.1023 0.256291
64 Ni13 70.1027 0.256234
64 Ni13 80.103 0.255587
64 Ni13 90.1034 0.255781
64 Ni13 100.104 0.256097
64 Ni13 110.104 0.256499
64 Ni13 120.105 0.257341
64 Ni13 130.105 0.257384
64 Ni13 140.105 0.258526
64 Ni13 150.106 0.258563
64 Ni13 160.106 0.259743
64 Ni13 170.106 0.260462
64 Ni13 180.107 0.261526
64 Ni13 190.107 0.262447
64 Ni13 200.108 0.263156
64 Ni13 210.108 0.264364
64 Ni13 220.108 0.265382
64 Ni13 230.109 0.266443
64 Ni13 240.109 0.267406
64 Ni13 250.109 0.268353
64 Ni13 260.11 0.270125
64 Ni13 270.11 0.27117
64 Ni13 280.111 0.271976
64 Ni13 290.111 0.273304
64 Ni13 300.111 0.274178
64 Ni13 310.112 0.275159
64 Ni13 320.112 0.276643
64 Ni13 330.113 0.27707
64 Ni13 340.113 0.278932
64 Ni13 350.113 0.280328
64 Ni13 360.114 0.281343
64 Ni13 370.114 0.283106
64 Ni13 380.114 0.28332
64 Ni13 390.115 0.284627
64 Ni13 400.115 0.285955
64 Ni13 410.116 0.286661
64 Ni13 420.116 0.288207
64 Ni13 430.116 0.289313
64 Ni13 440.117 0.290052
64 Ni13 450.117 0.291017
64 Ni13 460.117 0.292526
64 Ni13 470.118 0.293093
64 Ni13 480.118 0.29448
64 Ni13 490.119 0.295341
T= 490.119 Sum_i(J(m_i, T))
   
