N (# of atoms):
1 Cr1 0.100004 0.0143032
1 Cr1 10.1004 0.0523395
1 Cr1 20.1008 0.0711674
1 Cr1 30.1011 0.0859053
1 Cr1 40.1015 0.0979795
1 Cr1 50.1019 0.108697
1 Cr1 60.1023 0.118617
1 Cr1 70.1027 0.127166
1 Cr1 80.103 0.135501
1 Cr1 90.1034 0.142751
1 Cr1 100.104 0.150122
1 Cr1 110.104 0.157069
1 Cr1 120.105 0.163133
1 Cr1 130.105 0.169422
1 Cr1 140.105 0.175978
1 Cr1 150.106 0.182149
1 Cr1 160.106 0.186683
1 Cr1 170.106 0.192761
1 Cr1 180.107 0.197644
1 Cr1 190.107 0.20306
1 Cr1 200.108 0.207386
1 Cr1 210.108 0.212642
1 Cr1 220.108 0.216502
1 Cr1 230.109 0.221328
1 Cr1 240.109 0.225192
1 Cr1 250.109 0.229489
1 Cr1 260.11 0.234416
1 Cr1 270.11 0.238654
1 Cr1 280.111 0.241659
1 Cr1 290.111 0.246453
1 Cr1 300.111 0.249516
1 Cr1 310.112 0.25365
1 Cr1 320.112 0.256921
1 Cr1 330.113 0.260635
1 Cr1 340.113 0.264574
1 Cr1 350.113 0.266947
1 Cr1 360.114 0.272342
1 Cr1 370.114 0.273876
1 Cr1 380.114 0.279027
1 Cr1 390.115 0.280836
1 Cr1 400.115 0.284973
1 Cr1 410.116 0.287979
1 Cr1 420.116 0.291118
1 Cr1 430.116 0.2935
1 Cr1 440.117 0.296802
1 Cr1 450.117 0.30058
1 Cr1 460.117 0.304068
1 Cr1 470.118 0.306234
1 Cr1 480.118 0.308147
1 Cr1 490.119 0.31154
T= 490.119 Sum_i(J(m_i, T))
   
2 Cr2 0.100004 0.159834
2 Cr2 10.1004 0.156184
2 Cr2 20.1008 0.17413
2 Cr2 30.1011 0.189292
2 Cr2 40.1015 0.201924
2 Cr2 50.1019 0.213549
2 Cr2 60.1023 0.224333
2 Cr2 70.1027 0.23344
2 Cr2 80.103 0.241958
2 Cr2 90.1034 0.250198
2 Cr2 100.104 0.25804
2 Cr2 110.104 0.264965
2 Cr2 120.105 0.270926
2 Cr2 130.105 0.277379
2 Cr2 140.105 0.284636
2 Cr2 150.106 0.289616
2 Cr2 160.106 0.29618
2 Cr2 170.106 0.301068
2 Cr2 180.107 0.307353
2 Cr2 190.107 0.311638
2 Cr2 200.108 0.316705
2 Cr2 210.108 0.321072
2 Cr2 220.108 0.326264
2 Cr2 230.109 0.331569
2 Cr2 240.109 0.334773
2 Cr2 250.109 0.339738
2 Cr2 260.11 0.343155
2 Cr2 270.11 0.347848
2 Cr2 280.111 0.351402
2 Cr2 290.111 0.356325
2 Cr2 300.111 0.359496
2 Cr2 310.112 0.362595
2 Cr2 320.112 0.367373
2 Cr2 330.113 0.369415
2 Cr2 340.113 0.373718
2 Cr2 350.113 0.376946
2 Cr2 360.114 0.380422
2 Cr2 370.114 0.383738
2 Cr2 380.114 0.386996
2 Cr2 390.115 0.390675
2 Cr2 400.115 0.39478
2 Cr2 410.116 0.396593
2 Cr2 420.116 0.400136
2 Cr2 430.116 0.403363
2 Cr2 440.117 0.405847
2 Cr2 450.117 0.409036
2 Cr2 460.117 0.41159
2 Cr2 470.118 0.414986
2 Cr2 480.118 0.418859
2 Cr2 490.119 0.420137
T= 490.119 Sum_i(J(m_i, T))
   
3 Cr3 0.100004 0.685064
3 Cr3 10.1004 0.675192
3 Cr3 20.1008 0.66569
3 Cr3 30.1011 0.658258
3 Cr3 40.1015 0.651545
3 Cr3 50.1019 0.644078
3 Cr3 60.1023 0.637999
3 Cr3 70.1027 0.631878
3 Cr3 80.103 0.626443
3 Cr3 90.1034 0.620071
3 Cr3 100.104 0.615026
3 Cr3 110.104 0.6103
3 Cr3 120.105 0.606296
3 Cr3 130.105 0.60325
3 Cr3 140.105 0.600221
3 Cr3 150.106 0.598232
3 Cr3 160.106 0.595917
3 Cr3 170.106 0.593109
3 Cr3 180.107 0.592187
3 Cr3 190.107 0.591184
3 Cr3 200.108 0.589927
3 Cr3 210.108 0.58891
3 Cr3 220.108 0.587133
3 Cr3 230.109 0.587835
3 Cr3 240.109 0.586309
3 Cr3 250.109 0.588821
3 Cr3 260.11 0.586854
3 Cr3 270.11 0.587558
3 Cr3 280.111 0.588049
3 Cr3 290.111 0.588478
3 Cr3 300.111 0.58938
3 Cr3 310.112 0.589922
3 Cr3 320.112 0.58995
3 Cr3 330.113 0.590276
3 Cr3 340.113 0.590762
3 Cr3 350.113 0.592036
3 Cr3 360.114 0.59234
3 Cr3 370.114 0.593409
3 Cr3 380.114 0.594055
3 Cr3 390.115 0.594807
3 Cr3 400.115 0.594835
3 Cr3 410.116 0.597432
3 Cr3 420.116 0.597124
3 Cr3 430.116 0.59866
3 Cr3 440.117 0.600751
3 Cr3 450.117 0.59948
3 Cr3 460.117 0.601803
3 Cr3 470.118 0.601914
3 Cr3 480.118 0.604689
3 Cr3 490.119 0.604824
T= 490.119 Sum_i(J(m_i, T))
   
4 Cr4 0.100004 8.42977e-06
4 Cr4 10.1004 0.938637
4 Cr4 20.1008 0.978323
4 Cr4 30.1011 0.984123
4 Cr4 40.1015 0.986121
4 Cr4 50.1019 0.985501
4 Cr4 60.1023 0.98461
4 Cr4 70.1027 0.983613
4 Cr4 80.103 0.983327
4 Cr4 90.1034 0.982072
4 Cr4 100.104 0.980372
4 Cr4 110.104 0.979646
4 Cr4 120.105 0.977765
4 Cr4 130.105 0.975421
4 Cr4 140.105 0.974144
4 Cr4 150.106 0.972512
4 Cr4 160.106 0.970327
4 Cr4 170.106 0.968591
4 Cr4 180.107 0.965864
4 Cr4 190.107 0.965106
4 Cr4 200.108 0.963616
4 Cr4 210.108 0.960916
4 Cr4 220.108 0.959616
4 Cr4 230.109 0.956617
4 Cr4 240.109 0.954565
4 Cr4 250.109 0.95017
4 Cr4 260.11 0.94931
4 Cr4 270.11 0.947633
4 Cr4 280.111 0.944107
4 Cr4 290.111 0.943568
4 Cr4 300.111 0.942658
4 Cr4 310.112 0.939549
4 Cr4 320.112 0.936716
4 Cr4 330.113 0.936731
4 Cr4 340.113 0.934813
4 Cr4 350.113 0.932818
4 Cr4 360.114 0.930242
4 Cr4 370.114 0.927687
4 Cr4 380.114 0.92603
4 Cr4 390.115 0.924501
4 Cr4 400.115 0.922352
4 Cr4 410.116 0.923194
4 Cr4 420.116 0.918527
4 Cr4 430.116 0.918602
4 Cr4 440.117 0.91682
4 Cr4 450.117 0.914563
4 Cr4 460.117 0.913886
4 Cr4 470.118 0.912746
4 Cr4 480.118 0.910043
4 Cr4 490.119 0.908582
T= 490.119 Sum_i(J(m_i, T))
   
5 Cr5 0.100004 5.806
5 Cr5 10.1004 5.806
5 Cr5 20.1008 5.80599
5 Cr5 30.1011 5.80599
5 Cr5 40.1015 5.80599
5 Cr5 50.1019 5.80599
5 Cr5 60.1023 5.80599
5 Cr5 70.1027 5.80599
5 Cr5 80.103 5.80598
5 Cr5 90.1034 5.80598
5 Cr5 100.104 5.80598
5 Cr5 110.104 5.80598
5 Cr5 120.105 5.80597
5 Cr5 130.105 5.80597
5 Cr5 140.105 5.80597
5 Cr5 150.106 5.80597
5 Cr5 160.106 5.80597
5 Cr5 170.106 5.80597
5 Cr5 180.107 5.80596
5 Cr5 190.107 5.80596
5 Cr5 200.108 5.80597
5 Cr5 210.108 5.80595
5 Cr5 220.108 5.80596
5 Cr5 230.109 5.80595
5 Cr5 240.109 5.80595
5 Cr5 250.109 5.80595
5 Cr5 260.11 5.80595
5 Cr5 270.11 5.80595
5 Cr5 280.111 5.80594
5 Cr5 290.111 5.80594
5 Cr5 300.111 5.80594
5 Cr5 310.112 5.80593
5 Cr5 320.112 5.80594
5 Cr5 330.113 5.80594
5 Cr5 340.113 5.80592
5 Cr5 350.113 5.80593
5 Cr5 360.114 5.80593
5 Cr5 370.114 5.80593
5 Cr5 380.114 5.80591
5 Cr5 390.115 5.80593
5 Cr5 400.115 5.80593
5 Cr5 410.116 5.80591
5 Cr5 420.116 5.80591
5 Cr5 430.116 5.80592
5 Cr5 440.117 5.80592
5 Cr5 450.117 5.80591
5 Cr5 460.117 5.80591
5 Cr5 470.118 5.80592
5 Cr5 480.118 5.8059
5 Cr5 490.119 5.8059
T= 490.119 Sum_i(J(m_i, T))
   
6 Cr6 0.100004 0.0939804
6 Cr6 10.1004 0.104726
6 Cr6 20.1008 0.121244
6 Cr6 30.1011 0.135081
6 Cr6 40.1015 0.147463
6 Cr6 50.1019 0.15788
6 Cr6 60.1023 0.167444
6 Cr6 70.1027 0.176346
6 Cr6 80.103 0.184461
6 Cr6 90.1034 0.192431
6 Cr6 100.104 0.199605
6 Cr6 110.104 0.206755
6 Cr6 120.105 0.212709
6 Cr6 130.105 0.219272
6 Cr6 140.105 0.224957
6 Cr6 150.106 0.229878
6 Cr6 160.106 0.236025
6 Cr6 170.106 0.241402
6 Cr6 180.107 0.245888
6 Cr6 190.107 0.251218
6 Cr6 200.108 0.255996
6 Cr6 210.108 0.260358
6 Cr6 220.108 0.265106
6 Cr6 230.109 0.269449
6 Cr6 240.109 0.274056
6 Cr6 250.109 0.27844
6 Cr6 260.11 0.281691
6 Cr6 270.11 0.286153
6 Cr6 280.111 0.289984
6 Cr6 290.111 0.293863
6 Cr6 300.111 0.297471
6 Cr6 310.112 0.303043
6 Cr6 320.112 0.305513
6 Cr6 330.113 0.308318
6 Cr6 340.113 0.31192
6 Cr6 350.113 0.315686
6 Cr6 360.114 0.318664
6 Cr6 370.114 0.321384
6 Cr6 380.114 0.324349
6 Cr6 390.115 0.328774
6 Cr6 400.115 0.330897
6 Cr6 410.116 0.333333
6 Cr6 420.116 0.338045
6 Cr6 430.116 0.340623
6 Cr6 440.117 0.343263
6 Cr6 450.117 0.346339
6 Cr6 460.117 0.349873
6 Cr6 470.118 0.351852
6 Cr6 480.118 0.3554
6 Cr6 490.119 0.358191
T= 490.119 Sum_i(J(m_i, T))
   
7 Cr7 0.100004 0.000103916
7 Cr7 10.1004 0.384736
7 Cr7 20.1008 0.372493
7 Cr7 30.1011 0.363912
7 Cr7 40.1015 0.361187
7 Cr7 50.1019 0.360155
7 Cr7 60.1023 0.361819
7 Cr7 70.1027 0.364191
7 Cr7 80.103 0.366718
7 Cr7 90.1034 0.369233
7 Cr7 100.104 0.373536
7 Cr7 110.104 0.377004
7 Cr7 120.105 0.379833
7 Cr7 130.105 0.382277
7 Cr7 140.105 0.386297
7 Cr7 150.106 0.38997
7 Cr7 160.106 0.393239
7 Cr7 170.106 0.397928
7 Cr7 180.107 0.400169
7 Cr7 190.107 0.40292
7 Cr7 200.108 0.406005
7 Cr7 210.108 0.408777
7 Cr7 220.108 0.4115
7 Cr7 230.109 0.414823
7 Cr7 240.109 0.41891
7 Cr7 250.109 0.421582
7 Cr7 260.11 0.423725
7 Cr7 270.11 0.42639
7 Cr7 280.111 0.429269
7 Cr7 290.111 0.43313
7 Cr7 300.111 0.436215
7 Cr7 310.112 0.437145
7 Cr7 320.112 0.440831
7 Cr7 330.113 0.443606
7 Cr7 340.113 0.446248
7 Cr7 350.113 0.449108
7 Cr7 360.114 0.451229
7 Cr7 370.114 0.453719
7 Cr7 380.114 0.455155
7 Cr7 390.115 0.459326
7 Cr7 400.115 0.460856
7 Cr7 410.116 0.463946
7 Cr7 420.116 0.465353
7 Cr7 430.116 0.467079
7 Cr7 440.117 0.470969
7 Cr7 450.117 0.472632
7 Cr7 460.117 0.473602
7 Cr7 470.118 0.477088
7 Cr7 480.118 0.48063
7 Cr7 490.119 0.482491
T= 490.119 Sum_i(J(m_i, T))
   
8 Cr8 0.100004 0.242651
8 Cr8 10.1004 0.198717
8 Cr8 20.1008 0.212665
8 Cr8 30.1011 0.227482
8 Cr8 40.1015 0.238936
8 Cr8 50.1019 0.249018
8 Cr8 60.1023 0.259086
8 Cr8 70.1027 0.268082
8 Cr8 80.103 0.276075
8 Cr8 90.1034 0.28373
8 Cr8 100.104 0.290925
8 Cr8 110.104 0.29779
8 Cr8 120.105 0.304217
8 Cr8 130.105 0.309651
8 Cr8 140.105 0.316206
8 Cr8 150.106 0.32155
8 Cr8 160.106 0.327265
8 Cr8 170.106 0.332759
8 Cr8 180.107 0.337081
8 Cr8 190.107 0.342963
8 Cr8 200.108 0.346564
8 Cr8 210.108 0.352017
8 Cr8 220.108 0.356412
8 Cr8 230.109 0.359559
8 Cr8 240.109 0.364359
8 Cr8 250.109 0.368567
8 Cr8 260.11 0.37354
8 Cr8 270.11 0.376623
8 Cr8 280.111 0.379726
8 Cr8 290.111 0.384948
8 Cr8 300.111 0.387921
8 Cr8 310.112 0.391096
8 Cr8 320.112 0.394299
8 Cr8 330.113 0.398526
8 Cr8 340.113 0.401746
8 Cr8 350.113 0.406418
8 Cr8 360.114 0.407866
8 Cr8 370.114 0.412153
8 Cr8 380.114 0.414754
8 Cr8 390.115 0.419015
8 Cr8 400.115 0.420432
8 Cr8 410.116 0.424311
8 Cr8 420.116 0.42776
8 Cr8 430.116 0.430368
8 Cr8 440.117 0.432519
8 Cr8 450.117 0.435522
8 Cr8 460.117 0.438827
8 Cr8 470.118 0.440755
8 Cr8 480.118 0.442555
8 Cr8 490.119 0.44632
T= 490.119 Sum_i(J(m_i, T))
   
9 Cr9 0.100004 5.59534e-05
9 Cr9 10.1004 0.445678
9 Cr9 20.1008 0.441815
9 Cr9 30.1011 0.43117
9 Cr9 40.1015 0.421999
9 Cr9 50.1019 0.415385
9 Cr9 60.1023 0.411334
9 Cr9 70.1027 0.408644
9 Cr9 80.103 0.407991
9 Cr9 90.1034 0.407917
9 Cr9 100.104 0.408143
9 Cr9 110.104 0.410067
9 Cr9 120.105 0.41044
9 Cr9 130.105 0.411582
9 Cr9 140.105 0.413186
9 Cr9 150.106 0.415285
9 Cr9 160.106 0.417016
9 Cr9 170.106 0.419004
9 Cr9 180.107 0.421088
9 Cr9 190.107 0.423041
9 Cr9 200.108 0.425979
9 Cr9 210.108 0.427633
9 Cr9 220.108 0.429856
9 Cr9 230.109 0.432499
9 Cr9 240.109 0.434924
9 Cr9 250.109 0.436272
9 Cr9 260.11 0.439233
9 Cr9 270.11 0.441449
9 Cr9 280.111 0.443225
9 Cr9 290.111 0.445311
9 Cr9 300.111 0.447819
9 Cr9 310.112 0.449796
9 Cr9 320.112 0.45218
9 Cr9 330.113 0.454136
9 Cr9 340.113 0.456685
9 Cr9 350.113 0.457851
9 Cr9 360.114 0.460786
9 Cr9 370.114 0.462773
9 Cr9 380.114 0.463682
9 Cr9 390.115 0.465991
9 Cr9 400.115 0.46792
9 Cr9 410.116 0.471566
9 Cr9 420.116 0.473012
9 Cr9 430.116 0.474276
9 Cr9 440.117 0.47681
9 Cr9 450.117 0.477367
9 Cr9 460.117 0.48057
9 Cr9 470.118 0.482378
9 Cr9 480.118 0.484214
9 Cr9 490.119 0.485242
T= 490.119 Sum_i(J(m_i, T))
   
10 Fe1 0.100004 1.05077
10 Fe1 10.1004 1.04696
10 Fe1 20.1008 1.04318
10 Fe1 30.1011 1.03944
10 Fe1 40.1015 1.0362
10 Fe1 50.1019 1.03203
10 Fe1 60.1023 1.02736
10 Fe1 70.1027 1.02408
10 Fe1 80.103 1.01982
10 Fe1 90.1034 1.01617
10 Fe1 100.104 1.0124
10 Fe1 110.104 1.00761
10 Fe1 120.105 1.00318
10 Fe1 130.105 1.00017
10 Fe1 140.105 0.99517
10 Fe1 150.106 0.992344
10 Fe1 160.106 0.988481
10 Fe1 170.106 0.984865
10 Fe1 180.107 0.981124
10 Fe1 190.107 0.977301
10 Fe1 200.108 0.973761
10 Fe1 210.108 0.971254
10 Fe1 220.108 0.967823
10 Fe1 230.109 0.964474
10 Fe1 240.109 0.961631
10 Fe1 250.109 0.959197
10 Fe1 260.11 0.955842
10 Fe1 270.11 0.954029
10 Fe1 280.111 0.952115
10 Fe1 290.111 0.948809
10 Fe1 300.111 0.94784
10 Fe1 310.112 0.944925
10 Fe1 320.112 0.942431
10 Fe1 330.113 0.940546
10 Fe1 340.113 0.93985
10 Fe1 350.113 0.93794
10 Fe1 360.114 0.937007
10 Fe1 370.114 0.932568
10 Fe1 380.114 0.932418
10 Fe1 390.115 0.930887
10 Fe1 400.115 0.929734
10 Fe1 410.116 0.929131
10 Fe1 420.116 0.928204
10 Fe1 430.116 0.925566
10 Fe1 440.117 0.925066
10 Fe1 450.117 0.924866
10 Fe1 460.117 0.925351
10 Fe1 470.118 0.924114
10 Fe1 480.118 0.923238
10 Fe1 490.119 0.922856
T= 490.119 Sum_i(J(m_i, T))
   
11 Fe2 0.100004 0.920113
11 Fe2 10.1004 0.870603
11 Fe2 20.1008 0.787944
11 Fe2 30.1011 0.737266
11 Fe2 40.1015 0.710134
11 Fe2 50.1019 0.695574
11 Fe2 60.1023 0.687392
11 Fe2 70.1027 0.683687
11 Fe2 80.103 0.679191
11 Fe2 90.1034 0.681167
11 Fe2 100.104 0.679679
11 Fe2 110.104 0.680348
11 Fe2 120.105 0.681188
11 Fe2 130.105 0.682069
11 Fe2 140.105 0.685464
11 Fe2 150.106 0.687063
11 Fe2 160.106 0.689617
11 Fe2 170.106 0.690614
11 Fe2 180.107 0.694199
11 Fe2 190.107 0.697694
11 Fe2 200.108 0.698842
11 Fe2 210.108 0.700996
11 Fe2 220.108 0.706172
11 Fe2 230.109 0.705645
11 Fe2 240.109 0.71062
11 Fe2 250.109 0.711727
11 Fe2 260.11 0.713919
11 Fe2 270.11 0.714661
11 Fe2 280.111 0.71841
11 Fe2 290.111 0.721391
11 Fe2 300.111 0.722615
11 Fe2 310.112 0.724707
11 Fe2 320.112 0.729066
11 Fe2 330.113 0.728824
11 Fe2 340.113 0.732083
11 Fe2 350.113 0.732735
11 Fe2 360.114 0.735964
11 Fe2 370.114 0.737841
11 Fe2 380.114 0.742947
11 Fe2 390.115 0.743429
11 Fe2 400.115 0.745185
11 Fe2 410.116 0.746902
11 Fe2 420.116 0.749004
11 Fe2 430.116 0.752709
11 Fe2 440.117 0.753797
11 Fe2 450.117 0.754105
11 Fe2 460.117 0.756785
11 Fe2 470.118 0.757129
11 Fe2 480.118 0.7612
11 Fe2 490.119 0.762742
T= 490.119 Sum_i(J(m_i, T))
   
12 Fe3 0.100004 1.47448
12 Fe3 10.1004 1.47238
12 Fe3 20.1008 1.47041
12 Fe3 30.1011 1.46837
12 Fe3 40.1015 1.46683
12 Fe3 50.1019 1.46475
12 Fe3 60.1023 1.46267
12 Fe3 70.1027 1.46034
12 Fe3 80.103 1.45843
12 Fe3 90.1034 1.4565
12 Fe3 100.104 1.45416
12 Fe3 110.104 1.45157
12 Fe3 120.105 1.45015
12 Fe3 130.105 1.44765
12 Fe3 140.105 1.44522
12 Fe3 150.106 1.44244
12 Fe3 160.106 1.44042
12 Fe3 170.106 1.43782
12 Fe3 180.107 1.43547
12 Fe3 190.107 1.43198
12 Fe3 200.108 1.43035
12 Fe3 210.108 1.42852
12 Fe3 220.108 1.42594
12 Fe3 230.109 1.42304
12 Fe3 240.109 1.4197
12 Fe3 250.109 1.41603
12 Fe3 260.11 1.41468
12 Fe3 270.11 1.41181
12 Fe3 280.111 1.40954
12 Fe3 290.111 1.40554
12 Fe3 300.111 1.40137
12 Fe3 310.112 1.39977
12 Fe3 320.112 1.39717
12 Fe3 330.113 1.39382
12 Fe3 340.113 1.3911
12 Fe3 350.113 1.38766
12 Fe3 360.114 1.38543
12 Fe3 370.114 1.38212
12 Fe3 380.114 1.37916
12 Fe3 390.115 1.37606
12 Fe3 400.115 1.37347
12 Fe3 410.116 1.37039
12 Fe3 420.116 1.36801
12 Fe3 430.116 1.36515
12 Fe3 440.117 1.36131
12 Fe3 450.117 1.35886
12 Fe3 460.117 1.35743
12 Fe3 470.118 1.35441
12 Fe3 480.118 1.35068
12 Fe3 490.119 1.34758
T= 490.119 Sum_i(J(m_i, T))
   
13 Fe4 0.100004 1.39949
13 Fe4 10.1004 1.3969
13 Fe4 20.1008 1.39472
13 Fe4 30.1011 1.39214
13 Fe4 40.1015 1.38995
13 Fe4 50.1019 1.38741
13 Fe4 60.1023 1.38488
13 Fe4 70.1027 1.38188
13 Fe4 80.103 1.37997
13 Fe4 90.1034 1.37678
13 Fe4 100.104 1.37461
13 Fe4 110.104 1.37171
13 Fe4 120.105 1.36842
13 Fe4 130.105 1.36516
13 Fe4 140.105 1.36209
13 Fe4 150.106 1.35964
13 Fe4 160.106 1.35665
13 Fe4 170.106 1.35258
13 Fe4 180.107 1.3502
13 Fe4 190.107 1.3472
13 Fe4 200.108 1.34403
13 Fe4 210.108 1.34021
13 Fe4 220.108 1.33668
13 Fe4 230.109 1.33358
13 Fe4 240.109 1.32916
13 Fe4 250.109 1.3256
13 Fe4 260.11 1.32382
13 Fe4 270.11 1.31802
13 Fe4 280.111 1.31489
13 Fe4 290.111 1.31236
13 Fe4 300.111 1.30922
13 Fe4 310.112 1.3041
13 Fe4 320.112 1.30271
13 Fe4 330.113 1.2997
13 Fe4 340.113 1.29479
13 Fe4 350.113 1.2925
13 Fe4 360.114 1.28837
13 Fe4 370.114 1.28599
13 Fe4 380.114 1.28183
13 Fe4 390.115 1.27859
13 Fe4 400.115 1.27331
13 Fe4 410.116 1.27214
13 Fe4 420.116 1.26792
13 Fe4 430.116 1.26596
13 Fe4 440.117 1.26276
13 Fe4 450.117 1.25894
13 Fe4 460.117 1.25672
13 Fe4 470.118 1.25501
13 Fe4 480.118 1.25139
13 Fe4 490.119 1.24888
T= 490.119 Sum_i(J(m_i, T))
   
14 Fe5 0.100004 1.26963
14 Fe5 10.1004 1.26623
14 Fe5 20.1008 1.2632
14 Fe5 30.1011 1.26027
14 Fe5 40.1015 1.25615
14 Fe5 50.1019 1.25296
14 Fe5 60.1023 1.24915
14 Fe5 70.1027 1.24582
14 Fe5 80.103 1.24201
14 Fe5 90.1034 1.23791
14 Fe5 100.104 1.23383
14 Fe5 110.104 1.22984
14 Fe5 120.105 1.22544
14 Fe5 130.105 1.22133
14 Fe5 140.105 1.21724
14 Fe5 150.106 1.21134
14 Fe5 160.106 1.2072
14 Fe5 170.106 1.20222
14 Fe5 180.107 1.19743
14 Fe5 190.107 1.19244
14 Fe5 200.108 1.1882
14 Fe5 210.108 1.18272
14 Fe5 220.108 1.17814
14 Fe5 230.109 1.1728
14 Fe5 240.109 1.16691
14 Fe5 250.109 1.1641
14 Fe5 260.11 1.15989
14 Fe5 270.11 1.15544
14 Fe5 280.111 1.15079
14 Fe5 290.111 1.14738
14 Fe5 300.111 1.14416
14 Fe5 310.112 1.13963
14 Fe5 320.112 1.13558
14 Fe5 330.113 1.13088
14 Fe5 340.113 1.12804
14 Fe5 350.113 1.12559
14 Fe5 360.114 1.12154
14 Fe5 370.114 1.11824
14 Fe5 380.114 1.11592
14 Fe5 390.115 1.11146
14 Fe5 400.115 1.10883
14 Fe5 410.116 1.10615
14 Fe5 420.116 1.10419
14 Fe5 430.116 1.10121
14 Fe5 440.117 1.09896
14 Fe5 450.117 1.09961
14 Fe5 460.117 1.09554
14 Fe5 470.118 1.09234
14 Fe5 480.118 1.08953
14 Fe5 490.119 1.09016
T= 490.119 Sum_i(J(m_i, T))
   
15 Fe6 0.100004 1.13614
15 Fe6 10.1004 1.12977
15 Fe6 20.1008 1.1229
15 Fe6 30.1011 1.11555
15 Fe6 40.1015 1.10745
15 Fe6 50.1019 1.10005
15 Fe6 60.1023 1.08987
15 Fe6 70.1027 1.0799
15 Fe6 80.103 1.06946
15 Fe6 90.1034 1.06013
15 Fe6 100.104 1.0497
15 Fe6 110.104 1.0396
15 Fe6 120.105 1.03105
15 Fe6 130.105 1.02016
15 Fe6 140.105 1.01262
15 Fe6 150.106 1.00496
15 Fe6 160.106 0.997778
15 Fe6 170.106 0.992604
15 Fe6 180.107 0.986401
15 Fe6 190.107 0.980172
15 Fe6 200.108 0.973226
15 Fe6 210.108 0.968054
15 Fe6 220.108 0.964707
15 Fe6 230.109 0.961044
15 Fe6 240.109 0.957275
15 Fe6 250.109 0.954585
15 Fe6 260.11 0.950232
15 Fe6 270.11 0.94686
15 Fe6 280.111 0.945248
15 Fe6 290.111 0.941543
15 Fe6 300.111 0.938908
15 Fe6 310.112 0.936928
15 Fe6 320.112 0.935738
15 Fe6 330.113 0.934277
15 Fe6 340.113 0.931153
15 Fe6 350.113 0.930708
15 Fe6 360.114 0.929393
15 Fe6 370.114 0.927017
15 Fe6 380.114 0.926773
15 Fe6 390.115 0.927243
15 Fe6 400.115 0.927082
15 Fe6 410.116 0.924848
15 Fe6 420.116 0.925344
15 Fe6 430.116 0.923656
15 Fe6 440.117 0.923591
15 Fe6 450.117 0.923197
15 Fe6 460.117 0.919996
15 Fe6 470.118 0.922813
15 Fe6 480.118 0.922411
15 Fe6 490.119 0.91957
T= 490.119 Sum_i(J(m_i, T))
   
16 Fe7 0.100004 1.05982
16 Fe7 10.1004 1.05557
16 Fe7 20.1008 1.05146
16 Fe7 30.1011 1.04689
16 Fe7 40.1015 1.04219
16 Fe7 50.1019 1.03813
16 Fe7 60.1023 1.03359
16 Fe7 70.1027 1.02916
16 Fe7 80.103 1.02331
16 Fe7 90.1034 1.0183
16 Fe7 100.104 1.01379
16 Fe7 110.104 1.00971
16 Fe7 120.105 1.00482
16 Fe7 130.105 0.999962
16 Fe7 140.105 0.996019
16 Fe7 150.106 0.99102
16 Fe7 160.106 0.98889
16 Fe7 170.106 0.982728
16 Fe7 180.107 0.97981
16 Fe7 190.107 0.976065
16 Fe7 200.108 0.971016
16 Fe7 210.108 0.969762
16 Fe7 220.108 0.964788
16 Fe7 230.109 0.960804
16 Fe7 240.109 0.958686
16 Fe7 250.109 0.954631
16 Fe7 260.11 0.952845
16 Fe7 270.11 0.950752
16 Fe7 280.111 0.948388
16 Fe7 290.111 0.94568
16 Fe7 300.111 0.943487
16 Fe7 310.112 0.941362
16 Fe7 320.112 0.93855
16 Fe7 330.113 0.937188
16 Fe7 340.113 0.93584
16 Fe7 350.113 0.932278
16 Fe7 360.114 0.932185
16 Fe7 370.114 0.932353
16 Fe7 380.114 0.92881
16 Fe7 390.115 0.928157
16 Fe7 400.115 0.926345
16 Fe7 410.116 0.925572
16 Fe7 420.116 0.92451
16 Fe7 430.116 0.92369
16 Fe7 440.117 0.922963
16 Fe7 450.117 0.922457
16 Fe7 460.117 0.922686
16 Fe7 470.118 0.920249
16 Fe7 480.118 0.918821
16 Fe7 490.119 0.921093
T= 490.119 Sum_i(J(m_i, T))
   
17 Fe8 0.100004 1.23401
17 Fe8 10.1004 1.22993
17 Fe8 20.1008 1.22551
17 Fe8 30.1011 1.22081
17 Fe8 40.1015 1.21675
17 Fe8 50.1019 1.2118
17 Fe8 60.1023 1.20775
17 Fe8 70.1027 1.20255
17 Fe8 80.103 1.19791
17 Fe8 90.1034 1.19221
17 Fe8 100.104 1.18644
17 Fe8 110.104 1.18044
17 Fe8 120.105 1.17636
17 Fe8 130.105 1.17092
17 Fe8 140.105 1.16521
17 Fe8 150.106 1.16035
17 Fe8 160.106 1.15424
17 Fe8 170.106 1.14893
17 Fe8 180.107 1.14221
17 Fe8 190.107 1.13733
17 Fe8 200.108 1.13211
17 Fe8 210.108 1.12745
17 Fe8 220.108 1.12253
17 Fe8 230.109 1.11838
17 Fe8 240.109 1.11371
17 Fe8 250.109 1.10852
17 Fe8 260.11 1.10549
17 Fe8 270.11 1.10157
17 Fe8 280.111 1.09728
17 Fe8 290.111 1.09231
17 Fe8 300.111 1.08952
17 Fe8 310.112 1.08544
17 Fe8 320.112 1.08348
17 Fe8 330.113 1.0787
17 Fe8 340.113 1.07767
17 Fe8 350.113 1.07246
17 Fe8 360.114 1.07012
17 Fe8 370.114 1.06715
17 Fe8 380.114 1.0666
17 Fe8 390.115 1.06137
17 Fe8 400.115 1.06102
17 Fe8 410.116 1.05786
17 Fe8 420.116 1.05626
17 Fe8 430.116 1.05236
17 Fe8 440.117 1.05227
17 Fe8 450.117 1.05099
17 Fe8 460.117 1.04893
17 Fe8 470.118 1.0473
17 Fe8 480.118 1.04609
17 Fe8 490.119 1.04256
T= 490.119 Sum_i(J(m_i, T))
   
18 Fe9 0.100004 1.33533
18 Fe9 10.1004 1.33238
18 Fe9 20.1008 1.32994
18 Fe9 30.1011 1.32691
18 Fe9 40.1015 1.3242
18 Fe9 50.1019 1.32038
18 Fe9 60.1023 1.318
18 Fe9 70.1027 1.31467
18 Fe9 80.103 1.31146
18 Fe9 90.1034 1.30818
18 Fe9 100.104 1.30517
18 Fe9 110.104 1.30172
18 Fe9 120.105 1.29791
18 Fe9 130.105 1.29469
18 Fe9 140.105 1.2915
18 Fe9 150.106 1.28805
18 Fe9 160.106 1.28406
18 Fe9 170.106 1.27994
18 Fe9 180.107 1.27665
18 Fe9 190.107 1.27219
18 Fe9 200.108 1.26806
18 Fe9 210.108 1.26305
18 Fe9 220.108 1.26011
18 Fe9 230.109 1.2569
18 Fe9 240.109 1.25391
18 Fe9 250.109 1.24967
18 Fe9 260.11 1.24524
18 Fe9 270.11 1.24068
18 Fe9 280.111 1.2378
18 Fe9 290.111 1.23264
18 Fe9 300.111 1.23011
18 Fe9 310.112 1.22599
18 Fe9 320.112 1.22286
18 Fe9 330.113 1.21824
18 Fe9 340.113 1.2164
18 Fe9 350.113 1.21303
18 Fe9 360.114 1.20866
18 Fe9 370.114 1.20537
18 Fe9 380.114 1.2031
18 Fe9 390.115 1.20077
18 Fe9 400.115 1.19789
18 Fe9 410.116 1.19266
18 Fe9 420.116 1.19083
18 Fe9 430.116 1.18919
18 Fe9 440.117 1.18472
18 Fe9 450.117 1.18249
18 Fe9 460.117 1.18077
18 Fe9 470.118 1.17818
18 Fe9 480.118 1.17482
18 Fe9 490.119 1.17223
T= 490.119 Sum_i(J(m_i, T))
   
19 Fe10 0.100004 1.00487
19 Fe10 10.1004 0.998141
19 Fe10 20.1008 0.990891
19 Fe10 30.1011 0.983515
19 Fe10 40.1015 0.976063
19 Fe10 50.1019 0.96895
19 Fe10 60.1023 0.962185
19 Fe10 70.1027 0.95455
19 Fe10 80.103 0.947703
19 Fe10 90.1034 0.941092
19 Fe10 100.104 0.934052
19 Fe10 110.104 0.927203
19 Fe10 120.105 0.921813
19 Fe10 130.105 0.915745
19 Fe10 140.105 0.910252
19 Fe10 150.106 0.906911
19 Fe10 160.106 0.90034
19 Fe10 170.106 0.896436
19 Fe10 180.107 0.893172
19 Fe10 190.107 0.889967
19 Fe10 200.108 0.888276
19 Fe10 210.108 0.884288
19 Fe10 220.108 0.881057
19 Fe10 230.109 0.880311
19 Fe10 240.109 0.876726
19 Fe10 250.109 0.873214
19 Fe10 260.11 0.872761
19 Fe10 270.11 0.871352
19 Fe10 280.111 0.869658
19 Fe10 290.111 0.868346
19 Fe10 300.111 0.867448
19 Fe10 310.112 0.866886
19 Fe10 320.112 0.863341
19 Fe10 330.113 0.864011
19 Fe10 340.113 0.8634
19 Fe10 350.113 0.863473
19 Fe10 360.114 0.861716
19 Fe10 370.114 0.860346
19 Fe10 380.114 0.861359
19 Fe10 390.115 0.860713
19 Fe10 400.115 0.860999
19 Fe10 410.116 0.858955
19 Fe10 420.116 0.860592
19 Fe10 430.116 0.861908
19 Fe10 440.117 0.862687
19 Fe10 450.117 0.860209
19 Fe10 460.117 0.860141
19 Fe10 470.118 0.860828
19 Fe10 480.118 0.860715
19 Fe10 490.119 0.861791
T= 490.119 Sum_i(J(m_i, T))
   
20 Fe11 0.100004 0.526699
20 Fe11 10.1004 0.516806
20 Fe11 20.1008 0.506955
20 Fe11 30.1011 0.500294
20 Fe11 40.1015 0.496056
20 Fe11 50.1019 0.494411
20 Fe11 60.1023 0.494159
20 Fe11 70.1027 0.495471
20 Fe11 80.103 0.49697
20 Fe11 90.1034 0.499121
20 Fe11 100.104 0.501055
20 Fe11 110.104 0.504319
20 Fe11 120.105 0.509313
20 Fe11 130.105 0.510486
20 Fe11 140.105 0.513794
20 Fe11 150.106 0.517869
20 Fe11 160.106 0.522068
20 Fe11 170.106 0.524441
20 Fe11 180.107 0.528209
20 Fe11 190.107 0.532671
20 Fe11 200.108 0.534872
20 Fe11 210.108 0.538324
20 Fe11 220.108 0.541206
20 Fe11 230.109 0.54542
20 Fe11 240.109 0.548889
20 Fe11 250.109 0.551697
20 Fe11 260.11 0.555259
20 Fe11 270.11 0.557802
20 Fe11 280.111 0.56227
20 Fe11 290.111 0.564839
20 Fe11 300.111 0.565766
20 Fe11 310.112 0.570313
20 Fe11 320.112 0.57328
20 Fe11 330.113 0.576188
20 Fe11 340.113 0.578314
20 Fe11 350.113 0.580824
20 Fe11 360.114 0.584531
20 Fe11 370.114 0.587183
20 Fe11 380.114 0.58953
20 Fe11 390.115 0.592583
20 Fe11 400.115 0.594089
20 Fe11 410.116 0.597263
20 Fe11 420.116 0.601729
20 Fe11 430.116 0.602807
20 Fe11 440.117 0.603896
20 Fe11 450.117 0.606457
20 Fe11 460.117 0.611045
20 Fe11 470.118 0.612801
20 Fe11 480.118 0.615921
20 Fe11 490.119 0.617507
T= 490.119 Sum_i(J(m_i, T))
   
21 Fe12 0.100004 0.806868
21 Fe12 10.1004 0.802592
21 Fe12 20.1008 0.79818
21 Fe12 30.1011 0.793974
21 Fe12 40.1015 0.789606
21 Fe12 50.1019 0.785291
21 Fe12 60.1023 0.781012
21 Fe12 70.1027 0.776329
21 Fe12 80.103 0.772681
21 Fe12 90.1034 0.768184
21 Fe12 100.104 0.765496
21 Fe12 110.104 0.761866
21 Fe12 120.105 0.757921
21 Fe12 130.105 0.755391
21 Fe12 140.105 0.753456
21 Fe12 150.106 0.749842
21 Fe12 160.106 0.747029
21 Fe12 170.106 0.746549
21 Fe12 180.107 0.744484
21 Fe12 190.107 0.741917
21 Fe12 200.108 0.740966
21 Fe12 210.108 0.740543
21 Fe12 220.108 0.739031
21 Fe12 230.109 0.737847
21 Fe12 240.109 0.738327
21 Fe12 250.109 0.735842
21 Fe12 260.11 0.736798
21 Fe12 270.11 0.736137
21 Fe12 280.111 0.735642
21 Fe12 290.111 0.734967
21 Fe12 300.111 0.735063
21 Fe12 310.112 0.733848
21 Fe12 320.112 0.734521
21 Fe12 330.113 0.734634
21 Fe12 340.113 0.73535
21 Fe12 350.113 0.736329
21 Fe12 360.114 0.73721
21 Fe12 370.114 0.736741
21 Fe12 380.114 0.737358
21 Fe12 390.115 0.737382
21 Fe12 400.115 0.737232
21 Fe12 410.116 0.738308
21 Fe12 420.116 0.738484
21 Fe12 430.116 0.740913
21 Fe12 440.117 0.741196
21 Fe12 450.117 0.741029
21 Fe12 460.117 0.743434
21 Fe12 470.118 0.742401
21 Fe12 480.118 0.743941
21 Fe12 490.119 0.744456
T= 490.119 Sum_i(J(m_i, T))
   
22 Fe13 0.100004 1.17626
22 Fe13 10.1004 1.17343
22 Fe13 20.1008 1.17069
22 Fe13 30.1011 1.16759
22 Fe13 40.1015 1.16471
22 Fe13 50.1019 1.16187
22 Fe13 60.1023 1.15884
22 Fe13 70.1027 1.15589
22 Fe13 80.103 1.15264
22 Fe13 90.1034 1.14889
22 Fe13 100.104 1.14585
22 Fe13 110.104 1.1433
22 Fe13 120.105 1.13901
22 Fe13 130.105 1.13548
22 Fe13 140.105 1.13235
22 Fe13 150.106 1.1284
22 Fe13 160.106 1.12456
22 Fe13 170.106 1.12167
22 Fe13 180.107 1.11781
22 Fe13 190.107 1.11389
22 Fe13 200.108 1.10989
22 Fe13 210.108 1.10644
22 Fe13 220.108 1.10235
22 Fe13 230.109 1.09817
22 Fe13 240.109 1.09559
22 Fe13 250.109 1.0923
22 Fe13 260.11 1.08929
22 Fe13 270.11 1.08647
22 Fe13 280.111 1.08255
22 Fe13 290.111 1.07927
22 Fe13 300.111 1.07741
22 Fe13 310.112 1.07313
22 Fe13 320.112 1.07103
22 Fe13 330.113 1.06823
22 Fe13 340.113 1.06457
22 Fe13 350.113 1.06338
22 Fe13 360.114 1.05938
22 Fe13 370.114 1.05696
22 Fe13 380.114 1.05602
22 Fe13 390.115 1.05069
22 Fe13 400.115 1.04981
22 Fe13 410.116 1.04996
22 Fe13 420.116 1.04504
22 Fe13 430.116 1.04538
22 Fe13 440.117 1.04145
22 Fe13 450.117 1.03889
22 Fe13 460.117 1.03805
22 Fe13 470.118 1.03741
22 Fe13 480.118 1.0355
22 Fe13 490.119 1.03278
T= 490.119 Sum_i(J(m_i, T))
   
23 Fe14 0.100004 1.10838
23 Fe14 10.1004 1.10062
23 Fe14 20.1008 1.09137
23 Fe14 30.1011 1.0819
23 Fe14 40.1015 1.06931
23 Fe14 50.1019 1.05484
23 Fe14 60.1023 1.03862
23 Fe14 70.1027 1.02111
23 Fe14 80.103 1.00637
23 Fe14 90.1034 0.990583
23 Fe14 100.104 0.975824
23 Fe14 110.104 0.964065
23 Fe14 120.105 0.953242
23 Fe14 130.105 0.942998
23 Fe14 140.105 0.93325
23 Fe14 150.106 0.925154
23 Fe14 160.106 0.918896
23 Fe14 170.106 0.913378
23 Fe14 180.107 0.907731
23 Fe14 190.107 0.903146
23 Fe14 200.108 0.898172
23 Fe14 210.108 0.894817
23 Fe14 220.108 0.89101
23 Fe14 230.109 0.888867
23 Fe14 240.109 0.88861
23 Fe14 250.109 0.883617
23 Fe14 260.11 0.882527
23 Fe14 270.11 0.88051
23 Fe14 280.111 0.878685
23 Fe14 290.111 0.878197
23 Fe14 300.111 0.875804
23 Fe14 310.112 0.87701
23 Fe14 320.112 0.874576
23 Fe14 330.113 0.872011
23 Fe14 340.113 0.87277
23 Fe14 350.113 0.873438
23 Fe14 360.114 0.871879
23 Fe14 370.114 0.871647
23 Fe14 380.114 0.872921
23 Fe14 390.115 0.871746
23 Fe14 400.115 0.872637
23 Fe14 410.116 0.870928
23 Fe14 420.116 0.872559
23 Fe14 430.116 0.871693
23 Fe14 440.117 0.870803
23 Fe14 450.117 0.87042
23 Fe14 460.117 0.870426
23 Fe14 470.118 0.872356
23 Fe14 480.118 0.872023
23 Fe14 490.119 0.873034
T= 490.119 Sum_i(J(m_i, T))
   
24 Fe15 0.100004 0.89538
24 Fe15 10.1004 0.885257
24 Fe15 20.1008 0.874216
24 Fe15 30.1011 0.862815
24 Fe15 40.1015 0.851768
24 Fe15 50.1019 0.840606
24 Fe15 60.1023 0.830154
24 Fe15 70.1027 0.820976
24 Fe15 80.103 0.81105
24 Fe15 90.1034 0.804225
24 Fe15 100.104 0.797063
24 Fe15 110.104 0.791312
24 Fe15 120.105 0.786902
24 Fe15 130.105 0.783624
24 Fe15 140.105 0.779208
24 Fe15 150.106 0.776316
24 Fe15 160.106 0.772704
24 Fe15 170.106 0.771287
24 Fe15 180.107 0.770799
24 Fe15 190.107 0.769062
24 Fe15 200.108 0.767241
24 Fe15 210.108 0.766237
24 Fe15 220.108 0.765722
24 Fe15 230.109 0.765421
24 Fe15 240.109 0.765406
24 Fe15 250.109 0.765562
24 Fe15 260.11 0.765073
24 Fe15 270.11 0.766205
24 Fe15 280.111 0.767061
24 Fe15 290.111 0.76615
24 Fe15 300.111 0.767949
24 Fe15 310.112 0.765543
24 Fe15 320.112 0.768519
24 Fe15 330.113 0.769645
24 Fe15 340.113 0.768348
24 Fe15 350.113 0.769934
24 Fe15 360.114 0.770407
24 Fe15 370.114 0.771348
24 Fe15 380.114 0.773406
24 Fe15 390.115 0.773518
24 Fe15 400.115 0.771717
24 Fe15 410.116 0.775181
24 Fe15 420.116 0.775523
24 Fe15 430.116 0.77796
24 Fe15 440.117 0.778644
24 Fe15 450.117 0.77943
24 Fe15 460.117 0.780356
24 Fe15 470.118 0.78026
24 Fe15 480.118 0.782759
24 Fe15 490.119 0.783394
T= 490.119 Sum_i(J(m_i, T))
   
25 Fe16 0.100004 1.17976
25 Fe16 10.1004 1.17578
25 Fe16 20.1008 1.17139
25 Fe16 30.1011 1.1672
25 Fe16 40.1015 1.16266
25 Fe16 50.1019 1.15834
25 Fe16 60.1023 1.15315
25 Fe16 70.1027 1.14851
25 Fe16 80.103 1.14295
25 Fe16 90.1034 1.13665
25 Fe16 100.104 1.13245
25 Fe16 110.104 1.12627
25 Fe16 120.105 1.12071
25 Fe16 130.105 1.11418
25 Fe16 140.105 1.10914
25 Fe16 150.106 1.1023
25 Fe16 160.106 1.09507
25 Fe16 170.106 1.0899
25 Fe16 180.107 1.08423
25 Fe16 190.107 1.07927
25 Fe16 200.108 1.07327
25 Fe16 210.108 1.06929
25 Fe16 220.108 1.0633
25 Fe16 230.109 1.05921
25 Fe16 240.109 1.05395
25 Fe16 250.109 1.04982
25 Fe16 260.11 1.04467
25 Fe16 270.11 1.04231
25 Fe16 280.111 1.0376
25 Fe16 290.111 1.03435
25 Fe16 300.111 1.02993
25 Fe16 310.112 1.02771
25 Fe16 320.112 1.02584
25 Fe16 330.113 1.02257
25 Fe16 340.113 1.01826
25 Fe16 350.113 1.01655
25 Fe16 360.114 1.01392
25 Fe16 370.114 1.01066
25 Fe16 380.114 1.00939
25 Fe16 390.115 1.00774
25 Fe16 400.115 1.0058
25 Fe16 410.116 1.00319
25 Fe16 420.116 1.00092
25 Fe16 430.116 1.00059
25 Fe16 440.117 0.996846
25 Fe16 450.117 0.996579
25 Fe16 460.117 0.995291
25 Fe16 470.118 0.994351
25 Fe16 480.118 0.992216
25 Fe16 490.119 0.991464
T= 490.119 Sum_i(J(m_i, T))
   
26 Fe17 0.100004 1.09258
26 Fe17 10.1004 1.08821
26 Fe17 20.1008 1.08378
26 Fe17 30.1011 1.07973
26 Fe17 40.1015 1.07515
26 Fe17 50.1019 1.07049
26 Fe17 60.1023 1.06585
26 Fe17 70.1027 1.06063
26 Fe17 80.103 1.05692
26 Fe17 90.1034 1.0508
26 Fe17 100.104 1.04733
26 Fe17 110.104 1.04235
26 Fe17 120.105 1.03637
26 Fe17 130.105 1.03183
26 Fe17 140.105 1.02731
26 Fe17 150.106 1.02325
26 Fe17 160.106 1.01738
26 Fe17 170.106 1.01323
26 Fe17 180.107 1.00927
26 Fe17 190.107 1.00489
26 Fe17 200.108 0.999951
26 Fe17 210.108 0.996703
26 Fe17 220.108 0.992403
26 Fe17 230.109 0.98865
26 Fe17 240.109 0.986483
26 Fe17 250.109 0.983874
26 Fe17 260.11 0.979711
26 Fe17 270.11 0.97686
26 Fe17 280.111 0.97353
26 Fe17 290.111 0.971242
26 Fe17 300.111 0.968114
26 Fe17 310.112 0.966595
26 Fe17 320.112 0.964806
26 Fe17 330.113 0.961449
26 Fe17 340.113 0.959723
26 Fe17 350.113 0.958137
26 Fe17 360.114 0.956143
26 Fe17 370.114 0.95495
26 Fe17 380.114 0.954093
26 Fe17 390.115 0.95299
26 Fe17 400.115 0.951008
26 Fe17 410.116 0.949521
26 Fe17 420.116 0.947694
26 Fe17 430.116 0.946845
26 Fe17 440.117 0.945166
26 Fe17 450.117 0.943586
26 Fe17 460.117 0.942888
26 Fe17 470.118 0.943963
26 Fe17 480.118 0.942429
26 Fe17 490.119 0.94185
T= 490.119 Sum_i(J(m_i, T))
   
27 Fe18 0.100004 0.958269
27 Fe18 10.1004 0.952166
27 Fe18 20.1008 0.945493
27 Fe18 30.1011 0.938627
27 Fe18 40.1015 0.931522
27 Fe18 50.1019 0.923738
27 Fe18 60.1023 0.916641
27 Fe18 70.1027 0.908416
27 Fe18 80.103 0.899255
27 Fe18 90.1034 0.893119
27 Fe18 100.104 0.885622
27 Fe18 110.104 0.87691
27 Fe18 120.105 0.870669
27 Fe18 130.105 0.86528
27 Fe18 140.105 0.858759
27 Fe18 150.106 0.854629
27 Fe18 160.106 0.850234
27 Fe18 170.106 0.845066
27 Fe18 180.107 0.841964
27 Fe18 190.107 0.837852
27 Fe18 200.108 0.83462
27 Fe18 210.108 0.832427
27 Fe18 220.108 0.829408
27 Fe18 230.109 0.826238
27 Fe18 240.109 0.825441
27 Fe18 250.109 0.822542
27 Fe18 260.11 0.823022
27 Fe18 270.11 0.820291
27 Fe18 280.111 0.818982
27 Fe18 290.111 0.818357
27 Fe18 300.111 0.81915
27 Fe18 310.112 0.815238
27 Fe18 320.112 0.817828
27 Fe18 330.113 0.816076
27 Fe18 340.113 0.814696
27 Fe18 350.113 0.81436
27 Fe18 360.114 0.813085
27 Fe18 370.114 0.81332
27 Fe18 380.114 0.813071
27 Fe18 390.115 0.813668
27 Fe18 400.115 0.814931
27 Fe18 410.116 0.814405
27 Fe18 420.116 0.81485
27 Fe18 430.116 0.812858
27 Fe18 440.117 0.813789
27 Fe18 450.117 0.816018
27 Fe18 460.117 0.815436
27 Fe18 470.118 0.814373
27 Fe18 480.118 0.815924
27 Fe18 490.119 0.814466
T= 490.119 Sum_i(J(m_i, T))
   
28 Fe19 0.100004 1.37995
28 Fe19 10.1004 1.37766
28 Fe19 20.1008 1.37538
28 Fe19 30.1011 1.37307
28 Fe19 40.1015 1.37032
28 Fe19 50.1019 1.36791
28 Fe19 60.1023 1.36549
28 Fe19 70.1027 1.36296
28 Fe19 80.103 1.36036
28 Fe19 90.1034 1.35752
28 Fe19 100.104 1.35563
28 Fe19 110.104 1.3528
28 Fe19 120.105 1.34945
28 Fe19 130.105 1.34781
28 Fe19 140.105 1.34336
28 Fe19 150.106 1.34021
28 Fe19 160.106 1.3379
28 Fe19 170.106 1.33436
28 Fe19 180.107 1.33183
28 Fe19 190.107 1.32824
28 Fe19 200.108 1.32495
28 Fe19 210.108 1.32153
28 Fe19 220.108 1.31907
28 Fe19 230.109 1.31509
28 Fe19 240.109 1.31185
28 Fe19 250.109 1.30779
28 Fe19 260.11 1.30418
28 Fe19 270.11 1.30206
28 Fe19 280.111 1.29706
28 Fe19 290.111 1.2938
28 Fe19 300.111 1.29011
28 Fe19 310.112 1.28761
28 Fe19 320.112 1.28299
28 Fe19 330.113 1.27915
28 Fe19 340.113 1.27762
28 Fe19 350.113 1.27399
28 Fe19 360.114 1.26934
28 Fe19 370.114 1.26729
28 Fe19 380.114 1.26313
28 Fe19 390.115 1.26004
28 Fe19 400.115 1.25714
28 Fe19 410.116 1.25225
28 Fe19 420.116 1.2509
28 Fe19 430.116 1.24801
28 Fe19 440.117 1.24484
28 Fe19 450.117 1.24171
28 Fe19 460.117 1.24005
28 Fe19 470.118 1.23522
28 Fe19 480.118 1.23556
28 Fe19 490.119 1.22994
T= 490.119 Sum_i(J(m_i, T))
   
29 Fe20 0.100004 1.12473
29 Fe20 10.1004 1.12038
29 Fe20 20.1008 1.11634
29 Fe20 30.1011 1.11197
29 Fe20 40.1015 1.10726
29 Fe20 50.1019 1.10297
29 Fe20 60.1023 1.09775
29 Fe20 70.1027 1.09306
29 Fe20 80.103 1.08843
29 Fe20 90.1034 1.08292
29 Fe20 100.104 1.0776
29 Fe20 110.104 1.07238
29 Fe20 120.105 1.06641
29 Fe20 130.105 1.06133
29 Fe20 140.105 1.05686
29 Fe20 150.106 1.05059
29 Fe20 160.106 1.04554
29 Fe20 170.106 1.03989
29 Fe20 180.107 1.03527
29 Fe20 190.107 1.03104
29 Fe20 200.108 1.02539
29 Fe20 210.108 1.02122
29 Fe20 220.108 1.01661
29 Fe20 230.109 1.01227
29 Fe20 240.109 1.00933
29 Fe20 250.109 1.00508
29 Fe20 260.11 1.00332
29 Fe20 270.11 0.998556
29 Fe20 280.111 0.996442
29 Fe20 290.111 0.993217
29 Fe20 300.111 0.989104
29 Fe20 310.112 0.985708
29 Fe20 320.112 0.985199
29 Fe20 330.113 0.981356
29 Fe20 340.113 0.980078
29 Fe20 350.113 0.977515
29 Fe20 360.114 0.97584
29 Fe20 370.114 0.973423
29 Fe20 380.114 0.970993
29 Fe20 390.115 0.971382
29 Fe20 400.115 0.968254
29 Fe20 410.116 0.965399
29 Fe20 420.116 0.964716
29 Fe20 430.116 0.963213
29 Fe20 440.117 0.964202
29 Fe20 450.117 0.96231
29 Fe20 460.117 0.961191
29 Fe20 470.118 0.959754
29 Fe20 480.118 0.960293
29 Fe20 490.119 0.958969
T= 490.119 Sum_i(J(m_i, T))
   
30 Fe21 0.100004 0.715154
30 Fe21 10.1004 0.708725
30 Fe21 20.1008 0.702818
30 Fe21 30.1011 0.69681
30 Fe21 40.1015 0.691558
30 Fe21 50.1019 0.686467
30 Fe21 60.1023 0.681632
30 Fe21 70.1027 0.677849
30 Fe21 80.103 0.673687
30 Fe21 90.1034 0.670289
30 Fe21 100.104 0.668082
30 Fe21 110.104 0.666138
30 Fe21 120.105 0.664646
30 Fe21 130.105 0.663228
30 Fe21 140.105 0.662958
30 Fe21 150.106 0.662488
30 Fe21 160.106 0.661177
30 Fe21 170.106 0.662203
30 Fe21 180.107 0.661655
30 Fe21 190.107 0.663285
30 Fe21 200.108 0.663852
30 Fe21 210.108 0.66468
30 Fe21 220.108 0.665145
30 Fe21 230.109 0.664448
30 Fe21 240.109 0.66683
30 Fe21 250.109 0.667731
30 Fe21 260.11 0.668593
30 Fe21 270.11 0.670592
30 Fe21 280.111 0.671695
30 Fe21 290.111 0.671091
30 Fe21 300.111 0.673841
30 Fe21 310.112 0.674476
30 Fe21 320.112 0.676449
30 Fe21 330.113 0.678382
30 Fe21 340.113 0.680622
30 Fe21 350.113 0.679227
30 Fe21 360.114 0.682156
30 Fe21 370.114 0.68286
30 Fe21 380.114 0.683951
30 Fe21 390.115 0.686144
30 Fe21 400.115 0.688158
30 Fe21 410.116 0.689748
30 Fe21 420.116 0.691258
30 Fe21 430.116 0.692063
30 Fe21 440.117 0.694672
30 Fe21 450.117 0.696976
30 Fe21 460.117 0.696415
30 Fe21 470.118 0.6989
30 Fe21 480.118 0.699857
30 Fe21 490.119 0.701119
T= 490.119 Sum_i(J(m_i, T))
   
31 Fe22 0.100004 1.255
31 Fe22 10.1004 1.25132
31 Fe22 20.1008 1.24765
31 Fe22 30.1011 1.24379
31 Fe22 40.1015 1.24028
31 Fe22 50.1019 1.23595
31 Fe22 60.1023 1.23176
31 Fe22 70.1027 1.22775
31 Fe22 80.103 1.22311
31 Fe22 90.1034 1.2188
31 Fe22 100.104 1.21413
31 Fe22 110.104 1.20844
31 Fe22 120.105 1.20476
31 Fe22 130.105 1.19922
31 Fe22 140.105 1.19335
31 Fe22 150.106 1.18751
31 Fe22 160.106 1.18311
31 Fe22 170.106 1.17675
31 Fe22 180.107 1.17254
31 Fe22 190.107 1.1651
31 Fe22 200.108 1.16102
31 Fe22 210.108 1.15474
31 Fe22 220.108 1.14957
31 Fe22 230.109 1.14586
31 Fe22 240.109 1.14097
31 Fe22 250.109 1.13576
31 Fe22 260.11 1.13223
31 Fe22 270.11 1.12704
31 Fe22 280.111 1.12361
31 Fe22 290.111 1.11891
31 Fe22 300.111 1.11561
31 Fe22 310.112 1.10927
31 Fe22 320.112 1.10737
31 Fe22 330.113 1.10562
31 Fe22 340.113 1.10147
31 Fe22 350.113 1.09704
31 Fe22 360.114 1.0942
31 Fe22 370.114 1.09027
31 Fe22 380.114 1.08856
31 Fe22 390.115 1.08662
31 Fe22 400.115 1.08394
31 Fe22 410.116 1.08156
31 Fe22 420.116 1.07898
31 Fe22 430.116 1.07571
31 Fe22 440.117 1.0721
31 Fe22 450.117 1.07169
31 Fe22 460.117 1.06936
31 Fe22 470.118 1.06759
31 Fe22 480.118 1.06535
31 Fe22 490.119 1.06334
T= 490.119 Sum_i(J(m_i, T))
   
32 Fe23 0.100004 1.48568
32 Fe23 10.1004 1.48368
32 Fe23 20.1008 1.48148
32 Fe23 30.1011 1.47981
32 Fe23 40.1015 1.47729
32 Fe23 50.1019 1.4755
32 Fe23 60.1023 1.47305
32 Fe23 70.1027 1.47082
32 Fe23 80.103 1.46922
32 Fe23 90.1034 1.46681
32 Fe23 100.104 1.46437
32 Fe23 110.104 1.46169
32 Fe23 120.105 1.45946
32 Fe23 130.105 1.45733
32 Fe23 140.105 1.45416
32 Fe23 150.106 1.45256
32 Fe23 160.106 1.44884
32 Fe23 170.106 1.44764
32 Fe23 180.107 1.44487
32 Fe23 190.107 1.44114
32 Fe23 200.108 1.43915
32 Fe23 210.108 1.43535
32 Fe23 220.108 1.43333
32 Fe23 230.109 1.43054
32 Fe23 240.109 1.42646
32 Fe23 250.109 1.42428
32 Fe23 260.11 1.42032
32 Fe23 270.11 1.41809
32 Fe23 280.111 1.41436
32 Fe23 290.111 1.41194
32 Fe23 300.111 1.40855
32 Fe23 310.112 1.40433
32 Fe23 320.112 1.40118
32 Fe23 330.113 1.39821
32 Fe23 340.113 1.39588
32 Fe23 350.113 1.39248
32 Fe23 360.114 1.38763
32 Fe23 370.114 1.38612
32 Fe23 380.114 1.38214
32 Fe23 390.115 1.37882
32 Fe23 400.115 1.37641
32 Fe23 410.116 1.37188
32 Fe23 420.116 1.36969
32 Fe23 430.116 1.36578
32 Fe23 440.117 1.363
32 Fe23 450.117 1.36006
32 Fe23 460.117 1.35725
32 Fe23 470.118 1.35357
32 Fe23 480.118 1.35082
32 Fe23 490.119 1.34812
T= 490.119 Sum_i(J(m_i, T))
   
33 Fe24 0.100004 0.996481
33 Fe24 10.1004 0.989532
33 Fe24 20.1008 0.982626
33 Fe24 30.1011 0.975311
33 Fe24 40.1015 0.966546
33 Fe24 50.1019 0.958227
33 Fe24 60.1023 0.94912
33 Fe24 70.1027 0.939947
33 Fe24 80.103 0.931059
33 Fe24 90.1034 0.922804
33 Fe24 100.104 0.914499
33 Fe24 110.104 0.906663
33 Fe24 120.105 0.8989
33 Fe24 130.105 0.892126
33 Fe24 140.105 0.886696
33 Fe24 150.106 0.880485
33 Fe24 160.106 0.875702
33 Fe24 170.106 0.871108
33 Fe24 180.107 0.867581
33 Fe24 190.107 0.863723
33 Fe24 200.108 0.858533
33 Fe24 210.108 0.85677
33 Fe24 220.108 0.853336
33 Fe24 230.109 0.851545
33 Fe24 240.109 0.849086
33 Fe24 250.109 0.84751
33 Fe24 260.11 0.845251
33 Fe24 270.11 0.844407
33 Fe24 280.111 0.84389
33 Fe24 290.111 0.840053
33 Fe24 300.111 0.840846
33 Fe24 310.112 0.840434
33 Fe24 320.112 0.839975
33 Fe24 330.113 0.840156
33 Fe24 340.113 0.838422
33 Fe24 350.113 0.838475
33 Fe24 360.114 0.836886
33 Fe24 370.114 0.837535
33 Fe24 380.114 0.836239
33 Fe24 390.115 0.836664
33 Fe24 400.115 0.836415
33 Fe24 410.116 0.839253
33 Fe24 420.116 0.836423
33 Fe24 430.116 0.835909
33 Fe24 440.117 0.836024
33 Fe24 450.117 0.835789
33 Fe24 460.117 0.838165
33 Fe24 470.118 0.837101
33 Fe24 480.118 0.837119
33 Fe24 490.119 0.839529
T= 490.119 Sum_i(J(m_i, T))
   
34 Fe25 0.100004 1.38578
34 Fe25 10.1004 1.38359
34 Fe25 20.1008 1.38126
34 Fe25 30.1011 1.37853
34 Fe25 40.1015 1.37648
34 Fe25 50.1019 1.37394
34 Fe25 60.1023 1.37131
34 Fe25 70.1027 1.36845
34 Fe25 80.103 1.36598
34 Fe25 90.1034 1.36372
34 Fe25 100.104 1.36117
34 Fe25 110.104 1.35807
34 Fe25 120.105 1.35597
34 Fe25 130.105 1.35301
34 Fe25 140.105 1.35021
34 Fe25 150.106 1.34745
34 Fe25 160.106 1.34538
34 Fe25 170.106 1.34144
34 Fe25 180.107 1.33851
34 Fe25 190.107 1.33593
34 Fe25 200.108 1.33285
34 Fe25 210.108 1.32919
34 Fe25 220.108 1.3255
34 Fe25 230.109 1.32266
34 Fe25 240.109 1.31931
34 Fe25 250.109 1.31526
34 Fe25 260.11 1.31302
34 Fe25 270.11 1.30996
34 Fe25 280.111 1.30729
34 Fe25 290.111 1.30247
34 Fe25 300.111 1.29977
34 Fe25 310.112 1.29708
34 Fe25 320.112 1.29401
34 Fe25 330.113 1.2903
34 Fe25 340.113 1.288
34 Fe25 350.113 1.28308
34 Fe25 360.114 1.28105
34 Fe25 370.114 1.27792
34 Fe25 380.114 1.27457
34 Fe25 390.115 1.27208
34 Fe25 400.115 1.26872
34 Fe25 410.116 1.26681
34 Fe25 420.116 1.26349
34 Fe25 430.116 1.26008
34 Fe25 440.117 1.25862
34 Fe25 450.117 1.25606
34 Fe25 460.117 1.25189
34 Fe25 470.118 1.25002
34 Fe25 480.118 1.24562
34 Fe25 490.119 1.24315
T= 490.119 Sum_i(J(m_i, T))
   
35 Fe26 0.100004 1.23173
35 Fe26 10.1004 1.22874
35 Fe26 20.1008 1.22589
35 Fe26 30.1011 1.22283
35 Fe26 40.1015 1.21973
35 Fe26 50.1019 1.21654
35 Fe26 60.1023 1.21327
35 Fe26 70.1027 1.20963
35 Fe26 80.103 1.20716
35 Fe26 90.1034 1.20397
35 Fe26 100.104 1.20101
35 Fe26 110.104 1.1975
35 Fe26 120.105 1.19336
35 Fe26 130.105 1.19069
35 Fe26 140.105 1.187
35 Fe26 150.106 1.18295
35 Fe26 160.106 1.17943
35 Fe26 170.106 1.1759
35 Fe26 180.107 1.1734
35 Fe26 190.107 1.16912
35 Fe26 200.108 1.16453
35 Fe26 210.108 1.16205
35 Fe26 220.108 1.15828
35 Fe26 230.109 1.15388
35 Fe26 240.109 1.15143
35 Fe26 250.109 1.14726
35 Fe26 260.11 1.14383
35 Fe26 270.11 1.1403
35 Fe26 280.111 1.13756
35 Fe26 290.111 1.13496
35 Fe26 300.111 1.13196
35 Fe26 310.112 1.12966
35 Fe26 320.112 1.12544
35 Fe26 330.113 1.12274
35 Fe26 340.113 1.11931
35 Fe26 350.113 1.11756
35 Fe26 360.114 1.11411
35 Fe26 370.114 1.11104
35 Fe26 380.114 1.10933
35 Fe26 390.115 1.10904
35 Fe26 400.115 1.10351
35 Fe26 410.116 1.10234
35 Fe26 420.116 1.09955
35 Fe26 430.116 1.09744
35 Fe26 440.117 1.09584
35 Fe26 450.117 1.09366
35 Fe26 460.117 1.0921
35 Fe26 470.118 1.08967
35 Fe26 480.118 1.08704
35 Fe26 490.119 1.0858
T= 490.119 Sum_i(J(m_i, T))
   
36 Fe27 0.100004 1.36185
36 Fe27 10.1004 1.36001
36 Fe27 20.1008 1.3579
36 Fe27 30.1011 1.35574
36 Fe27 40.1015 1.35389
36 Fe27 50.1019 1.3519
36 Fe27 60.1023 1.3495
36 Fe27 70.1027 1.34761
36 Fe27 80.103 1.34542
36 Fe27 90.1034 1.34324
36 Fe27 100.104 1.34154
36 Fe27 110.104 1.33917
36 Fe27 120.105 1.33699
36 Fe27 130.105 1.33333
36 Fe27 140.105 1.33204
36 Fe27 150.106 1.32962
36 Fe27 160.106 1.32743
36 Fe27 170.106 1.32465
36 Fe27 180.107 1.32242
36 Fe27 190.107 1.31981
36 Fe27 200.108 1.31777
36 Fe27 210.108 1.31507
36 Fe27 220.108 1.31109
36 Fe27 230.109 1.30949
36 Fe27 240.109 1.30621
36 Fe27 250.109 1.30499
36 Fe27 260.11 1.3014
36 Fe27 270.11 1.29968
36 Fe27 280.111 1.29727
36 Fe27 290.111 1.29422
36 Fe27 300.111 1.29054
36 Fe27 310.112 1.28904
36 Fe27 320.112 1.28444
36 Fe27 330.113 1.2825
36 Fe27 340.113 1.28049
36 Fe27 350.113 1.27778
36 Fe27 360.114 1.27557
36 Fe27 370.114 1.27286
36 Fe27 380.114 1.27038
36 Fe27 390.115 1.26653
36 Fe27 400.115 1.26511
36 Fe27 410.116 1.26208
36 Fe27 420.116 1.26012
36 Fe27 430.116 1.25639
36 Fe27 440.117 1.25462
36 Fe27 450.117 1.25329
36 Fe27 460.117 1.24967
36 Fe27 470.118 1.24879
36 Fe27 480.118 1.24451
36 Fe27 490.119 1.24257
T= 490.119 Sum_i(J(m_i, T))
   
37 Fe28 0.100004 0.521969
37 Fe28 10.1004 0.461953
37 Fe28 20.1008 0.447921
37 Fe28 30.1011 0.451511
37 Fe28 40.1015 0.457038
37 Fe28 50.1019 0.465677
37 Fe28 60.1023 0.473387
37 Fe28 70.1027 0.480845
37 Fe28 80.103 0.488843
37 Fe28 90.1034 0.494229
37 Fe28 100.104 0.502028
37 Fe28 110.104 0.509486
37 Fe28 120.105 0.517249
37 Fe28 130.105 0.522505
37 Fe28 140.105 0.529671
37 Fe28 150.106 0.534704
37 Fe28 160.106 0.539182
37 Fe28 170.106 0.543331
37 Fe28 180.107 0.550006
37 Fe28 190.107 0.553643
37 Fe28 200.108 0.560644
37 Fe28 210.108 0.563829
37 Fe28 220.108 0.567419
37 Fe28 230.109 0.573132
37 Fe28 240.109 0.576217
37 Fe28 250.109 0.58103
37 Fe28 260.11 0.585338
37 Fe28 270.11 0.590297
37 Fe28 280.111 0.593513
37 Fe28 290.111 0.595156
37 Fe28 300.111 0.600032
37 Fe28 310.112 0.603892
37 Fe28 320.112 0.607557
37 Fe28 330.113 0.610818
37 Fe28 340.113 0.613116
37 Fe28 350.113 0.618357
37 Fe28 360.114 0.619724
37 Fe28 370.114 0.621938
37 Fe28 380.114 0.625417
37 Fe28 390.115 0.628389
37 Fe28 400.115 0.632274
37 Fe28 410.116 0.635795
37 Fe28 420.116 0.639872
37 Fe28 430.116 0.641877
37 Fe28 440.117 0.644155
37 Fe28 450.117 0.644629
37 Fe28 460.117 0.648056
37 Fe28 470.118 0.649536
37 Fe28 480.118 0.655001
37 Fe28 490.119 0.657974
T= 490.119 Sum_i(J(m_i, T))
   
38 Fe29 0.100004 0.693526
38 Fe29 10.1004 0.682296
38 Fe29 20.1008 0.672072
38 Fe29 30.1011 0.66197
38 Fe29 40.1015 0.653663
38 Fe29 50.1019 0.646809
38 Fe29 60.1023 0.640885
38 Fe29 70.1027 0.636699
38 Fe29 80.103 0.633379
38 Fe29 90.1034 0.630094
38 Fe29 100.104 0.6295
38 Fe29 110.104 0.627894
38 Fe29 120.105 0.628129
38 Fe29 130.105 0.627404
38 Fe29 140.105 0.627636
38 Fe29 150.106 0.627577
38 Fe29 160.106 0.631206
38 Fe29 170.106 0.630145
38 Fe29 180.107 0.63334
38 Fe29 190.107 0.633803
38 Fe29 200.108 0.635001
38 Fe29 210.108 0.636814
38 Fe29 220.108 0.640051
38 Fe29 230.109 0.639537
38 Fe29 240.109 0.641532
38 Fe29 250.109 0.642463
38 Fe29 260.11 0.647138
38 Fe29 270.11 0.64723
38 Fe29 280.111 0.649702
38 Fe29 290.111 0.650974
38 Fe29 300.111 0.652792
38 Fe29 310.112 0.655796
38 Fe29 320.112 0.656163
38 Fe29 330.113 0.66019
38 Fe29 340.113 0.66044
38 Fe29 350.113 0.662714
38 Fe29 360.114 0.665264
38 Fe29 370.114 0.665622
38 Fe29 380.114 0.667654
38 Fe29 390.115 0.670043
38 Fe29 400.115 0.672391
38 Fe29 410.116 0.675178
38 Fe29 420.116 0.676885
38 Fe29 430.116 0.679145
38 Fe29 440.117 0.679888
38 Fe29 450.117 0.682346
38 Fe29 460.117 0.683694
38 Fe29 470.118 0.686392
38 Fe29 480.118 0.686442
38 Fe29 490.119 0.6891
T= 490.119 Sum_i(J(m_i, T))
   
39 Fe30 0.100004 1.39323
39 Fe30 10.1004 1.39125
39 Fe30 20.1008 1.38931
39 Fe30 30.1011 1.38749
39 Fe30 40.1015 1.38557
39 Fe30 50.1019 1.38313
39 Fe30 60.1023 1.38092
39 Fe30 70.1027 1.3793
39 Fe30 80.103 1.37673
39 Fe30 90.1034 1.37511
39 Fe30 100.104 1.3727
39 Fe30 110.104 1.37079
39 Fe30 120.105 1.3689
39 Fe30 130.105 1.36635
39 Fe30 140.105 1.36333
39 Fe30 150.106 1.36136
39 Fe30 160.106 1.35881
39 Fe30 170.106 1.35647
39 Fe30 180.107 1.35392
39 Fe30 190.107 1.35238
39 Fe30 200.108 1.34871
39 Fe30 210.108 1.34671
39 Fe30 220.108 1.34492
39 Fe30 230.109 1.3415
39 Fe30 240.109 1.3389
39 Fe30 250.109 1.33541
39 Fe30 260.11 1.33391
39 Fe30 270.11 1.33014
39 Fe30 280.111 1.32817
39 Fe30 290.111 1.32434
39 Fe30 300.111 1.32181
39 Fe30 310.112 1.31895
39 Fe30 320.112 1.31711
39 Fe30 330.113 1.31328
39 Fe30 340.113 1.31063
39 Fe30 350.113 1.30836
39 Fe30 360.114 1.30542
39 Fe30 370.114 1.30244
39 Fe30 380.114 1.30089
39 Fe30 390.115 1.29709
39 Fe30 400.115 1.29388
39 Fe30 410.116 1.29079
39 Fe30 420.116 1.28841
39 Fe30 430.116 1.28647
39 Fe30 440.117 1.28178
39 Fe30 450.117 1.28178
39 Fe30 460.117 1.2773
39 Fe30 470.118 1.27511
39 Fe30 480.118 1.27257
39 Fe30 490.119 1.27044
T= 490.119 Sum_i(J(m_i, T))
   
40 Fe31 0.100004 1.2468
40 Fe31 10.1004 1.24399
40 Fe31 20.1008 1.24126
40 Fe31 30.1011 1.23856
40 Fe31 40.1015 1.23555
40 Fe31 50.1019 1.23293
40 Fe31 60.1023 1.22958
40 Fe31 70.1027 1.22675
40 Fe31 80.103 1.22389
40 Fe31 90.1034 1.22045
40 Fe31 100.104 1.21785
40 Fe31 110.104 1.21424
40 Fe31 120.105 1.21049
40 Fe31 130.105 1.2076
40 Fe31 140.105 1.20394
40 Fe31 150.106 1.20023
40 Fe31 160.106 1.1982
40 Fe31 170.106 1.1922
40 Fe31 180.107 1.18977
40 Fe31 190.107 1.18596
40 Fe31 200.108 1.18203
40 Fe31 210.108 1.17936
40 Fe31 220.108 1.17542
40 Fe31 230.109 1.17219
40 Fe31 240.109 1.16859
40 Fe31 250.109 1.1645
40 Fe31 260.11 1.16012
40 Fe31 270.11 1.15665
40 Fe31 280.111 1.15484
40 Fe31 290.111 1.15139
40 Fe31 300.111 1.14703
40 Fe31 310.112 1.14431
40 Fe31 320.112 1.14144
40 Fe31 330.113 1.13837
40 Fe31 340.113 1.13558
40 Fe31 350.113 1.13281
40 Fe31 360.114 1.13015
40 Fe31 370.114 1.1253
40 Fe31 380.114 1.12257
40 Fe31 390.115 1.12085
40 Fe31 400.115 1.11859
40 Fe31 410.116 1.11677
40 Fe31 420.116 1.11335
40 Fe31 430.116 1.10996
40 Fe31 440.117 1.10771
40 Fe31 450.117 1.10552
40 Fe31 460.117 1.10529
40 Fe31 470.118 1.10149
40 Fe31 480.118 1.10074
40 Fe31 490.119 1.09772
T= 490.119 Sum_i(J(m_i, T))
   
41 Fe32 0.100004 1.36394
41 Fe32 10.1004 1.36179
41 Fe32 20.1008 1.35985
41 Fe32 30.1011 1.35698
41 Fe32 40.1015 1.35527
41 Fe32 50.1019 1.35302
41 Fe32 60.1023 1.35056
41 Fe32 70.1027 1.3479
41 Fe32 80.103 1.34621
41 Fe32 90.1034 1.3437
41 Fe32 100.104 1.34078
41 Fe32 110.104 1.33824
41 Fe32 120.105 1.3361
41 Fe32 130.105 1.33328
41 Fe32 140.105 1.33071
41 Fe32 150.106 1.32797
41 Fe32 160.106 1.32602
41 Fe32 170.106 1.32358
41 Fe32 180.107 1.32022
41 Fe32 190.107 1.31727
41 Fe32 200.108 1.31501
41 Fe32 210.108 1.31202
41 Fe32 220.108 1.30892
41 Fe32 230.109 1.30596
41 Fe32 240.109 1.30285
41 Fe32 250.109 1.29905
41 Fe32 260.11 1.29639
41 Fe32 270.11 1.29366
41 Fe32 280.111 1.28982
41 Fe32 290.111 1.28661
41 Fe32 300.111 1.28425
41 Fe32 310.112 1.28014
41 Fe32 320.112 1.27685
41 Fe32 330.113 1.27462
41 Fe32 340.113 1.27245
41 Fe32 350.113 1.26948
41 Fe32 360.114 1.2658
41 Fe32 370.114 1.26364
41 Fe32 380.114 1.25998
41 Fe32 390.115 1.25812
41 Fe32 400.115 1.2541
41 Fe32 410.116 1.25209
41 Fe32 420.116 1.24883
41 Fe32 430.116 1.2459
41 Fe32 440.117 1.24444
41 Fe32 450.117 1.24003
41 Fe32 460.117 1.23867
41 Fe32 470.118 1.23646
41 Fe32 480.118 1.23155
41 Fe32 490.119 1.23007
T= 490.119 Sum_i(J(m_i, T))
   
42 Fe33 0.100004 1.14818
42 Fe33 10.1004 1.14466
42 Fe33 20.1008 1.14113
42 Fe33 30.1011 1.13807
42 Fe33 40.1015 1.13427
42 Fe33 50.1019 1.1311
42 Fe33 60.1023 1.12765
42 Fe33 70.1027 1.12423
42 Fe33 80.103 1.11959
42 Fe33 90.1034 1.11598
42 Fe33 100.104 1.11198
42 Fe33 110.104 1.10798
42 Fe33 120.105 1.10442
42 Fe33 130.105 1.10076
42 Fe33 140.105 1.09622
42 Fe33 150.106 1.09293
42 Fe33 160.106 1.08963
42 Fe33 170.106 1.08461
42 Fe33 180.107 1.08109
42 Fe33 190.107 1.07705
42 Fe33 200.108 1.07453
42 Fe33 210.108 1.07041
42 Fe33 220.108 1.06662
42 Fe33 230.109 1.06396
42 Fe33 240.109 1.05993
42 Fe33 250.109 1.05773
42 Fe33 260.11 1.05337
42 Fe33 270.11 1.05006
42 Fe33 280.111 1.04777
42 Fe33 290.111 1.0449
42 Fe33 300.111 1.04115
42 Fe33 310.112 1.03828
42 Fe33 320.112 1.03604
42 Fe33 330.113 1.03275
42 Fe33 340.113 1.03096
42 Fe33 350.113 1.02797
42 Fe33 360.114 1.02705
42 Fe33 370.114 1.02504
42 Fe33 380.114 1.02224
42 Fe33 390.115 1.01919
42 Fe33 400.115 1.01828
42 Fe33 410.116 1.01486
42 Fe33 420.116 1.01681
42 Fe33 430.116 1.01385
42 Fe33 440.117 1.01233
42 Fe33 450.117 1.01032
42 Fe33 460.117 1.00827
42 Fe33 470.118 1.00757
42 Fe33 480.118 1.00708
42 Fe33 490.119 1.0037
T= 490.119 Sum_i(J(m_i, T))
   
43 Fe34 0.100004 1.24184
43 Fe34 10.1004 1.2389
43 Fe34 20.1008 1.23632
43 Fe34 30.1011 1.23295
43 Fe34 40.1015 1.22966
43 Fe34 50.1019 1.22702
43 Fe34 60.1023 1.22353
43 Fe34 70.1027 1.22078
43 Fe34 80.103 1.2176
43 Fe34 90.1034 1.21373
43 Fe34 100.104 1.21157
43 Fe34 110.104 1.20697
43 Fe34 120.105 1.20382
43 Fe34 130.105 1.19983
43 Fe34 140.105 1.19647
43 Fe34 150.106 1.19257
43 Fe34 160.106 1.18854
43 Fe34 170.106 1.18465
43 Fe34 180.107 1.17921
43 Fe34 190.107 1.1763
43 Fe34 200.108 1.17258
43 Fe34 210.108 1.16866
43 Fe34 220.108 1.16613
43 Fe34 230.109 1.1619
43 Fe34 240.109 1.15698
43 Fe34 250.109 1.1545
43 Fe34 260.11 1.14981
43 Fe34 270.11 1.14492
43 Fe34 280.111 1.14242
43 Fe34 290.111 1.13915
43 Fe34 300.111 1.13591
43 Fe34 310.112 1.13288
43 Fe34 320.112 1.1309
43 Fe34 330.113 1.12613
43 Fe34 340.113 1.12335
43 Fe34 350.113 1.11886
43 Fe34 360.114 1.11669
43 Fe34 370.114 1.11469
43 Fe34 380.114 1.11093
43 Fe34 390.115 1.10855
43 Fe34 400.115 1.10649
43 Fe34 410.116 1.10536
43 Fe34 420.116 1.10189
43 Fe34 430.116 1.09905
43 Fe34 440.117 1.09536
43 Fe34 450.117 1.096
43 Fe34 460.117 1.09262
43 Fe34 470.118 1.09159
43 Fe34 480.118 1.08791
43 Fe34 490.119 1.08867
T= 490.119 Sum_i(J(m_i, T))
   
44 Fe35 0.100004 1.44602
44 Fe35 10.1004 1.4436
44 Fe35 20.1008 1.44111
44 Fe35 30.1011 1.43861
44 Fe35 40.1015 1.43606
44 Fe35 50.1019 1.43312
44 Fe35 60.1023 1.4311
44 Fe35 70.1027 1.42763
44 Fe35 80.103 1.42499
44 Fe35 90.1034 1.4223
44 Fe35 100.104 1.41973
44 Fe35 110.104 1.41642
44 Fe35 120.105 1.41349
44 Fe35 130.105 1.41061
44 Fe35 140.105 1.40642
44 Fe35 150.106 1.40287
44 Fe35 160.106 1.39965
44 Fe35 170.106 1.39621
44 Fe35 180.107 1.39285
44 Fe35 190.107 1.38853
44 Fe35 200.108 1.38381
44 Fe35 210.108 1.38113
44 Fe35 220.108 1.37677
44 Fe35 230.109 1.37215
44 Fe35 240.109 1.36801
44 Fe35 250.109 1.36411
44 Fe35 260.11 1.36078
44 Fe35 270.11 1.3563
44 Fe35 280.111 1.34991
44 Fe35 290.111 1.34631
44 Fe35 300.111 1.34322
44 Fe35 310.112 1.33731
44 Fe35 320.112 1.33316
44 Fe35 330.113 1.32951
44 Fe35 340.113 1.32579
44 Fe35 350.113 1.32158
44 Fe35 360.114 1.31762
44 Fe35 370.114 1.3138
44 Fe35 380.114 1.31033
44 Fe35 390.115 1.30788
44 Fe35 400.115 1.30177
44 Fe35 410.116 1.29729
44 Fe35 420.116 1.29429
44 Fe35 430.116 1.29121
44 Fe35 440.117 1.28685
44 Fe35 450.117 1.2842
44 Fe35 460.117 1.28168
44 Fe35 470.118 1.27836
44 Fe35 480.118 1.27357
44 Fe35 490.119 1.27186
T= 490.119 Sum_i(J(m_i, T))
   
45 Fe36 0.100004 1.33146
45 Fe36 10.1004 1.32925
45 Fe36 20.1008 1.32707
45 Fe36 30.1011 1.32499
45 Fe36 40.1015 1.32278
45 Fe36 50.1019 1.32055
45 Fe36 60.1023 1.31791
45 Fe36 70.1027 1.31622
45 Fe36 80.103 1.3135
45 Fe36 90.1034 1.31113
45 Fe36 100.104 1.30883
45 Fe36 110.104 1.30623
45 Fe36 120.105 1.30357
45 Fe36 130.105 1.30226
45 Fe36 140.105 1.29929
45 Fe36 150.106 1.29731
45 Fe36 160.106 1.29463
45 Fe36 170.106 1.29073
45 Fe36 180.107 1.2878
45 Fe36 190.107 1.28463
45 Fe36 200.108 1.28212
45 Fe36 210.108 1.27988
45 Fe36 220.108 1.27733
45 Fe36 230.109 1.27456
45 Fe36 240.109 1.27073
45 Fe36 250.109 1.26974
45 Fe36 260.11 1.26638
45 Fe36 270.11 1.26246
45 Fe36 280.111 1.25887
45 Fe36 290.111 1.25622
45 Fe36 300.111 1.25407
45 Fe36 310.112 1.25132
45 Fe36 320.112 1.24798
45 Fe36 330.113 1.24627
45 Fe36 340.113 1.24175
45 Fe36 350.113 1.23926
45 Fe36 360.114 1.23663
45 Fe36 370.114 1.23547
45 Fe36 380.114 1.23256
45 Fe36 390.115 1.22763
45 Fe36 400.115 1.22636
45 Fe36 410.116 1.22259
45 Fe36 420.116 1.21911
45 Fe36 430.116 1.21804
45 Fe36 440.117 1.21576
45 Fe36 450.117 1.21169
45 Fe36 460.117 1.20976
45 Fe36 470.118 1.20863
45 Fe36 480.118 1.20645
45 Fe36 490.119 1.20384
T= 490.119 Sum_i(J(m_i, T))
   
46 Fe37 0.100004 1.22082
46 Fe37 10.1004 1.21786
46 Fe37 20.1008 1.21429
46 Fe37 30.1011 1.21107
46 Fe37 40.1015 1.20769
46 Fe37 50.1019 1.20431
46 Fe37 60.1023 1.20036
46 Fe37 70.1027 1.19702
46 Fe37 80.103 1.19353
46 Fe37 90.1034 1.18951
46 Fe37 100.104 1.1854
46 Fe37 110.104 1.18139
46 Fe37 120.105 1.17738
46 Fe37 130.105 1.17293
46 Fe37 140.105 1.16852
46 Fe37 150.106 1.16344
46 Fe37 160.106 1.15836
46 Fe37 170.106 1.1544
46 Fe37 180.107 1.14983
46 Fe37 190.107 1.14515
46 Fe37 200.108 1.1401
46 Fe37 210.108 1.13622
46 Fe37 220.108 1.13303
46 Fe37 230.109 1.1273
46 Fe37 240.109 1.1233
46 Fe37 250.109 1.11792
46 Fe37 260.11 1.11485
46 Fe37 270.11 1.11069
46 Fe37 280.111 1.10642
46 Fe37 290.111 1.1027
46 Fe37 300.111 1.09983
46 Fe37 310.112 1.0958
46 Fe37 320.112 1.09234
46 Fe37 330.113 1.08982
46 Fe37 340.113 1.08623
46 Fe37 350.113 1.08297
46 Fe37 360.114 1.08006
46 Fe37 370.114 1.07674
46 Fe37 380.114 1.07384
46 Fe37 390.115 1.07167
46 Fe37 400.115 1.06905
46 Fe37 410.116 1.06588
46 Fe37 420.116 1.06508
46 Fe37 430.116 1.06177
46 Fe37 440.117 1.06012
46 Fe37 450.117 1.05865
46 Fe37 460.117 1.05558
46 Fe37 470.118 1.05411
46 Fe37 480.118 1.05118
46 Fe37 490.119 1.04935
T= 490.119 Sum_i(J(m_i, T))
   
47 Fe38 0.100004 1.42059
47 Fe38 10.1004 1.41904
47 Fe38 20.1008 1.41697
47 Fe38 30.1011 1.4155
47 Fe38 40.1015 1.41356
47 Fe38 50.1019 1.41153
47 Fe38 60.1023 1.4101
47 Fe38 70.1027 1.40803
47 Fe38 80.103 1.40582
47 Fe38 90.1034 1.40409
47 Fe38 100.104 1.40234
47 Fe38 110.104 1.401
47 Fe38 120.105 1.39827
47 Fe38 130.105 1.39674
47 Fe38 140.105 1.39394
47 Fe38 150.106 1.39264
47 Fe38 160.106 1.39007
47 Fe38 170.106 1.38854
47 Fe38 180.107 1.3864
47 Fe38 190.107 1.3837
47 Fe38 200.108 1.38227
47 Fe38 210.108 1.37955
47 Fe38 220.108 1.37744
47 Fe38 230.109 1.37571
47 Fe38 240.109 1.37373
47 Fe38 250.109 1.37104
47 Fe38 260.11 1.36971
47 Fe38 270.11 1.36583
47 Fe38 280.111 1.36528
47 Fe38 290.111 1.36223
47 Fe38 300.111 1.35989
47 Fe38 310.112 1.35687
47 Fe38 320.112 1.35589
47 Fe38 330.113 1.35298
47 Fe38 340.113 1.35002
47 Fe38 350.113 1.34709
47 Fe38 360.114 1.34535
47 Fe38 370.114 1.34355
47 Fe38 380.114 1.34018
47 Fe38 390.115 1.33907
47 Fe38 400.115 1.33616
47 Fe38 410.116 1.33412
47 Fe38 420.116 1.32926
47 Fe38 430.116 1.32923
47 Fe38 440.117 1.32628
47 Fe38 450.117 1.32361
47 Fe38 460.117 1.32287
47 Fe38 470.118 1.31981
47 Fe38 480.118 1.31692
47 Fe38 490.119 1.31416
T= 490.119 Sum_i(J(m_i, T))
   
48 Fe39 0.100004 0.873083
48 Fe39 10.1004 0.855487
48 Fe39 20.1008 0.83833
48 Fe39 30.1011 0.82227
48 Fe39 40.1015 0.808872
48 Fe39 50.1019 0.797413
48 Fe39 60.1023 0.786375
48 Fe39 70.1027 0.779593
48 Fe39 80.103 0.77198
48 Fe39 90.1034 0.766008
48 Fe39 100.104 0.761176
48 Fe39 110.104 0.757511
48 Fe39 120.105 0.755073
48 Fe39 130.105 0.752873
48 Fe39 140.105 0.751954
48 Fe39 150.106 0.749431
48 Fe39 160.106 0.747913
48 Fe39 170.106 0.747857
48 Fe39 180.107 0.747374
48 Fe39 190.107 0.747931
48 Fe39 200.108 0.745863
48 Fe39 210.108 0.746563
48 Fe39 220.108 0.747093
48 Fe39 230.109 0.74757
48 Fe39 240.109 0.748712
48 Fe39 250.109 0.749104
48 Fe39 260.11 0.750164
48 Fe39 270.11 0.751102
48 Fe39 280.111 0.752208
48 Fe39 290.111 0.751145
48 Fe39 300.111 0.755739
48 Fe39 310.112 0.756067
48 Fe39 320.112 0.756159
48 Fe39 330.113 0.757917
48 Fe39 340.113 0.759584
48 Fe39 350.113 0.759914
48 Fe39 360.114 0.759895
48 Fe39 370.114 0.761103
48 Fe39 380.114 0.763507
48 Fe39 390.115 0.766252
48 Fe39 400.115 0.76686
48 Fe39 410.116 0.766859
48 Fe39 420.116 0.767801
48 Fe39 430.116 0.769055
48 Fe39 440.117 0.770326
48 Fe39 450.117 0.771026
48 Fe39 460.117 0.775197
48 Fe39 470.118 0.775642
48 Fe39 480.118 0.77714
48 Fe39 490.119 0.777809
T= 490.119 Sum_i(J(m_i, T))
   
49 Fe40 0.100004 1.15026
49 Fe40 10.1004 1.14489
49 Fe40 20.1008 1.13896
49 Fe40 30.1011 1.13291
49 Fe40 40.1015 1.12671
49 Fe40 50.1019 1.11967
49 Fe40 60.1023 1.11195
49 Fe40 70.1027 1.10467
49 Fe40 80.103 1.09562
49 Fe40 90.1034 1.08722
49 Fe40 100.104 1.07804
49 Fe40 110.104 1.06787
49 Fe40 120.105 1.05991
49 Fe40 130.105 1.05192
49 Fe40 140.105 1.04395
49 Fe40 150.106 1.03487
49 Fe40 160.106 1.02792
49 Fe40 170.106 1.02062
49 Fe40 180.107 1.01336
49 Fe40 190.107 1.00885
49 Fe40 200.108 1.0029
49 Fe40 210.108 0.997023
49 Fe40 220.108 0.992685
49 Fe40 230.109 0.987075
49 Fe40 240.109 0.982962
49 Fe40 250.109 0.979493
49 Fe40 260.11 0.974531
49 Fe40 270.11 0.97089
49 Fe40 280.111 0.968983
49 Fe40 290.111 0.964357
49 Fe40 300.111 0.964202
49 Fe40 310.112 0.960137
49 Fe40 320.112 0.958871
49 Fe40 330.113 0.955675
49 Fe40 340.113 0.95236
49 Fe40 350.113 0.951494
49 Fe40 360.114 0.948883
49 Fe40 370.114 0.945738
49 Fe40 380.114 0.944808
49 Fe40 390.115 0.944582
49 Fe40 400.115 0.941985
49 Fe40 410.116 0.94149
49 Fe40 420.116 0.940519
49 Fe40 430.116 0.940668
49 Fe40 440.117 0.937678
49 Fe40 450.117 0.937518
49 Fe40 460.117 0.939261
49 Fe40 470.118 0.936861
49 Fe40 480.118 0.936649
49 Fe40 490.119 0.935702
T= 490.119 Sum_i(J(m_i, T))
   
50 Fe41 0.100004 1.14186
50 Fe41 10.1004 1.13869
50 Fe41 20.1008 1.13562
50 Fe41 30.1011 1.13207
50 Fe41 40.1015 1.12907
50 Fe41 50.1019 1.1252
50 Fe41 60.1023 1.12223
50 Fe41 70.1027 1.11868
50 Fe41 80.103 1.11474
50 Fe41 90.1034 1.11084
50 Fe41 100.104 1.10739
50 Fe41 110.104 1.104
50 Fe41 120.105 1.09969
50 Fe41 130.105 1.09613
50 Fe41 140.105 1.09326
50 Fe41 150.106 1.08925
50 Fe41 160.106 1.08494
50 Fe41 170.106 1.08042
50 Fe41 180.107 1.07692
50 Fe41 190.107 1.07257
50 Fe41 200.108 1.06919
50 Fe41 210.108 1.06591
50 Fe41 220.108 1.06098
50 Fe41 230.109 1.05935
50 Fe41 240.109 1.05527
50 Fe41 250.109 1.05237
50 Fe41 260.11 1.04792
50 Fe41 270.11 1.04623
50 Fe41 280.111 1.04192
50 Fe41 290.111 1.04151
50 Fe41 300.111 1.0354
50 Fe41 310.112 1.03388
50 Fe41 320.112 1.03087
50 Fe41 330.113 1.02831
50 Fe41 340.113 1.02577
50 Fe41 350.113 1.02347
50 Fe41 360.114 1.0219
50 Fe41 370.114 1.01905
50 Fe41 380.114 1.01731
50 Fe41 390.115 1.01601
50 Fe41 400.115 1.0132
50 Fe41 410.116 1.01186
50 Fe41 420.116 1.01035
50 Fe41 430.116 1.00741
50 Fe41 440.117 1.00659
50 Fe41 450.117 1.00381
50 Fe41 460.117 1.00294
50 Fe41 470.118 1.00226
50 Fe41 480.118 1.00049
50 Fe41 490.119 0.999743
T= 490.119 Sum_i(J(m_i, T))
   
51 Fe42 0.100004 1.38297
51 Fe42 10.1004 1.38023
51 Fe42 20.1008 1.3772
51 Fe42 30.1011 1.37417
51 Fe42 40.1015 1.37156
51 Fe42 50.1019 1.36837
51 Fe42 60.1023 1.365
51 Fe42 70.1027 1.36173
51 Fe42 80.103 1.35882
51 Fe42 90.1034 1.35479
51 Fe42 100.104 1.35136
51 Fe42 110.104 1.34811
51 Fe42 120.105 1.34511
51 Fe42 130.105 1.34147
51 Fe42 140.105 1.33683
51 Fe42 150.106 1.33263
51 Fe42 160.106 1.32827
51 Fe42 170.106 1.32386
51 Fe42 180.107 1.32037
51 Fe42 190.107 1.31557
51 Fe42 200.108 1.31171
51 Fe42 210.108 1.30564
51 Fe42 220.108 1.30151
51 Fe42 230.109 1.29756
51 Fe42 240.109 1.29318
51 Fe42 250.109 1.28748
51 Fe42 260.11 1.28321
51 Fe42 270.11 1.27919
51 Fe42 280.111 1.27373
51 Fe42 290.111 1.27091
51 Fe42 300.111 1.26564
51 Fe42 310.112 1.26053
51 Fe42 320.112 1.25603
51 Fe42 330.113 1.25429
51 Fe42 340.113 1.24917
51 Fe42 350.113 1.2452
51 Fe42 360.114 1.2409
51 Fe42 370.114 1.23744
51 Fe42 380.114 1.23226
51 Fe42 390.115 1.22969
51 Fe42 400.115 1.22553
51 Fe42 410.116 1.22253
51 Fe42 420.116 1.21989
51 Fe42 430.116 1.21523
51 Fe42 440.117 1.2136
51 Fe42 450.117 1.2117
51 Fe42 460.117 1.20862
51 Fe42 470.118 1.20377
51 Fe42 480.118 1.20243
51 Fe42 490.119 1.19932
T= 490.119 Sum_i(J(m_i, T))
   
52 Ni1 0.100004 0.0983397
52 Ni1 10.1004 0.0985354
52 Ni1 20.1008 0.100054
52 Ni1 30.1011 0.103013
52 Ni1 40.1015 0.106783
52 Ni1 50.1019 0.110157
52 Ni1 60.1023 0.113986
52 Ni1 70.1027 0.117552
52 Ni1 80.103 0.121075
52 Ni1 90.1034 0.124378
52 Ni1 100.104 0.127935
52 Ni1 110.104 0.131021
52 Ni1 120.105 0.133973
52 Ni1 130.105 0.136931
52 Ni1 140.105 0.140126
52 Ni1 150.106 0.14275
52 Ni1 160.106 0.145809
52 Ni1 170.106 0.148539
52 Ni1 180.107 0.150969
52 Ni1 190.107 0.153781
52 Ni1 200.108 0.155833
52 Ni1 210.108 0.158425
52 Ni1 220.108 0.160636
52 Ni1 230.109 0.163456
52 Ni1 240.109 0.165763
52 Ni1 250.109 0.167531
52 Ni1 260.11 0.169831
52 Ni1 270.11 0.172554
52 Ni1 280.111 0.174301
52 Ni1 290.111 0.176347
52 Ni1 300.111 0.178746
52 Ni1 310.112 0.180475
52 Ni1 320.112 0.182222
52 Ni1 330.113 0.184038
52 Ni1 340.113 0.186131
52 Ni1 350.113 0.188015
52 Ni1 360.114 0.190478
52 Ni1 370.114 0.192276
52 Ni1 380.114 0.193487
52 Ni1 390.115 0.195433
52 Ni1 400.115 0.197235
52 Ni1 410.116 0.199553
52 Ni1 420.116 0.200537
52 Ni1 430.116 0.202487
52 Ni1 440.117 0.203767
52 Ni1 450.117 0.205474
52 Ni1 460.117 0.207661
52 Ni1 470.118 0.208658
52 Ni1 480.118 0.21104
52 Ni1 490.119 0.212425
T= 490.119 Sum_i(J(m_i, T))
   
53 Ni2 0.100004 0.0485386
53 Ni2 10.1004 0.0541
53 Ni2 20.1008 0.0626145
53 Ni2 30.1011 0.0701396
53 Ni2 40.1015 0.0767019
53 Ni2 50.1019 0.0825775
53 Ni2 60.1023 0.0879147
53 Ni2 70.1027 0.093092
53 Ni2 80.103 0.0977468
53 Ni2 90.1034 0.102163
53 Ni2 100.104 0.10633
53 Ni2 110.104 0.110405
53 Ni2 120.105 0.114125
53 Ni2 130.105 0.117942
53 Ni2 140.105 0.121436
53 Ni2 150.106 0.124634
53 Ni2 160.106 0.127622
53 Ni2 170.106 0.131064
53 Ni2 180.107 0.134129
53 Ni2 190.107 0.137149
53 Ni2 200.108 0.139936
53 Ni2 210.108 0.142998
53 Ni2 220.108 0.145426
53 Ni2 230.109 0.148241
53 Ni2 240.109 0.150667
53 Ni2 250.109 0.153593
53 Ni2 260.11 0.155619
53 Ni2 270.11 0.158766
53 Ni2 280.111 0.160436
53 Ni2 290.111 0.162869
53 Ni2 300.111 0.165284
53 Ni2 310.112 0.16756
53 Ni2 320.112 0.169699
53 Ni2 330.113 0.171893
53 Ni2 340.113 0.173621
53 Ni2 350.113 0.176124
53 Ni2 360.114 0.178822
53 Ni2 370.114 0.179964
53 Ni2 380.114 0.18224
53 Ni2 390.115 0.184679
53 Ni2 400.115 0.18598
53 Ni2 410.116 0.188273
53 Ni2 420.116 0.189892
53 Ni2 430.116 0.191022
53 Ni2 440.117 0.193773
53 Ni2 450.117 0.195754
53 Ni2 460.117 0.197152
53 Ni2 470.118 0.198843
53 Ni2 480.118 0.200329
53 Ni2 490.119 0.202505
T= 490.119 Sum_i(J(m_i, T))
   
54 Ni3 0.100004 0.0666768
54 Ni3 10.1004 0.0686163
54 Ni3 20.1008 0.074098
54 Ni3 30.1011 0.080008
54 Ni3 40.1015 0.0856804
54 Ni3 50.1019 0.0907221
54 Ni3 60.1023 0.0955161
54 Ni3 70.1027 0.10006
54 Ni3 80.103 0.104194
54 Ni3 90.1034 0.108706
54 Ni3 100.104 0.112594
54 Ni3 110.104 0.116247
54 Ni3 120.105 0.119861
54 Ni3 130.105 0.123094
54 Ni3 140.105 0.126224
54 Ni3 150.106 0.129577
54 Ni3 160.106 0.132724
54 Ni3 170.106 0.135687
54 Ni3 180.107 0.138423
54 Ni3 190.107 0.141677
54 Ni3 200.108 0.144084
54 Ni3 210.108 0.146997
54 Ni3 220.108 0.149722
54 Ni3 230.109 0.152409
54 Ni3 240.109 0.154795
54 Ni3 250.109 0.156631
54 Ni3 260.11 0.159201
54 Ni3 270.11 0.16216
54 Ni3 280.111 0.16365
54 Ni3 290.111 0.166175
54 Ni3 300.111 0.168308
54 Ni3 310.112 0.170677
54 Ni3 320.112 0.172973
54 Ni3 330.113 0.175203
54 Ni3 340.113 0.177106
54 Ni3 350.113 0.178224
54 Ni3 360.114 0.18108
54 Ni3 370.114 0.183402
54 Ni3 380.114 0.185133
54 Ni3 390.115 0.186925
54 Ni3 400.115 0.188486
54 Ni3 410.116 0.190683
54 Ni3 420.116 0.192482
54 Ni3 430.116 0.194506
54 Ni3 440.117 0.196283
54 Ni3 450.117 0.197697
54 Ni3 460.117 0.199228
54 Ni3 470.118 0.201096
54 Ni3 480.118 0.202623
54 Ni3 490.119 0.203836
T= 490.119 Sum_i(J(m_i, T))
   
55 Ni4 0.100004 0.00413047
55 Ni4 10.1004 0.025579
55 Ni4 20.1008 0.035512
55 Ni4 30.1011 0.0432863
55 Ni4 40.1015 0.0497968
55 Ni4 50.1019 0.0554681
55 Ni4 60.1023 0.0606175
55 Ni4 70.1027 0.0655886
55 Ni4 80.103 0.0696724
55 Ni4 90.1034 0.0738865
55 Ni4 100.104 0.0781799
55 Ni4 110.104 0.0816209
55 Ni4 120.105 0.085185
55 Ni4 130.105 0.0885586
55 Ni4 140.105 0.0919383
55 Ni4 150.106 0.0950547
55 Ni4 160.106 0.0981036
55 Ni4 170.106 0.101255
55 Ni4 180.107 0.104339
55 Ni4 190.107 0.106979
55 Ni4 200.108 0.109368
55 Ni4 210.108 0.112147
55 Ni4 220.108 0.114577
55 Ni4 230.109 0.117101
55 Ni4 240.109 0.119839
55 Ni4 250.109 0.122216
55 Ni4 260.11 0.124645
55 Ni4 270.11 0.126494
55 Ni4 280.111 0.128756
55 Ni4 290.111 0.131331
55 Ni4 300.111 0.133848
55 Ni4 310.112 0.135824
55 Ni4 320.112 0.137456
55 Ni4 330.113 0.139879
55 Ni4 340.113 0.141918
55 Ni4 350.113 0.143811
55 Ni4 360.114 0.145416
55 Ni4 370.114 0.147475
55 Ni4 380.114 0.149638
55 Ni4 390.115 0.151861
55 Ni4 400.115 0.153362
55 Ni4 410.116 0.154991
55 Ni4 420.116 0.156703
55 Ni4 430.116 0.158077
55 Ni4 440.117 0.160513
55 Ni4 450.117 0.162649
55 Ni4 460.117 0.163731
55 Ni4 470.118 0.165346
55 Ni4 480.118 0.167577
55 Ni4 490.119 0.16924
T= 490.119 Sum_i(J(m_i, T))
   
56 Ni5 0.100004 0.0315333
56 Ni5 10.1004 0.0413287
56 Ni5 20.1008 0.0507838
56 Ni5 30.1011 0.0583023
56 Ni5 40.1015 0.0648445
56 Ni5 50.1019 0.0711124
56 Ni5 60.1023 0.0763797
56 Ni5 70.1027 0.0811356
56 Ni5 80.103 0.085665
56 Ni5 90.1034 0.0899989
56 Ni5 100.104 0.0940973
56 Ni5 110.104 0.0979263
56 Ni5 120.105 0.101492
56 Ni5 130.105 0.105178
56 Ni5 140.105 0.108671
56 Ni5 150.106 0.111426
56 Ni5 160.106 0.115031
56 Ni5 170.106 0.118447
56 Ni5 180.107 0.121218
56 Ni5 190.107 0.12388
56 Ni5 200.108 0.126459
56 Ni5 210.108 0.129716
56 Ni5 220.108 0.13244
56 Ni5 230.109 0.13525
56 Ni5 240.109 0.137419
56 Ni5 250.109 0.139468
56 Ni5 260.11 0.142216
56 Ni5 270.11 0.144638
56 Ni5 280.111 0.14716
56 Ni5 290.111 0.149591
56 Ni5 300.111 0.152003
56 Ni5 310.112 0.153879
56 Ni5 320.112 0.155849
56 Ni5 330.113 0.157808
56 Ni5 340.113 0.159999
56 Ni5 350.113 0.162418
56 Ni5 360.114 0.163903
56 Ni5 370.114 0.166046
56 Ni5 380.114 0.168536
56 Ni5 390.115 0.169939
56 Ni5 400.115 0.172034
56 Ni5 410.116 0.173707
56 Ni5 420.116 0.175723
56 Ni5 430.116 0.177717
56 Ni5 440.117 0.179116
56 Ni5 450.117 0.181118
56 Ni5 460.117 0.182683
56 Ni5 470.118 0.184362
56 Ni5 480.118 0.186078
56 Ni5 490.119 0.188235
T= 490.119 Sum_i(J(m_i, T))
   
57 Ni6 0.100004 0.0890702
57 Ni6 10.1004 0.0893715
57 Ni6 20.1008 0.0917215
57 Ni6 30.1011 0.0954766
57 Ni6 40.1015 0.0997144
57 Ni6 50.1019 0.10393
57 Ni6 60.1023 0.107706
57 Ni6 70.1027 0.111785
57 Ni6 80.103 0.115834
57 Ni6 90.1034 0.119097
57 Ni6 100.104 0.122416
57 Ni6 110.104 0.125734
57 Ni6 120.105 0.128928
57 Ni6 130.105 0.132381
57 Ni6 140.105 0.135006
57 Ni6 150.106 0.138175
57 Ni6 160.106 0.140766
57 Ni6 170.106 0.143524
57 Ni6 180.107 0.146656
57 Ni6 190.107 0.149341
57 Ni6 200.108 0.151826
57 Ni6 210.108 0.153943
57 Ni6 220.108 0.156793
57 Ni6 230.109 0.159384
57 Ni6 240.109 0.161786
57 Ni6 250.109 0.163762
57 Ni6 260.11 0.16658
57 Ni6 270.11 0.168361
57 Ni6 280.111 0.17054
57 Ni6 290.111 0.172148
57 Ni6 300.111 0.174683
57 Ni6 310.112 0.177058
57 Ni6 320.112 0.179412
57 Ni6 330.113 0.180353
57 Ni6 340.113 0.18244
57 Ni6 350.113 0.184946
57 Ni6 360.114 0.186524
57 Ni6 370.114 0.188164
57 Ni6 380.114 0.190333
57 Ni6 390.115 0.192255
57 Ni6 400.115 0.194578
57 Ni6 410.116 0.195792
57 Ni6 420.116 0.197657
57 Ni6 430.116 0.199335
57 Ni6 440.117 0.200753
57 Ni6 450.117 0.202363
57 Ni6 460.117 0.203976
57 Ni6 470.118 0.205766
57 Ni6 480.118 0.207515
57 Ni6 490.119 0.209155
T= 490.119 Sum_i(J(m_i, T))
   
58 Ni7 0.100004 0.0349334
58 Ni7 10.1004 0.0426232
58 Ni7 20.1008 0.0512311
58 Ni7 30.1011 0.0582365
58 Ni7 40.1015 0.0645301
58 Ni7 50.1019 0.0700428
58 Ni7 60.1023 0.0751566
58 Ni7 70.1027 0.0799014
58 Ni7 80.103 0.0839784
58 Ni7 90.1034 0.0883109
58 Ni7 100.104 0.092129
58 Ni7 110.104 0.095865
58 Ni7 120.105 0.0992451
58 Ni7 130.105 0.102783
58 Ni7 140.105 0.106123
58 Ni7 150.106 0.10926
58 Ni7 160.106 0.111952
58 Ni7 170.106 0.11494
58 Ni7 180.107 0.117867
58 Ni7 190.107 0.120512
58 Ni7 200.108 0.123411
58 Ni7 210.108 0.125795
58 Ni7 220.108 0.128988
58 Ni7 230.109 0.13118
58 Ni7 240.109 0.133396
58 Ni7 250.109 0.136055
58 Ni7 260.11 0.138053
58 Ni7 270.11 0.140335
58 Ni7 280.111 0.142596
58 Ni7 290.111 0.144971
58 Ni7 300.111 0.146819
58 Ni7 310.112 0.149201
58 Ni7 320.112 0.151019
58 Ni7 330.113 0.15344
58 Ni7 340.113 0.155164
58 Ni7 350.113 0.157002
58 Ni7 360.114 0.159096
58 Ni7 370.114 0.161279
58 Ni7 380.114 0.162907
58 Ni7 390.115 0.164806
58 Ni7 400.115 0.166217
58 Ni7 410.116 0.168382
58 Ni7 420.116 0.170535
58 Ni7 430.116 0.172101
58 Ni7 440.117 0.1739
58 Ni7 450.117 0.175008
58 Ni7 460.117 0.177205
58 Ni7 470.118 0.178692
58 Ni7 480.118 0.180685
58 Ni7 490.119 0.182038
T= 490.119 Sum_i(J(m_i, T))
   
59 Ni8 0.100004 0.00802094
59 Ni8 10.1004 0.0279505
59 Ni8 20.1008 0.0381561
59 Ni8 30.1011 0.0461467
59 Ni8 40.1015 0.0526125
59 Ni8 50.1019 0.0585171
59 Ni8 60.1023 0.0636984
59 Ni8 70.1027 0.0686832
59 Ni8 80.103 0.0732738
59 Ni8 90.1034 0.0773161
59 Ni8 100.104 0.0812318
59 Ni8 110.104 0.0853836
59 Ni8 120.105 0.0889375
59 Ni8 130.105 0.092372
59 Ni8 140.105 0.095461
59 Ni8 150.106 0.0990112
59 Ni8 160.106 0.101859
59 Ni8 170.106 0.105125
59 Ni8 180.107 0.107571
59 Ni8 190.107 0.110959
59 Ni8 200.108 0.113625
59 Ni8 210.108 0.116007
59 Ni8 220.108 0.118596
59 Ni8 230.109 0.121135
59 Ni8 240.109 0.123844
59 Ni8 250.109 0.126704
59 Ni8 260.11 0.128549
59 Ni8 270.11 0.131193
59 Ni8 280.111 0.133487
59 Ni8 290.111 0.135298
59 Ni8 300.111 0.137724
59 Ni8 310.112 0.140147
59 Ni8 320.112 0.142482
59 Ni8 330.113 0.144288
59 Ni8 340.113 0.146262
59 Ni8 350.113 0.148358
59 Ni8 360.114 0.150259
59 Ni8 370.114 0.15183
59 Ni8 380.114 0.153844
59 Ni8 390.115 0.155757
59 Ni8 400.115 0.158608
59 Ni8 410.116 0.159495
59 Ni8 420.116 0.161873
59 Ni8 430.116 0.163516
59 Ni8 440.117 0.165027
59 Ni8 450.117 0.166964
59 Ni8 460.117 0.16872
59 Ni8 470.118 0.170147
59 Ni8 480.118 0.171516
59 Ni8 490.119 0.173939
T= 490.119 Sum_i(J(m_i, T))
   
60 Ni9 0.100004 0.0523487
60 Ni9 10.1004 0.0566479
60 Ni9 20.1008 0.0642722
60 Ni9 30.1011 0.0712716
60 Ni9 40.1015 0.0776768
60 Ni9 50.1019 0.0832751
60 Ni9 60.1023 0.0888175
60 Ni9 70.1027 0.093715
60 Ni9 80.103 0.098222
60 Ni9 90.1034 0.102591
60 Ni9 100.104 0.106375
60 Ni9 110.104 0.110932
60 Ni9 120.105 0.114494
60 Ni9 130.105 0.118185
60 Ni9 140.105 0.121295
60 Ni9 150.106 0.125085
60 Ni9 160.106 0.12813
60 Ni9 170.106 0.131352
60 Ni9 180.107 0.134615
60 Ni9 190.107 0.137111
60 Ni9 200.108 0.139611
60 Ni9 210.108 0.143033
60 Ni9 220.108 0.14576
60 Ni9 230.109 0.148095
60 Ni9 240.109 0.150965
60 Ni9 250.109 0.153541
60 Ni9 260.11 0.155965
60 Ni9 270.11 0.158243
60 Ni9 280.111 0.160696
60 Ni9 290.111 0.162776
60 Ni9 300.111 0.165564
60 Ni9 310.112 0.16724
60 Ni9 320.112 0.169954
60 Ni9 330.113 0.172221
60 Ni9 340.113 0.174232
60 Ni9 350.113 0.175916
60 Ni9 360.114 0.17811
60 Ni9 370.114 0.18049
60 Ni9 380.114 0.182435
60 Ni9 390.115 0.184602
60 Ni9 400.115 0.186018
60 Ni9 410.116 0.187516
60 Ni9 420.116 0.189968
60 Ni9 430.116 0.192122
60 Ni9 440.117 0.194207
60 Ni9 450.117 0.195858
60 Ni9 460.117 0.197635
60 Ni9 470.118 0.199174
60 Ni9 480.118 0.200163
60 Ni9 490.119 0.202582
T= 490.119 Sum_i(J(m_i, T))
   
61 Ni10 0.100004 0.161173
61 Ni10 10.1004 0.160957
61 Ni10 20.1008 0.161185
61 Ni10 30.1011 0.161161
61 Ni10 40.1015 0.162291
61 Ni10 50.1019 0.163629
61 Ni10 60.1023 0.165179
61 Ni10 70.1027 0.167226
61 Ni10 80.103 0.169748
61 Ni10 90.1034 0.171873
61 Ni10 100.104 0.174108
61 Ni10 110.104 0.177136
61 Ni10 120.105 0.179495
61 Ni10 130.105 0.181757
61 Ni10 140.105 0.184129
61 Ni10 150.106 0.186083
61 Ni10 160.106 0.188566
61 Ni10 170.106 0.190826
61 Ni10 180.107 0.193362
61 Ni10 190.107 0.195651
61 Ni10 200.108 0.197566
61 Ni10 210.108 0.199644
61 Ni10 220.108 0.201967
61 Ni10 230.109 0.20398
61 Ni10 240.109 0.206085
61 Ni10 250.109 0.208112
61 Ni10 260.11 0.210658
61 Ni10 270.11 0.212583
61 Ni10 280.111 0.214045
61 Ni10 290.111 0.216103
61 Ni10 300.111 0.217488
61 Ni10 310.112 0.219951
61 Ni10 320.112 0.221782
61 Ni10 330.113 0.222939
61 Ni10 340.113 0.225054
61 Ni10 350.113 0.226979
61 Ni10 360.114 0.228704
61 Ni10 370.114 0.230723
61 Ni10 380.114 0.232402
61 Ni10 390.115 0.233914
61 Ni10 400.115 0.236148
61 Ni10 410.116 0.237059
61 Ni10 420.116 0.238383
61 Ni10 430.116 0.240886
61 Ni10 440.117 0.242729
61 Ni10 450.117 0.243946
61 Ni10 460.117 0.245156
61 Ni10 470.118 0.246946
61 Ni10 480.118 0.248371
61 Ni10 490.119 0.249881
T= 490.119 Sum_i(J(m_i, T))
   
62 Ni11 0.100004 0.0103456
62 Ni11 10.1004 0.0297515
62 Ni11 20.1008 0.0401107
62 Ni11 30.1011 0.0483046
62 Ni11 40.1015 0.0549969
62 Ni11 50.1019 0.0608004
62 Ni11 60.1023 0.0663339
62 Ni11 70.1027 0.0712892
62 Ni11 80.103 0.0761286
62 Ni11 90.1034 0.0802761
62 Ni11 100.104 0.0844121
62 Ni11 110.104 0.0883946
62 Ni11 120.105 0.0919912
62 Ni11 130.105 0.0957029
62 Ni11 140.105 0.0989878
62 Ni11 150.106 0.102432
62 Ni11 160.106 0.105543
62 Ni11 170.106 0.108636
62 Ni11 180.107 0.111907
62 Ni11 190.107 0.114669
62 Ni11 200.108 0.117508
62 Ni11 210.108 0.120452
62 Ni11 220.108 0.122935
62 Ni11 230.109 0.125271
62 Ni11 240.109 0.128189
62 Ni11 250.109 0.130173
62 Ni11 260.11 0.133032
62 Ni11 270.11 0.13525
62 Ni11 280.111 0.137859
62 Ni11 290.111 0.139719
62 Ni11 300.111 0.142343
62 Ni11 310.112 0.144193
62 Ni11 320.112 0.146553
62 Ni11 330.113 0.148958
62 Ni11 340.113 0.151061
62 Ni11 350.113 0.153077
62 Ni11 360.114 0.155052
62 Ni11 370.114 0.156654
62 Ni11 380.114 0.159342
62 Ni11 390.115 0.160899
62 Ni11 400.115 0.162395
62 Ni11 410.116 0.164643
62 Ni11 420.116 0.165986
62 Ni11 430.116 0.16831
62 Ni11 440.117 0.170453
62 Ni11 450.117 0.171846
62 Ni11 460.117 0.173747
62 Ni11 470.118 0.175834
62 Ni11 480.118 0.177585
62 Ni11 490.119 0.179225
T= 490.119 Sum_i(J(m_i, T))
   
63 Ni12 0.100004 0.0288436
63 Ni12 10.1004 0.0412045
63 Ni12 20.1008 0.0518038
63 Ni12 30.1011 0.0602274
63 Ni12 40.1015 0.067427
63 Ni12 50.1019 0.0735932
63 Ni12 60.1023 0.0796552
63 Ni12 70.1027 0.0848967
63 Ni12 80.103 0.0895954
63 Ni12 90.1034 0.0944111
63 Ni12 100.104 0.0984332
63 Ni12 110.104 0.103449
63 Ni12 120.105 0.106691
63 Ni12 130.105 0.110558
63 Ni12 140.105 0.114262
63 Ni12 150.106 0.118074
63 Ni12 160.106 0.121178
63 Ni12 170.106 0.124469
63 Ni12 180.107 0.127719
63 Ni12 190.107 0.13049
63 Ni12 200.108 0.13369
63 Ni12 210.108 0.136486
63 Ni12 220.108 0.139652
63 Ni12 230.109 0.142139
63 Ni12 240.109 0.145219
63 Ni12 250.109 0.146769
63 Ni12 260.11 0.150239
63 Ni12 270.11 0.152628
63 Ni12 280.111 0.155368
63 Ni12 290.111 0.157813
63 Ni12 300.111 0.159825
63 Ni12 310.112 0.162247
63 Ni12 320.112 0.164879
63 Ni12 330.113 0.167195
63 Ni12 340.113 0.169281
63 Ni12 350.113 0.171419
63 Ni12 360.114 0.173361
63 Ni12 370.114 0.175687
63 Ni12 380.114 0.177351
63 Ni12 390.115 0.180286
63 Ni12 400.115 0.1818
63 Ni12 410.116 0.183553
63 Ni12 420.116 0.184957
63 Ni12 430.116 0.187391
63 Ni12 440.117 0.189245
63 Ni12 450.117 0.190922
63 Ni12 460.117 0.192877
63 Ni12 470.118 0.195373
63 Ni12 480.118 0.196896
63 Ni12 490.119 0.198614
T= 490.119 Sum_i(J(m_i, T))
   
64 Ni13 0.100004 0.214553
64 Ni13 10.1004 0.214106
64 Ni13 20.1008 0.213753
64 Ni13 30.1011 0.213557
64 Ni13 40.1015 0.213124
64 Ni13 50.1019 0.213139
64 Ni13 60.1023 0.213616
64 Ni13 70.1027 0.214281
64 Ni13 80.103 0.214584
64 Ni13 90.1034 0.215918
64 Ni13 100.104 0.216612
64 Ni13 110.104 0.217884
64 Ni13 120.105 0.219411
64 Ni13 130.105 0.220799
64 Ni13 140.105 0.222427
64 Ni13 150.106 0.223437
64 Ni13 160.106 0.225411
64 Ni13 170.106 0.226649
64 Ni13 180.107 0.228586
64 Ni13 190.107 0.229871
64 Ni13 200.108 0.231599
64 Ni13 210.108 0.233272
64 Ni13 220.108 0.234926
64 Ni13 230.109 0.236674
64 Ni13 240.109 0.238063
64 Ni13 250.109 0.239781
64 Ni13 260.11 0.241489
64 Ni13 270.11 0.243039
64 Ni13 280.111 0.24428
64 Ni13 290.111 0.245845
64 Ni13 300.111 0.247531
64 Ni13 310.112 0.24879
64 Ni13 320.112 0.250594
64 Ni13 330.113 0.251701
64 Ni13 340.113 0.253606
64 Ni13 350.113 0.255551
64 Ni13 360.114 0.256886
64 Ni13 370.114 0.258692
64 Ni13 380.114 0.259362
64 Ni13 390.115 0.261134
64 Ni13 400.115 0.262449
64 Ni13 410.116 0.263313
64 Ni13 420.116 0.265562
64 Ni13 430.116 0.266691
64 Ni13 440.117 0.267711
64 Ni13 450.117 0.268907
64 Ni13 460.117 0.270813
64 Ni13 470.118 0.271623
64 Ni13 480.118 0.273236
64 Ni13 490.119 0.274022
T= 490.119 Sum_i(J(m_i, T))
   
