N (# of atoms):
1 Cr1 0.100004 0.0430387
1 Cr1 10.1004 0.0629197
1 Cr1 20.1008 0.0789426
1 Cr1 30.1011 0.0919238
1 Cr1 40.1015 0.102665
1 Cr1 50.1019 0.112406
1 Cr1 60.1023 0.12122
1 Cr1 70.1027 0.128859
1 Cr1 80.103 0.136346
1 Cr1 90.1034 0.142986
1 Cr1 100.104 0.149629
1 Cr1 110.104 0.156111
1 Cr1 120.105 0.161578
1 Cr1 130.105 0.167386
1 Cr1 140.105 0.173164
1 Cr1 150.106 0.178883
1 Cr1 160.106 0.182991
1 Cr1 170.106 0.188451
1 Cr1 180.107 0.193177
1 Cr1 190.107 0.19803
1 Cr1 200.108 0.202096
1 Cr1 210.108 0.206995
1 Cr1 220.108 0.210265
1 Cr1 230.109 0.21496
1 Cr1 240.109 0.218521
1 Cr1 250.109 0.222324
1 Cr1 260.11 0.226682
1 Cr1 270.11 0.230751
1 Cr1 280.111 0.2335
1 Cr1 290.111 0.238127
1 Cr1 300.111 0.240749
1 Cr1 310.112 0.244402
1 Cr1 320.112 0.247531
1 Cr1 330.113 0.25089
1 Cr1 340.113 0.254509
1 Cr1 350.113 0.256821
1 Cr1 360.114 0.261845
1 Cr1 370.114 0.263019
1 Cr1 380.114 0.267958
1 Cr1 390.115 0.270117
1 Cr1 400.115 0.273193
1 Cr1 410.116 0.276378
1 Cr1 420.116 0.279336
1 Cr1 430.116 0.281565
1 Cr1 440.117 0.284853
1 Cr1 450.117 0.28808
1 Cr1 460.117 0.291224
1 Cr1 470.118 0.293351
1 Cr1 480.118 0.294993
1 Cr1 490.119 0.29822
T= 490.119 Sum_i(J(m_i, T))
   
2 Cr2 0.100004 0.00015752
2 Cr2 10.1004 0.273949
2 Cr2 20.1008 0.269983
2 Cr2 30.1011 0.271438
2 Cr2 40.1015 0.274906
2 Cr2 50.1019 0.279
2 Cr2 60.1023 0.283933
2 Cr2 70.1027 0.288352
2 Cr2 80.103 0.292992
2 Cr2 90.1034 0.298165
2 Cr2 100.104 0.30243
2 Cr2 110.104 0.30628
2 Cr2 120.105 0.310133
2 Cr2 130.105 0.314253
2 Cr2 140.105 0.318946
2 Cr2 150.106 0.322092
2 Cr2 160.106 0.32646
2 Cr2 170.106 0.32939
2 Cr2 180.107 0.333621
2 Cr2 190.107 0.336302
2 Cr2 200.108 0.33988
2 Cr2 210.108 0.34298
2 Cr2 220.108 0.346515
2 Cr2 230.109 0.350553
2 Cr2 240.109 0.35223
2 Cr2 250.109 0.35571
2 Cr2 260.11 0.358632
2 Cr2 270.11 0.361747
2 Cr2 280.111 0.364198
2 Cr2 290.111 0.368628
2 Cr2 300.111 0.370047
2 Cr2 310.112 0.372751
2 Cr2 320.112 0.375791
2 Cr2 330.113 0.377601
2 Cr2 340.113 0.380546
2 Cr2 350.113 0.382982
2 Cr2 360.114 0.385774
2 Cr2 370.114 0.387665
2 Cr2 380.114 0.3909
2 Cr2 390.115 0.393237
2 Cr2 400.115 0.396635
2 Cr2 410.116 0.397936
2 Cr2 420.116 0.400387
2 Cr2 430.116 0.403255
2 Cr2 440.117 0.405048
2 Cr2 450.117 0.406805
2 Cr2 460.117 0.409426
2 Cr2 470.118 0.412128
2 Cr2 480.118 0.415196
2 Cr2 490.119 0.416203
T= 490.119 Sum_i(J(m_i, T))
   
3 Cr3 0.100004 0.0481839
3 Cr3 10.1004 0.0677755
3 Cr3 20.1008 0.0848283
3 Cr3 30.1011 0.0983134
3 Cr3 40.1015 0.10952
3 Cr3 50.1019 0.119427
3 Cr3 60.1023 0.128697
3 Cr3 70.1027 0.136793
3 Cr3 80.103 0.145223
3 Cr3 90.1034 0.152031
3 Cr3 100.104 0.158852
3 Cr3 110.104 0.165555
3 Cr3 120.105 0.171724
3 Cr3 130.105 0.178151
3 Cr3 140.105 0.183059
3 Cr3 150.106 0.188772
3 Cr3 160.106 0.194327
3 Cr3 170.106 0.199389
3 Cr3 180.107 0.203692
3 Cr3 190.107 0.208477
3 Cr3 200.108 0.213679
3 Cr3 210.108 0.218459
3 Cr3 220.108 0.222748
3 Cr3 230.109 0.226902
3 Cr3 240.109 0.230786
3 Cr3 250.109 0.235014
3 Cr3 260.11 0.239581
3 Cr3 270.11 0.243015
3 Cr3 280.111 0.246965
3 Cr3 290.111 0.250889
3 Cr3 300.111 0.254837
3 Cr3 310.112 0.257471
3 Cr3 320.112 0.261375
3 Cr3 330.113 0.265276
3 Cr3 340.113 0.268506
3 Cr3 350.113 0.271707
3 Cr3 360.114 0.275941
3 Cr3 370.114 0.27905
3 Cr3 380.114 0.282504
3 Cr3 390.115 0.284336
3 Cr3 400.115 0.287741
3 Cr3 410.116 0.292313
3 Cr3 420.116 0.294714
3 Cr3 430.116 0.296311
3 Cr3 440.117 0.299875
3 Cr3 450.117 0.302352
3 Cr3 460.117 0.304983
3 Cr3 470.118 0.308014
3 Cr3 480.118 0.311571
3 Cr3 490.119 0.314418
T= 490.119 Sum_i(J(m_i, T))
   
4 Cr4 0.100004 0.000106042
4 Cr4 10.1004 0.326144
4 Cr4 20.1008 0.322944
4 Cr4 30.1011 0.318604
4 Cr4 40.1015 0.317169
4 Cr4 50.1019 0.317386
4 Cr4 60.1023 0.319956
4 Cr4 70.1027 0.323075
4 Cr4 80.103 0.325594
4 Cr4 90.1034 0.329477
4 Cr4 100.104 0.332217
4 Cr4 110.104 0.335702
4 Cr4 120.105 0.338467
4 Cr4 130.105 0.340548
4 Cr4 140.105 0.344949
4 Cr4 150.106 0.347374
4 Cr4 160.106 0.35128
4 Cr4 170.106 0.354684
4 Cr4 180.107 0.357022
4 Cr4 190.107 0.360808
4 Cr4 200.108 0.363092
4 Cr4 210.108 0.365608
4 Cr4 220.108 0.368877
4 Cr4 230.109 0.371638
4 Cr4 240.109 0.373913
4 Cr4 250.109 0.377244
4 Cr4 260.11 0.378912
4 Cr4 270.11 0.382719
4 Cr4 280.111 0.384694
4 Cr4 290.111 0.388506
4 Cr4 300.111 0.390085
4 Cr4 310.112 0.392687
4 Cr4 320.112 0.395233
4 Cr4 330.113 0.397928
4 Cr4 340.113 0.40088
4 Cr4 350.113 0.402669
4 Cr4 360.114 0.406105
4 Cr4 370.114 0.407455
4 Cr4 380.114 0.408661
4 Cr4 390.115 0.41103
4 Cr4 400.115 0.413613
4 Cr4 410.116 0.415915
4 Cr4 420.116 0.41774
4 Cr4 430.116 0.420952
4 Cr4 440.117 0.422819
4 Cr4 450.117 0.425691
4 Cr4 460.117 0.426537
4 Cr4 470.118 0.428722
4 Cr4 480.118 0.431097
4 Cr4 490.119 0.432897
T= 490.119 Sum_i(J(m_i, T))
   
5 Cr5 0.100004 0.0981368
5 Cr5 10.1004 0.103682
5 Cr5 20.1008 0.116138
5 Cr5 30.1011 0.127712
5 Cr5 40.1015 0.138036
5 Cr5 50.1019 0.147527
5 Cr5 60.1023 0.155694
5 Cr5 70.1027 0.163285
5 Cr5 80.103 0.171089
5 Cr5 90.1034 0.177579
5 Cr5 100.104 0.18358
5 Cr5 110.104 0.190145
5 Cr5 120.105 0.196002
5 Cr5 130.105 0.20173
5 Cr5 140.105 0.206438
5 Cr5 150.106 0.211325
5 Cr5 160.106 0.216671
5 Cr5 170.106 0.221804
5 Cr5 180.107 0.226475
5 Cr5 190.107 0.230805
5 Cr5 200.108 0.235376
5 Cr5 210.108 0.239254
5 Cr5 220.108 0.244323
5 Cr5 230.109 0.247775
5 Cr5 240.109 0.251988
5 Cr5 250.109 0.254857
5 Cr5 260.11 0.259866
5 Cr5 270.11 0.262984
5 Cr5 280.111 0.267318
5 Cr5 290.111 0.270408
5 Cr5 300.111 0.273192
5 Cr5 310.112 0.276928
5 Cr5 320.112 0.280077
5 Cr5 330.113 0.283798
5 Cr5 340.113 0.286165
5 Cr5 350.113 0.290253
5 Cr5 360.114 0.292699
5 Cr5 370.114 0.296015
5 Cr5 380.114 0.299539
5 Cr5 390.115 0.302866
5 Cr5 400.115 0.304457
5 Cr5 410.116 0.308095
5 Cr5 420.116 0.311448
5 Cr5 430.116 0.314663
5 Cr5 440.117 0.316572
5 Cr5 450.117 0.318958
5 Cr5 460.117 0.321441
5 Cr5 470.118 0.324157
5 Cr5 480.118 0.326104
5 Cr5 490.119 0.329749
T= 490.119 Sum_i(J(m_i, T))
   
6 Cr6 0.100004 0.148712
6 Cr6 10.1004 0.141455
6 Cr6 20.1008 0.149506
6 Cr6 30.1011 0.159104
6 Cr6 40.1015 0.167774
6 Cr6 50.1019 0.175722
6 Cr6 60.1023 0.183103
6 Cr6 70.1027 0.190158
6 Cr6 80.103 0.196593
6 Cr6 90.1034 0.203142
6 Cr6 100.104 0.208901
6 Cr6 110.104 0.21472
6 Cr6 120.105 0.219268
6 Cr6 130.105 0.224653
6 Cr6 140.105 0.229482
6 Cr6 150.106 0.233358
6 Cr6 160.106 0.23876
6 Cr6 170.106 0.242936
6 Cr6 180.107 0.24661
6 Cr6 190.107 0.251082
6 Cr6 200.108 0.255054
6 Cr6 210.108 0.258635
6 Cr6 220.108 0.262673
6 Cr6 230.109 0.266354
6 Cr6 240.109 0.270076
6 Cr6 250.109 0.273992
6 Cr6 260.11 0.276462
6 Cr6 270.11 0.280624
6 Cr6 280.111 0.283572
6 Cr6 290.111 0.286623
6 Cr6 300.111 0.290163
6 Cr6 310.112 0.294686
6 Cr6 320.112 0.296819
6 Cr6 330.113 0.299129
6 Cr6 340.113 0.302045
6 Cr6 350.113 0.305468
6 Cr6 360.114 0.307918
6 Cr6 370.114 0.31015
6 Cr6 380.114 0.312827
6 Cr6 390.115 0.316531
6 Cr6 400.115 0.318366
6 Cr6 410.116 0.320712
6 Cr6 420.116 0.324918
6 Cr6 430.116 0.326706
6 Cr6 440.117 0.329178
6 Cr6 450.117 0.331208
6 Cr6 460.117 0.334893
6 Cr6 470.118 0.336335
6 Cr6 480.118 0.33891
6 Cr6 490.119 0.341809
T= 490.119 Sum_i(J(m_i, T))
   
7 Cr7 0.100004 0.161045
7 Cr7 10.1004 0.151658
7 Cr7 20.1008 0.164388
7 Cr7 30.1011 0.176563
7 Cr7 40.1015 0.187776
7 Cr7 50.1019 0.197191
7 Cr7 60.1023 0.206416
7 Cr7 70.1027 0.214024
7 Cr7 80.103 0.221363
7 Cr7 90.1034 0.228524
7 Cr7 100.104 0.23606
7 Cr7 110.104 0.241867
7 Cr7 120.105 0.24785
7 Cr7 130.105 0.25313
7 Cr7 140.105 0.259129
7 Cr7 150.106 0.263844
7 Cr7 160.106 0.269241
7 Cr7 170.106 0.275001
7 Cr7 180.107 0.279242
7 Cr7 190.107 0.283832
7 Cr7 200.108 0.288044
7 Cr7 210.108 0.292309
7 Cr7 220.108 0.296489
7 Cr7 230.109 0.300824
7 Cr7 240.109 0.304695
7 Cr7 250.109 0.308569
7 Cr7 260.11 0.312289
7 Cr7 270.11 0.316373
7 Cr7 280.111 0.319504
7 Cr7 290.111 0.323154
7 Cr7 300.111 0.326916
7 Cr7 310.112 0.329653
7 Cr7 320.112 0.333433
7 Cr7 330.113 0.336619
7 Cr7 340.113 0.34
7 Cr7 350.113 0.344088
7 Cr7 360.114 0.346421
7 Cr7 370.114 0.34914
7 Cr7 380.114 0.352315
7 Cr7 390.115 0.356349
7 Cr7 400.115 0.35867
7 Cr7 410.116 0.361646
7 Cr7 420.116 0.364281
7 Cr7 430.116 0.367045
7 Cr7 440.117 0.371164
7 Cr7 450.117 0.372651
7 Cr7 460.117 0.374355
7 Cr7 470.118 0.377788
7 Cr7 480.118 0.381162
7 Cr7 490.119 0.383826
T= 490.119 Sum_i(J(m_i, T))
   
8 Cr8 0.100004 0.625364
8 Cr8 10.1004 0.605691
8 Cr8 20.1008 0.593443
8 Cr8 30.1011 0.58381
8 Cr8 40.1015 0.573529
8 Cr8 50.1019 0.564116
8 Cr8 60.1023 0.555296
8 Cr8 70.1027 0.547764
8 Cr8 80.103 0.542318
8 Cr8 90.1034 0.537861
8 Cr8 100.104 0.533115
8 Cr8 110.104 0.529571
8 Cr8 120.105 0.528576
8 Cr8 130.105 0.526241
8 Cr8 140.105 0.524235
8 Cr8 150.106 0.524133
8 Cr8 160.106 0.523794
8 Cr8 170.106 0.523096
8 Cr8 180.107 0.523952
8 Cr8 190.107 0.524936
8 Cr8 200.108 0.523752
8 Cr8 210.108 0.525101
8 Cr8 220.108 0.525493
8 Cr8 230.109 0.526466
8 Cr8 240.109 0.528092
8 Cr8 250.109 0.529622
8 Cr8 260.11 0.529799
8 Cr8 270.11 0.531119
8 Cr8 280.111 0.532031
8 Cr8 290.111 0.533468
8 Cr8 300.111 0.534526
8 Cr8 310.112 0.53485
8 Cr8 320.112 0.537235
8 Cr8 330.113 0.538626
8 Cr8 340.113 0.539571
8 Cr8 350.113 0.542503
8 Cr8 360.114 0.542689
8 Cr8 370.114 0.544291
8 Cr8 380.114 0.546272
8 Cr8 390.115 0.549201
8 Cr8 400.115 0.548681
8 Cr8 410.116 0.550539
8 Cr8 420.116 0.552272
8 Cr8 430.116 0.552768
8 Cr8 440.117 0.555058
8 Cr8 450.117 0.555705
8 Cr8 460.117 0.558285
8 Cr8 470.118 0.560105
8 Cr8 480.118 0.560187
8 Cr8 490.119 0.561893
T= 490.119 Sum_i(J(m_i, T))
   
9 Cr9 0.100004 0.647321
9 Cr9 10.1004 0.62982
9 Cr9 20.1008 0.617016
9 Cr9 30.1011 0.606073
9 Cr9 40.1015 0.59508
9 Cr9 50.1019 0.584946
9 Cr9 60.1023 0.576421
9 Cr9 70.1027 0.568449
9 Cr9 80.103 0.562189
9 Cr9 90.1034 0.557114
9 Cr9 100.104 0.552605
9 Cr9 110.104 0.551067
9 Cr9 120.105 0.548142
9 Cr9 130.105 0.546379
9 Cr9 140.105 0.545016
9 Cr9 150.106 0.5447
9 Cr9 160.106 0.543847
9 Cr9 170.106 0.543394
9 Cr9 180.107 0.54423
9 Cr9 190.107 0.544144
9 Cr9 200.108 0.545215
9 Cr9 210.108 0.545743
9 Cr9 220.108 0.546237
9 Cr9 230.109 0.547312
9 Cr9 240.109 0.548575
9 Cr9 250.109 0.549057
9 Cr9 260.11 0.550922
9 Cr9 270.11 0.552648
9 Cr9 280.111 0.553087
9 Cr9 290.111 0.55361
9 Cr9 300.111 0.557499
9 Cr9 310.112 0.557663
9 Cr9 320.112 0.558628
9 Cr9 330.113 0.55993
9 Cr9 340.113 0.562549
9 Cr9 350.113 0.562153
9 Cr9 360.114 0.564032
9 Cr9 370.114 0.56651
9 Cr9 380.114 0.566838
9 Cr9 390.115 0.568624
9 Cr9 400.115 0.568914
9 Cr9 410.116 0.573738
9 Cr9 420.116 0.574415
9 Cr9 430.116 0.574959
9 Cr9 440.117 0.576821
9 Cr9 450.117 0.577981
9 Cr9 460.117 0.579932
9 Cr9 470.118 0.581109
9 Cr9 480.118 0.581574
9 Cr9 490.119 0.582671
T= 490.119 Sum_i(J(m_i, T))
   
10 Fe1 0.100004 0.988429
10 Fe1 10.1004 0.984079
10 Fe1 20.1008 0.980697
10 Fe1 30.1011 0.976647
10 Fe1 40.1015 0.972401
10 Fe1 50.1019 0.968007
10 Fe1 60.1023 0.963054
10 Fe1 70.1027 0.959882
10 Fe1 80.103 0.955092
10 Fe1 90.1034 0.950856
10 Fe1 100.104 0.947222
10 Fe1 110.104 0.942358
10 Fe1 120.105 0.938137
10 Fe1 130.105 0.933628
10 Fe1 140.105 0.929485
10 Fe1 150.106 0.926576
10 Fe1 160.106 0.922696
10 Fe1 170.106 0.920344
10 Fe1 180.107 0.916527
10 Fe1 190.107 0.911563
10 Fe1 200.108 0.908326
10 Fe1 210.108 0.906548
10 Fe1 220.108 0.90414
10 Fe1 230.109 0.901051
10 Fe1 240.109 0.898723
10 Fe1 250.109 0.895634
10 Fe1 260.11 0.893794
10 Fe1 270.11 0.892401
10 Fe1 280.111 0.89039
10 Fe1 290.111 0.887715
10 Fe1 300.111 0.887621
10 Fe1 310.112 0.885441
10 Fe1 320.112 0.882735
10 Fe1 330.113 0.88189
10 Fe1 340.113 0.881977
10 Fe1 350.113 0.88062
10 Fe1 360.114 0.880091
10 Fe1 370.114 0.877408
10 Fe1 380.114 0.877435
10 Fe1 390.115 0.875736
10 Fe1 400.115 0.875346
10 Fe1 410.116 0.875034
10 Fe1 420.116 0.874597
10 Fe1 430.116 0.872742
10 Fe1 440.117 0.872042
10 Fe1 450.117 0.872285
10 Fe1 460.117 0.874063
10 Fe1 470.118 0.873658
10 Fe1 480.118 0.873065
10 Fe1 490.119 0.872348
T= 490.119 Sum_i(J(m_i, T))
   
11 Fe2 0.100004 0.932559
11 Fe2 10.1004 0.924955
11 Fe2 20.1008 0.917725
11 Fe2 30.1011 0.909992
11 Fe2 40.1015 0.90206
11 Fe2 50.1019 0.895753
11 Fe2 60.1023 0.888693
11 Fe2 70.1027 0.881588
11 Fe2 80.103 0.873621
11 Fe2 90.1034 0.868967
11 Fe2 100.104 0.862125
11 Fe2 110.104 0.856562
11 Fe2 120.105 0.851675
11 Fe2 130.105 0.847022
11 Fe2 140.105 0.843049
11 Fe2 150.106 0.839501
11 Fe2 160.106 0.835304
11 Fe2 170.106 0.83217
11 Fe2 180.107 0.828144
11 Fe2 190.107 0.827627
11 Fe2 200.108 0.825387
11 Fe2 210.108 0.823001
11 Fe2 220.108 0.82158
11 Fe2 230.109 0.820561
11 Fe2 240.109 0.819491
11 Fe2 250.109 0.817593
11 Fe2 260.11 0.816635
11 Fe2 270.11 0.81429
11 Fe2 280.111 0.814775
11 Fe2 290.111 0.814554
11 Fe2 300.111 0.813963
11 Fe2 310.112 0.812463
11 Fe2 320.112 0.813903
11 Fe2 330.113 0.811946
11 Fe2 340.113 0.812949
11 Fe2 350.113 0.812075
11 Fe2 360.114 0.812217
11 Fe2 370.114 0.811866
11 Fe2 380.114 0.813471
11 Fe2 390.115 0.81334
11 Fe2 400.115 0.813444
11 Fe2 410.116 0.813246
11 Fe2 420.116 0.81442
11 Fe2 430.116 0.815741
11 Fe2 440.117 0.815589
11 Fe2 450.117 0.814224
11 Fe2 460.117 0.815906
11 Fe2 470.118 0.815457
11 Fe2 480.118 0.817819
11 Fe2 490.119 0.817782
T= 490.119 Sum_i(J(m_i, T))
   
12 Fe3 0.100004 0.468258
12 Fe3 10.1004 0.466141
12 Fe3 20.1008 0.464556
12 Fe3 30.1011 0.46293
12 Fe3 40.1015 0.461656
12 Fe3 50.1019 0.46086
12 Fe3 60.1023 0.461457
12 Fe3 70.1027 0.462108
12 Fe3 80.103 0.463949
12 Fe3 90.1034 0.466167
12 Fe3 100.104 0.468956
12 Fe3 110.104 0.471425
12 Fe3 120.105 0.47413
12 Fe3 130.105 0.47686
12 Fe3 140.105 0.479685
12 Fe3 150.106 0.482151
12 Fe3 160.106 0.485286
12 Fe3 170.106 0.489127
12 Fe3 180.107 0.491869
12 Fe3 190.107 0.494532
12 Fe3 200.108 0.49849
12 Fe3 210.108 0.502166
12 Fe3 220.108 0.505226
12 Fe3 230.109 0.507219
12 Fe3 240.109 0.510195
12 Fe3 250.109 0.514943
12 Fe3 260.11 0.517637
12 Fe3 270.11 0.519748
12 Fe3 280.111 0.522197
12 Fe3 290.111 0.526164
12 Fe3 300.111 0.52924
12 Fe3 310.112 0.531387
12 Fe3 320.112 0.535223
12 Fe3 330.113 0.537434
12 Fe3 340.113 0.541388
12 Fe3 350.113 0.543789
12 Fe3 360.114 0.546545
12 Fe3 370.114 0.547694
12 Fe3 380.114 0.551199
12 Fe3 390.115 0.5541
12 Fe3 400.115 0.556471
12 Fe3 410.116 0.559843
12 Fe3 420.116 0.562124
12 Fe3 430.116 0.563854
12 Fe3 440.117 0.568379
12 Fe3 450.117 0.568847
12 Fe3 460.117 0.573941
12 Fe3 470.118 0.575531
12 Fe3 480.118 0.578332
12 Fe3 490.119 0.579351
T= 490.119 Sum_i(J(m_i, T))
   
13 Fe4 0.100004 0.315694
13 Fe4 10.1004 0.317214
13 Fe4 20.1008 0.318465
13 Fe4 30.1011 0.321371
13 Fe4 40.1015 0.324774
13 Fe4 50.1019 0.329326
13 Fe4 60.1023 0.334325
13 Fe4 70.1027 0.339673
13 Fe4 80.103 0.345933
13 Fe4 90.1034 0.35122
13 Fe4 100.104 0.356416
13 Fe4 110.104 0.362359
13 Fe4 120.105 0.367189
13 Fe4 130.105 0.373437
13 Fe4 140.105 0.379331
13 Fe4 150.106 0.383799
13 Fe4 160.106 0.388768
13 Fe4 170.106 0.395108
13 Fe4 180.107 0.398669
13 Fe4 190.107 0.404414
13 Fe4 200.108 0.409225
13 Fe4 210.108 0.413193
13 Fe4 220.108 0.41715
13 Fe4 230.109 0.423459
13 Fe4 240.109 0.426831
13 Fe4 250.109 0.431693
13 Fe4 260.11 0.434619
13 Fe4 270.11 0.440183
13 Fe4 280.111 0.443656
13 Fe4 290.111 0.44799
13 Fe4 300.111 0.452395
13 Fe4 310.112 0.455784
13 Fe4 320.112 0.45958
13 Fe4 330.113 0.46486
13 Fe4 340.113 0.467583
13 Fe4 350.113 0.470171
13 Fe4 360.114 0.473535
13 Fe4 370.114 0.47758
13 Fe4 380.114 0.482635
13 Fe4 390.115 0.48411
13 Fe4 400.115 0.488173
13 Fe4 410.116 0.490708
13 Fe4 420.116 0.494081
13 Fe4 430.116 0.497231
13 Fe4 440.117 0.500751
13 Fe4 450.117 0.504685
13 Fe4 460.117 0.506408
13 Fe4 470.118 0.510069
13 Fe4 480.118 0.514102
13 Fe4 490.119 0.515362
T= 490.119 Sum_i(J(m_i, T))
   
14 Fe5 0.100004 0.79934
14 Fe5 10.1004 0.793715
14 Fe5 20.1008 0.787927
14 Fe5 30.1011 0.781711
14 Fe5 40.1015 0.7759
14 Fe5 50.1019 0.770981
14 Fe5 60.1023 0.764638
14 Fe5 70.1027 0.760888
14 Fe5 80.103 0.754539
14 Fe5 90.1034 0.750474
14 Fe5 100.104 0.745888
14 Fe5 110.104 0.74317
14 Fe5 120.105 0.740291
14 Fe5 130.105 0.736483
14 Fe5 140.105 0.73327
14 Fe5 150.106 0.731803
14 Fe5 160.106 0.729538
14 Fe5 170.106 0.729384
14 Fe5 180.107 0.727653
14 Fe5 190.107 0.727198
14 Fe5 200.108 0.724988
14 Fe5 210.108 0.72515
14 Fe5 220.108 0.725552
14 Fe5 230.109 0.724084
14 Fe5 240.109 0.723767
14 Fe5 250.109 0.724231
14 Fe5 260.11 0.724476
14 Fe5 270.11 0.726792
14 Fe5 280.111 0.725268
14 Fe5 290.111 0.724807
14 Fe5 300.111 0.726161
14 Fe5 310.112 0.726708
14 Fe5 320.112 0.726915
14 Fe5 330.113 0.726673
14 Fe5 340.113 0.729026
14 Fe5 350.113 0.726789
14 Fe5 360.114 0.730163
14 Fe5 370.114 0.731509
14 Fe5 380.114 0.730777
14 Fe5 390.115 0.732865
14 Fe5 400.115 0.732172
14 Fe5 410.116 0.734496
14 Fe5 420.116 0.73495
14 Fe5 430.116 0.735821
14 Fe5 440.117 0.735296
14 Fe5 450.117 0.740479
14 Fe5 460.117 0.739389
14 Fe5 470.118 0.738996
14 Fe5 480.118 0.741112
14 Fe5 490.119 0.743252
T= 490.119 Sum_i(J(m_i, T))
   
15 Fe6 0.100004 1.35627
15 Fe6 10.1004 1.35284
15 Fe6 20.1008 1.34909
15 Fe6 30.1011 1.34541
15 Fe6 40.1015 1.34217
15 Fe6 50.1019 1.33732
15 Fe6 60.1023 1.33386
15 Fe6 70.1027 1.32975
15 Fe6 80.103 1.32439
15 Fe6 90.1034 1.32048
15 Fe6 100.104 1.31578
15 Fe6 110.104 1.31137
15 Fe6 120.105 1.3058
15 Fe6 130.105 1.3003
15 Fe6 140.105 1.29501
15 Fe6 150.106 1.29042
15 Fe6 160.106 1.28363
15 Fe6 170.106 1.27838
15 Fe6 180.107 1.27293
15 Fe6 190.107 1.26697
15 Fe6 200.108 1.26023
15 Fe6 210.108 1.25486
15 Fe6 220.108 1.2496
15 Fe6 230.109 1.24555
15 Fe6 240.109 1.24029
15 Fe6 250.109 1.23272
15 Fe6 260.11 1.22796
15 Fe6 270.11 1.22436
15 Fe6 280.111 1.21785
15 Fe6 290.111 1.21389
15 Fe6 300.111 1.20907
15 Fe6 310.112 1.20404
15 Fe6 320.112 1.19892
15 Fe6 330.113 1.19527
15 Fe6 340.113 1.18915
15 Fe6 350.113 1.18688
15 Fe6 360.114 1.18225
15 Fe6 370.114 1.17823
15 Fe6 380.114 1.177
15 Fe6 390.115 1.17359
15 Fe6 400.115 1.16987
15 Fe6 410.116 1.16516
15 Fe6 420.116 1.16184
15 Fe6 430.116 1.15878
15 Fe6 440.117 1.15859
15 Fe6 450.117 1.15478
15 Fe6 460.117 1.15039
15 Fe6 470.118 1.14964
15 Fe6 480.118 1.14764
15 Fe6 490.119 1.14287
T= 490.119 Sum_i(J(m_i, T))
   
16 Fe7 0.100004 0.675859
16 Fe7 10.1004 0.663075
16 Fe7 20.1008 0.651432
16 Fe7 30.1011 0.642091
16 Fe7 40.1015 0.633886
16 Fe7 50.1019 0.627453
16 Fe7 60.1023 0.624126
16 Fe7 70.1027 0.621092
16 Fe7 80.103 0.620255
16 Fe7 90.1034 0.618136
16 Fe7 100.104 0.617702
16 Fe7 110.104 0.618763
16 Fe7 120.105 0.620599
16 Fe7 130.105 0.620868
16 Fe7 140.105 0.622313
16 Fe7 150.106 0.624292
16 Fe7 160.106 0.624981
16 Fe7 170.106 0.627287
16 Fe7 180.107 0.628225
16 Fe7 190.107 0.632391
16 Fe7 200.108 0.633134
16 Fe7 210.108 0.63648
16 Fe7 220.108 0.637309
16 Fe7 230.109 0.640532
16 Fe7 240.109 0.642719
16 Fe7 250.109 0.645307
16 Fe7 260.11 0.646868
16 Fe7 270.11 0.649825
16 Fe7 280.111 0.653434
16 Fe7 290.111 0.654578
16 Fe7 300.111 0.657659
16 Fe7 310.112 0.66016
16 Fe7 320.112 0.660983
16 Fe7 330.113 0.663053
16 Fe7 340.113 0.665382
16 Fe7 350.113 0.667058
16 Fe7 360.114 0.66932
16 Fe7 370.114 0.672355
16 Fe7 380.114 0.674548
16 Fe7 390.115 0.67684
16 Fe7 400.115 0.678646
16 Fe7 410.116 0.680827
16 Fe7 420.116 0.682546
16 Fe7 430.116 0.685051
16 Fe7 440.117 0.68804
16 Fe7 450.117 0.688583
16 Fe7 460.117 0.691204
16 Fe7 470.118 0.692158
16 Fe7 480.118 0.693993
16 Fe7 490.119 0.697977
T= 490.119 Sum_i(J(m_i, T))
   
17 Fe8 0.100004 1.17838
17 Fe8 10.1004 1.17425
17 Fe8 20.1008 1.17022
17 Fe8 30.1011 1.16528
17 Fe8 40.1015 1.16145
17 Fe8 50.1019 1.15675
17 Fe8 60.1023 1.15293
17 Fe8 70.1027 1.14726
17 Fe8 80.103 1.14353
17 Fe8 90.1034 1.13812
17 Fe8 100.104 1.13345
17 Fe8 110.104 1.12833
17 Fe8 120.105 1.12434
17 Fe8 130.105 1.11972
17 Fe8 140.105 1.11461
17 Fe8 150.106 1.11099
17 Fe8 160.106 1.10465
17 Fe8 170.106 1.1006
17 Fe8 180.107 1.0949
17 Fe8 190.107 1.09075
17 Fe8 200.108 1.08604
17 Fe8 210.108 1.08247
17 Fe8 220.108 1.07785
17 Fe8 230.109 1.07494
17 Fe8 240.109 1.07101
17 Fe8 250.109 1.06658
17 Fe8 260.11 1.06477
17 Fe8 270.11 1.06022
17 Fe8 280.111 1.05778
17 Fe8 290.111 1.05325
17 Fe8 300.111 1.05055
17 Fe8 310.112 1.04784
17 Fe8 320.112 1.04535
17 Fe8 330.113 1.04142
17 Fe8 340.113 1.04072
17 Fe8 350.113 1.03643
17 Fe8 360.114 1.03494
17 Fe8 370.114 1.03195
17 Fe8 380.114 1.0315
17 Fe8 390.115 1.0267
17 Fe8 400.115 1.02629
17 Fe8 410.116 1.025
17 Fe8 420.116 1.02368
17 Fe8 430.116 1.01977
17 Fe8 440.117 1.0197
17 Fe8 450.117 1.01824
17 Fe8 460.117 1.01625
17 Fe8 470.118 1.01601
17 Fe8 480.118 1.01442
17 Fe8 490.119 1.01183
T= 490.119 Sum_i(J(m_i, T))
   
18 Fe9 0.100004 0.495162
18 Fe9 10.1004 0.493272
18 Fe9 20.1008 0.492183
18 Fe9 30.1011 0.491008
18 Fe9 40.1015 0.489922
18 Fe9 50.1019 0.491033
18 Fe9 60.1023 0.491019
18 Fe9 70.1027 0.493365
18 Fe9 80.103 0.495638
18 Fe9 90.1034 0.497963
18 Fe9 100.104 0.500585
18 Fe9 110.104 0.503405
18 Fe9 120.105 0.508162
18 Fe9 130.105 0.511925
18 Fe9 140.105 0.514029
18 Fe9 150.106 0.51773
18 Fe9 160.106 0.521537
18 Fe9 170.106 0.524632
18 Fe9 180.107 0.527837
18 Fe9 190.107 0.532509
18 Fe9 200.108 0.536476
18 Fe9 210.108 0.539037
18 Fe9 220.108 0.54362
18 Fe9 230.109 0.546067
18 Fe9 240.109 0.548832
18 Fe9 250.109 0.553058
18 Fe9 260.11 0.556625
18 Fe9 270.11 0.559065
18 Fe9 280.111 0.563531
18 Fe9 290.111 0.565256
18 Fe9 300.111 0.56975
18 Fe9 310.112 0.572067
18 Fe9 320.112 0.574409
18 Fe9 330.113 0.578579
18 Fe9 340.113 0.580747
18 Fe9 350.113 0.583967
18 Fe9 360.114 0.585914
18 Fe9 370.114 0.590082
18 Fe9 380.114 0.592976
18 Fe9 390.115 0.595593
18 Fe9 400.115 0.599285
18 Fe9 410.116 0.599897
18 Fe9 420.116 0.602707
18 Fe9 430.116 0.60795
18 Fe9 440.117 0.60855
18 Fe9 450.117 0.611191
18 Fe9 460.117 0.613619
18 Fe9 470.118 0.616734
18 Fe9 480.118 0.618493
18 Fe9 490.119 0.621769
T= 490.119 Sum_i(J(m_i, T))
   
19 Fe10 0.100004 1.04741
19 Fe10 10.1004 1.04305
19 Fe10 20.1008 1.03804
19 Fe10 30.1011 1.03374
19 Fe10 40.1015 1.02876
19 Fe10 50.1019 1.02409
19 Fe10 60.1023 1.01996
19 Fe10 70.1027 1.01504
19 Fe10 80.103 1.01066
19 Fe10 90.1034 1.00521
19 Fe10 100.104 1.00139
19 Fe10 110.104 0.996741
19 Fe10 120.105 0.992926
19 Fe10 130.105 0.987816
19 Fe10 140.105 0.982374
19 Fe10 150.106 0.979496
19 Fe10 160.106 0.974275
19 Fe10 170.106 0.97122
19 Fe10 180.107 0.968165
19 Fe10 190.107 0.964366
19 Fe10 200.108 0.961754
19 Fe10 210.108 0.957276
19 Fe10 220.108 0.954146
19 Fe10 230.109 0.953393
19 Fe10 240.109 0.950235
19 Fe10 250.109 0.944665
19 Fe10 260.11 0.943922
19 Fe10 270.11 0.942055
19 Fe10 280.111 0.93863
19 Fe10 290.111 0.936593
19 Fe10 300.111 0.935835
19 Fe10 310.112 0.934049
19 Fe10 320.112 0.930188
19 Fe10 330.113 0.92994
19 Fe10 340.113 0.928504
19 Fe10 350.113 0.927036
19 Fe10 360.114 0.925623
19 Fe10 370.114 0.923316
19 Fe10 380.114 0.9232
19 Fe10 390.115 0.92229
19 Fe10 400.115 0.921377
19 Fe10 410.116 0.919715
19 Fe10 420.116 0.918776
19 Fe10 430.116 0.919467
19 Fe10 440.117 0.920539
19 Fe10 450.117 0.916867
19 Fe10 460.117 0.917019
19 Fe10 470.118 0.916861
19 Fe10 480.118 0.914553
19 Fe10 490.119 0.915727
T= 490.119 Sum_i(J(m_i, T))
   
20 Fe11 0.100004 1.44274
20 Fe11 10.1004 1.44017
20 Fe11 20.1008 1.43726
20 Fe11 30.1011 1.43477
20 Fe11 40.1015 1.43218
20 Fe11 50.1019 1.42876
20 Fe11 60.1023 1.42628
20 Fe11 70.1027 1.42349
20 Fe11 80.103 1.42115
20 Fe11 90.1034 1.41816
20 Fe11 100.104 1.41421
20 Fe11 110.104 1.41144
20 Fe11 120.105 1.40804
20 Fe11 130.105 1.40481
20 Fe11 140.105 1.40068
20 Fe11 150.106 1.3984
20 Fe11 160.106 1.39347
20 Fe11 170.106 1.39014
20 Fe11 180.107 1.38567
20 Fe11 190.107 1.3827
20 Fe11 200.108 1.37854
20 Fe11 210.108 1.37481
20 Fe11 220.108 1.37092
20 Fe11 230.109 1.36547
20 Fe11 240.109 1.36314
20 Fe11 250.109 1.359
20 Fe11 260.11 1.35403
20 Fe11 270.11 1.3508
20 Fe11 280.111 1.3455
20 Fe11 290.111 1.34161
20 Fe11 300.111 1.33782
20 Fe11 310.112 1.33391
20 Fe11 320.112 1.32932
20 Fe11 330.113 1.325
20 Fe11 340.113 1.3229
20 Fe11 350.113 1.31881
20 Fe11 360.114 1.31384
20 Fe11 370.114 1.31252
20 Fe11 380.114 1.30608
20 Fe11 390.115 1.30367
20 Fe11 400.115 1.29916
20 Fe11 410.116 1.2949
20 Fe11 420.116 1.29091
20 Fe11 430.116 1.2887
20 Fe11 440.117 1.28628
20 Fe11 450.117 1.2821
20 Fe11 460.117 1.27926
20 Fe11 470.118 1.27638
20 Fe11 480.118 1.27118
20 Fe11 490.119 1.27115
T= 490.119 Sum_i(J(m_i, T))
   
21 Fe12 0.100004 1.03616
21 Fe12 10.1004 1.03089
21 Fe12 20.1008 1.02523
21 Fe12 30.1011 1.0195
21 Fe12 40.1015 1.01408
21 Fe12 50.1019 1.00786
21 Fe12 60.1023 1.00244
21 Fe12 70.1027 0.996634
21 Fe12 80.103 0.990631
21 Fe12 90.1034 0.98541
21 Fe12 100.104 0.97937
21 Fe12 110.104 0.972596
21 Fe12 120.105 0.96794
21 Fe12 130.105 0.962428
21 Fe12 140.105 0.958226
21 Fe12 150.106 0.9531
21 Fe12 160.106 0.947779
21 Fe12 170.106 0.944779
21 Fe12 180.107 0.940818
21 Fe12 190.107 0.936711
21 Fe12 200.108 0.933595
21 Fe12 210.108 0.929188
21 Fe12 220.108 0.926641
21 Fe12 230.109 0.923107
21 Fe12 240.109 0.921908
21 Fe12 250.109 0.91763
21 Fe12 260.11 0.915696
21 Fe12 270.11 0.912642
21 Fe12 280.111 0.910609
21 Fe12 290.111 0.909308
21 Fe12 300.111 0.907275
21 Fe12 310.112 0.904844
21 Fe12 320.112 0.903517
21 Fe12 330.113 0.901467
21 Fe12 340.113 0.902172
21 Fe12 350.113 0.89949
21 Fe12 360.114 0.900448
21 Fe12 370.114 0.898561
21 Fe12 380.114 0.896864
21 Fe12 390.115 0.896687
21 Fe12 400.115 0.895733
21 Fe12 410.116 0.894983
21 Fe12 420.116 0.8943
21 Fe12 430.116 0.893798
21 Fe12 440.117 0.892705
21 Fe12 450.117 0.891925
21 Fe12 460.117 0.893769
21 Fe12 470.118 0.891148
21 Fe12 480.118 0.892047
21 Fe12 490.119 0.891904
T= 490.119 Sum_i(J(m_i, T))
   
22 Fe13 0.100004 0.763784
22 Fe13 10.1004 0.758974
22 Fe13 20.1008 0.754059
22 Fe13 30.1011 0.749512
22 Fe13 40.1015 0.745119
22 Fe13 50.1019 0.741303
22 Fe13 60.1023 0.736483
22 Fe13 70.1027 0.731954
22 Fe13 80.103 0.72769
22 Fe13 90.1034 0.723995
22 Fe13 100.104 0.720645
22 Fe13 110.104 0.717423
22 Fe13 120.105 0.713654
22 Fe13 130.105 0.711614
22 Fe13 140.105 0.709451
22 Fe13 150.106 0.707518
22 Fe13 160.106 0.706067
22 Fe13 170.106 0.703579
22 Fe13 180.107 0.704517
22 Fe13 190.107 0.702107
22 Fe13 200.108 0.701036
22 Fe13 210.108 0.70073
22 Fe13 220.108 0.698908
22 Fe13 230.109 0.699213
22 Fe13 240.109 0.698723
22 Fe13 250.109 0.69894
22 Fe13 260.11 0.698994
22 Fe13 270.11 0.700233
22 Fe13 280.111 0.700539
22 Fe13 290.111 0.700253
22 Fe13 300.111 0.700843
22 Fe13 310.112 0.700884
22 Fe13 320.112 0.70206
22 Fe13 330.113 0.70271
22 Fe13 340.113 0.701904
22 Fe13 350.113 0.704324
22 Fe13 360.114 0.704756
22 Fe13 370.114 0.705205
22 Fe13 380.114 0.707804
22 Fe13 390.115 0.706274
22 Fe13 400.115 0.707477
22 Fe13 410.116 0.70814
22 Fe13 420.116 0.707733
22 Fe13 430.116 0.71101
22 Fe13 440.117 0.710648
22 Fe13 450.117 0.711774
22 Fe13 460.117 0.712311
22 Fe13 470.118 0.715389
22 Fe13 480.118 0.715018
22 Fe13 490.119 0.716457
T= 490.119 Sum_i(J(m_i, T))
   
23 Fe14 0.100004 0.257353
23 Fe14 10.1004 0.261574
23 Fe14 20.1008 0.267871
23 Fe14 30.1011 0.277228
23 Fe14 40.1015 0.286521
23 Fe14 50.1019 0.296607
23 Fe14 60.1023 0.306375
23 Fe14 70.1027 0.316144
23 Fe14 80.103 0.325699
23 Fe14 90.1034 0.335506
23 Fe14 100.104 0.343675
23 Fe14 110.104 0.352084
23 Fe14 120.105 0.360125
23 Fe14 130.105 0.368437
23 Fe14 140.105 0.375871
23 Fe14 150.106 0.382136
23 Fe14 160.106 0.38937
23 Fe14 170.106 0.396647
23 Fe14 180.107 0.401573
23 Fe14 190.107 0.408793
23 Fe14 200.108 0.415292
23 Fe14 210.108 0.422138
23 Fe14 220.108 0.426414
23 Fe14 230.109 0.431674
23 Fe14 240.109 0.438678
23 Fe14 250.109 0.442627
23 Fe14 260.11 0.448602
23 Fe14 270.11 0.452792
23 Fe14 280.111 0.456994
23 Fe14 290.111 0.464071
23 Fe14 300.111 0.466247
23 Fe14 310.112 0.473741
23 Fe14 320.112 0.476071
23 Fe14 330.113 0.480334
23 Fe14 340.113 0.484816
23 Fe14 350.113 0.489907
23 Fe14 360.114 0.492194
23 Fe14 370.114 0.497736
23 Fe14 380.114 0.501521
23 Fe14 390.115 0.505855
23 Fe14 400.115 0.50907
23 Fe14 410.116 0.512659
23 Fe14 420.116 0.516815
23 Fe14 430.116 0.520585
23 Fe14 440.117 0.523564
23 Fe14 450.117 0.526792
23 Fe14 460.117 0.529227
23 Fe14 470.118 0.533438
23 Fe14 480.118 0.536149
23 Fe14 490.119 0.540373
T= 490.119 Sum_i(J(m_i, T))
   
24 Fe15 0.100004 0.406445
24 Fe15 10.1004 0.401803
24 Fe15 20.1008 0.400104
24 Fe15 30.1011 0.402944
24 Fe15 40.1015 0.408537
24 Fe15 50.1019 0.415073
24 Fe15 60.1023 0.421862
24 Fe15 70.1027 0.429888
24 Fe15 80.103 0.436989
24 Fe15 90.1034 0.443698
24 Fe15 100.104 0.45152
24 Fe15 110.104 0.456296
24 Fe15 120.105 0.462602
24 Fe15 130.105 0.468525
24 Fe15 140.105 0.47554
24 Fe15 150.106 0.481798
24 Fe15 160.106 0.487032
24 Fe15 170.106 0.492106
24 Fe15 180.107 0.49771
24 Fe15 190.107 0.503099
24 Fe15 200.108 0.507778
24 Fe15 210.108 0.512563
24 Fe15 220.108 0.517196
24 Fe15 230.109 0.520902
24 Fe15 240.109 0.526456
24 Fe15 250.109 0.532148
24 Fe15 260.11 0.534826
24 Fe15 270.11 0.538159
24 Fe15 280.111 0.545024
24 Fe15 290.111 0.548778
24 Fe15 300.111 0.552402
24 Fe15 310.112 0.552591
24 Fe15 320.112 0.557927
24 Fe15 330.113 0.562855
24 Fe15 340.113 0.564332
24 Fe15 350.113 0.570003
24 Fe15 360.114 0.571923
24 Fe15 370.114 0.575453
24 Fe15 380.114 0.578842
24 Fe15 390.115 0.581057
24 Fe15 400.115 0.584067
24 Fe15 410.116 0.587375
24 Fe15 420.116 0.591055
24 Fe15 430.116 0.595195
24 Fe15 440.117 0.597371
24 Fe15 450.117 0.600711
24 Fe15 460.117 0.602305
24 Fe15 470.118 0.604611
24 Fe15 480.118 0.60903
24 Fe15 490.119 0.611581
T= 490.119 Sum_i(J(m_i, T))
   
25 Fe16 0.100004 0.850105
25 Fe16 10.1004 0.809049
25 Fe16 20.1008 0.773181
25 Fe16 30.1011 0.746619
25 Fe16 40.1015 0.728306
25 Fe16 50.1019 0.716473
25 Fe16 60.1023 0.707193
25 Fe16 70.1027 0.702972
25 Fe16 80.103 0.698552
25 Fe16 90.1034 0.698456
25 Fe16 100.104 0.696739
25 Fe16 110.104 0.697051
25 Fe16 120.105 0.69875
25 Fe16 130.105 0.696262
25 Fe16 140.105 0.699371
25 Fe16 150.106 0.700259
25 Fe16 160.106 0.701849
25 Fe16 170.106 0.703462
25 Fe16 180.107 0.705689
25 Fe16 190.107 0.708383
25 Fe16 200.108 0.710127
25 Fe16 210.108 0.711372
25 Fe16 220.108 0.714608
25 Fe16 230.109 0.717299
25 Fe16 240.109 0.718522
25 Fe16 250.109 0.722325
25 Fe16 260.11 0.723651
25 Fe16 270.11 0.724745
25 Fe16 280.111 0.72789
25 Fe16 290.111 0.72997
25 Fe16 300.111 0.73198
25 Fe16 310.112 0.735078
25 Fe16 320.112 0.735827
25 Fe16 330.113 0.740038
25 Fe16 340.113 0.739525
25 Fe16 350.113 0.742665
25 Fe16 360.114 0.743752
25 Fe16 370.114 0.746711
25 Fe16 380.114 0.74885
25 Fe16 390.115 0.751041
25 Fe16 400.115 0.753947
25 Fe16 410.116 0.754664
25 Fe16 420.116 0.756853
25 Fe16 430.116 0.760084
25 Fe16 440.117 0.758215
25 Fe16 450.117 0.761527
25 Fe16 460.117 0.764489
25 Fe16 470.118 0.766964
25 Fe16 480.118 0.768844
25 Fe16 490.119 0.770747
T= 490.119 Sum_i(J(m_i, T))
   
26 Fe17 0.100004 0.104232
26 Fe17 10.1004 0.125442
26 Fe17 20.1008 0.15008
26 Fe17 30.1011 0.170493
26 Fe17 40.1015 0.18754
26 Fe17 50.1019 0.202639
26 Fe17 60.1023 0.217183
26 Fe17 70.1027 0.229185
26 Fe17 80.103 0.24057
26 Fe17 90.1034 0.252719
26 Fe17 100.104 0.261551
26 Fe17 110.104 0.271441
26 Fe17 120.105 0.280728
26 Fe17 130.105 0.290166
26 Fe17 140.105 0.297266
26 Fe17 150.106 0.305303
26 Fe17 160.106 0.31309
26 Fe17 170.106 0.32036
26 Fe17 180.107 0.327165
26 Fe17 190.107 0.333687
26 Fe17 200.108 0.340055
26 Fe17 210.108 0.346931
26 Fe17 220.108 0.352266
26 Fe17 230.109 0.359164
26 Fe17 240.109 0.363863
26 Fe17 250.109 0.369745
26 Fe17 260.11 0.375429
26 Fe17 270.11 0.381824
26 Fe17 280.111 0.385905
26 Fe17 290.111 0.390355
26 Fe17 300.111 0.396196
26 Fe17 310.112 0.400897
26 Fe17 320.112 0.405176
26 Fe17 330.113 0.409248
26 Fe17 340.113 0.414598
26 Fe17 350.113 0.418293
26 Fe17 360.114 0.422743
26 Fe17 370.114 0.426429
26 Fe17 380.114 0.431391
26 Fe17 390.115 0.436405
26 Fe17 400.115 0.439785
26 Fe17 410.116 0.442765
26 Fe17 420.116 0.447686
26 Fe17 430.116 0.449313
26 Fe17 440.117 0.454916
26 Fe17 450.117 0.460356
26 Fe17 460.117 0.462254
26 Fe17 470.118 0.465821
26 Fe17 480.118 0.467869
26 Fe17 490.119 0.473359
T= 490.119 Sum_i(J(m_i, T))
   
27 Fe18 0.100004 1.35839
27 Fe18 10.1004 1.35487
27 Fe18 20.1008 1.35126
27 Fe18 30.1011 1.34762
27 Fe18 40.1015 1.3437
27 Fe18 50.1019 1.33986
27 Fe18 60.1023 1.33575
27 Fe18 70.1027 1.33188
27 Fe18 80.103 1.32757
27 Fe18 90.1034 1.32249
27 Fe18 100.104 1.31775
27 Fe18 110.104 1.31282
27 Fe18 120.105 1.30876
27 Fe18 130.105 1.30274
27 Fe18 140.105 1.29858
27 Fe18 150.106 1.29258
27 Fe18 160.106 1.28702
27 Fe18 170.106 1.28203
27 Fe18 180.107 1.27617
27 Fe18 190.107 1.27172
27 Fe18 200.108 1.26445
27 Fe18 210.108 1.2592
27 Fe18 220.108 1.25379
27 Fe18 230.109 1.24887
27 Fe18 240.109 1.24364
27 Fe18 250.109 1.23837
27 Fe18 260.11 1.23292
27 Fe18 270.11 1.22782
27 Fe18 280.111 1.22374
27 Fe18 290.111 1.21944
27 Fe18 300.111 1.21453
27 Fe18 310.112 1.21067
27 Fe18 320.112 1.20378
27 Fe18 330.113 1.20289
27 Fe18 340.113 1.19754
27 Fe18 350.113 1.19402
27 Fe18 360.114 1.19014
27 Fe18 370.114 1.18735
27 Fe18 380.114 1.18223
27 Fe18 390.115 1.18107
27 Fe18 400.115 1.17677
27 Fe18 410.116 1.17363
27 Fe18 420.116 1.17024
27 Fe18 430.116 1.1656
27 Fe18 440.117 1.16459
27 Fe18 450.117 1.16135
27 Fe18 460.117 1.15867
27 Fe18 470.118 1.15532
27 Fe18 480.118 1.15386
27 Fe18 490.119 1.15223
T= 490.119 Sum_i(J(m_i, T))
   
28 Fe19 0.100004 0.399731
28 Fe19 10.1004 0.397641
28 Fe19 20.1008 0.396022
28 Fe19 30.1011 0.394843
28 Fe19 40.1015 0.395635
28 Fe19 50.1019 0.397152
28 Fe19 60.1023 0.399428
28 Fe19 70.1027 0.403199
28 Fe19 80.103 0.407587
28 Fe19 90.1034 0.41039
28 Fe19 100.104 0.414812
28 Fe19 110.104 0.419253
28 Fe19 120.105 0.425185
28 Fe19 130.105 0.427978
28 Fe19 140.105 0.432205
28 Fe19 150.106 0.436702
28 Fe19 160.106 0.441316
28 Fe19 170.106 0.445568
28 Fe19 180.107 0.449972
28 Fe19 190.107 0.453625
28 Fe19 200.108 0.45861
28 Fe19 210.108 0.460874
28 Fe19 220.108 0.466083
28 Fe19 230.109 0.470214
28 Fe19 240.109 0.473796
28 Fe19 250.109 0.476245
28 Fe19 260.11 0.480222
28 Fe19 270.11 0.485443
28 Fe19 280.111 0.488245
28 Fe19 290.111 0.491388
28 Fe19 300.111 0.494502
28 Fe19 310.112 0.498013
28 Fe19 320.112 0.502282
28 Fe19 330.113 0.504949
28 Fe19 340.113 0.508398
28 Fe19 350.113 0.510364
28 Fe19 360.114 0.513417
28 Fe19 370.114 0.517319
28 Fe19 380.114 0.519558
28 Fe19 390.115 0.523515
28 Fe19 400.115 0.526358
28 Fe19 410.116 0.529413
28 Fe19 420.116 0.532591
28 Fe19 430.116 0.535699
28 Fe19 440.117 0.536542
28 Fe19 450.117 0.54068
28 Fe19 460.117 0.543058
28 Fe19 470.118 0.54529
28 Fe19 480.118 0.548421
28 Fe19 490.119 0.551081
T= 490.119 Sum_i(J(m_i, T))
   
29 Fe20 0.100004 1.05936
29 Fe20 10.1004 1.05242
29 Fe20 20.1008 1.04511
29 Fe20 30.1011 1.03786
29 Fe20 40.1015 1.03001
29 Fe20 50.1019 1.02216
29 Fe20 60.1023 1.0137
29 Fe20 70.1027 1.00495
29 Fe20 80.103 0.996718
29 Fe20 90.1034 0.988667
29 Fe20 100.104 0.978934
29 Fe20 110.104 0.972018
29 Fe20 120.105 0.964376
29 Fe20 130.105 0.957062
29 Fe20 140.105 0.951843
29 Fe20 150.106 0.945411
29 Fe20 160.106 0.939886
29 Fe20 170.106 0.933764
29 Fe20 180.107 0.929125
29 Fe20 190.107 0.925675
29 Fe20 200.108 0.919715
29 Fe20 210.108 0.916556
29 Fe20 220.108 0.913597
29 Fe20 230.109 0.909662
29 Fe20 240.109 0.908039
29 Fe20 250.109 0.906097
29 Fe20 260.11 0.904291
29 Fe20 270.11 0.901578
29 Fe20 280.111 0.89826
29 Fe20 290.111 0.896847
29 Fe20 300.111 0.895005
29 Fe20 310.112 0.892322
29 Fe20 320.112 0.892623
29 Fe20 330.113 0.890045
29 Fe20 340.113 0.890355
29 Fe20 350.113 0.889397
29 Fe20 360.114 0.888424
29 Fe20 370.114 0.887213
29 Fe20 380.114 0.886671
29 Fe20 390.115 0.886866
29 Fe20 400.115 0.883858
29 Fe20 410.116 0.883377
29 Fe20 420.116 0.884675
29 Fe20 430.116 0.884517
29 Fe20 440.117 0.885498
29 Fe20 450.117 0.884321
29 Fe20 460.117 0.886107
29 Fe20 470.118 0.885097
29 Fe20 480.118 0.885649
29 Fe20 490.119 0.884694
T= 490.119 Sum_i(J(m_i, T))
   
30 Fe21 0.100004 1.16505
30 Fe21 10.1004 1.15913
30 Fe21 20.1008 1.15281
30 Fe21 30.1011 1.14626
30 Fe21 40.1015 1.13968
30 Fe21 50.1019 1.1327
30 Fe21 60.1023 1.12553
30 Fe21 70.1027 1.11797
30 Fe21 80.103 1.11061
30 Fe21 90.1034 1.1023
30 Fe21 100.104 1.0951
30 Fe21 110.104 1.08767
30 Fe21 120.105 1.07943
30 Fe21 130.105 1.07334
30 Fe21 140.105 1.06622
30 Fe21 150.106 1.06013
30 Fe21 160.106 1.05314
30 Fe21 170.106 1.04698
30 Fe21 180.107 1.0406
30 Fe21 190.107 1.03571
30 Fe21 200.108 1.03106
30 Fe21 210.108 1.02566
30 Fe21 220.108 1.02163
30 Fe21 230.109 1.01765
30 Fe21 240.109 1.01436
30 Fe21 250.109 1.00845
30 Fe21 260.11 1.00693
30 Fe21 270.11 1.00186
30 Fe21 280.111 0.998962
30 Fe21 290.111 0.994262
30 Fe21 300.111 0.993563
30 Fe21 310.112 0.989807
30 Fe21 320.112 0.986148
30 Fe21 330.113 0.985927
30 Fe21 340.113 0.982866
30 Fe21 350.113 0.979859
30 Fe21 360.114 0.980604
30 Fe21 370.114 0.977212
30 Fe21 380.114 0.975037
30 Fe21 390.115 0.974398
30 Fe21 400.115 0.972495
30 Fe21 410.116 0.970956
30 Fe21 420.116 0.970459
30 Fe21 430.116 0.971143
30 Fe21 440.117 0.968004
30 Fe21 450.117 0.967298
30 Fe21 460.117 0.964871
30 Fe21 470.118 0.965789
30 Fe21 480.118 0.963664
30 Fe21 490.119 0.963432
T= 490.119 Sum_i(J(m_i, T))
   
31 Fe22 0.100004 0.647778
31 Fe22 10.1004 0.642247
31 Fe22 20.1008 0.637042
31 Fe22 30.1011 0.631374
31 Fe22 40.1015 0.625959
31 Fe22 50.1019 0.621588
31 Fe22 60.1023 0.617488
31 Fe22 70.1027 0.615576
31 Fe22 80.103 0.611235
31 Fe22 90.1034 0.610031
31 Fe22 100.104 0.608056
31 Fe22 110.104 0.60691
31 Fe22 120.105 0.606654
31 Fe22 130.105 0.607222
31 Fe22 140.105 0.607051
31 Fe22 150.106 0.606409
31 Fe22 160.106 0.607888
31 Fe22 170.106 0.609691
31 Fe22 180.107 0.610232
31 Fe22 190.107 0.611565
31 Fe22 200.108 0.611761
31 Fe22 210.108 0.61296
31 Fe22 220.108 0.614555
31 Fe22 230.109 0.616186
31 Fe22 240.109 0.617015
31 Fe22 250.109 0.617484
31 Fe22 260.11 0.6205
31 Fe22 270.11 0.621793
31 Fe22 280.111 0.624936
31 Fe22 290.111 0.625701
31 Fe22 300.111 0.626503
31 Fe22 310.112 0.629787
31 Fe22 320.112 0.63137
31 Fe22 330.113 0.633495
31 Fe22 340.113 0.634323
31 Fe22 350.113 0.637063
31 Fe22 360.114 0.638404
31 Fe22 370.114 0.639082
31 Fe22 380.114 0.642095
31 Fe22 390.115 0.644822
31 Fe22 400.115 0.646699
31 Fe22 410.116 0.64886
31 Fe22 420.116 0.651342
31 Fe22 430.116 0.651398
31 Fe22 440.117 0.652555
31 Fe22 450.117 0.654587
31 Fe22 460.117 0.655267
31 Fe22 470.118 0.660777
31 Fe22 480.118 0.659417
31 Fe22 490.119 0.662642
T= 490.119 Sum_i(J(m_i, T))
   
32 Fe23 0.100004 0.798504
32 Fe23 10.1004 0.71249
32 Fe23 20.1008 0.660664
32 Fe23 30.1011 0.637835
32 Fe23 40.1015 0.627933
32 Fe23 50.1019 0.625382
32 Fe23 60.1023 0.62533
32 Fe23 70.1027 0.627441
32 Fe23 80.103 0.627161
32 Fe23 90.1034 0.631053
32 Fe23 100.104 0.635761
32 Fe23 110.104 0.637527
32 Fe23 120.105 0.641181
32 Fe23 130.105 0.644053
32 Fe23 140.105 0.648935
32 Fe23 150.106 0.652881
32 Fe23 160.106 0.657078
32 Fe23 170.106 0.659543
32 Fe23 180.107 0.661892
32 Fe23 190.107 0.665683
32 Fe23 200.108 0.669435
32 Fe23 210.108 0.673007
32 Fe23 220.108 0.676703
32 Fe23 230.109 0.681999
32 Fe23 240.109 0.683572
32 Fe23 250.109 0.68692
32 Fe23 260.11 0.69045
32 Fe23 270.11 0.690648
32 Fe23 280.111 0.695186
32 Fe23 290.111 0.696887
32 Fe23 300.111 0.701907
32 Fe23 310.112 0.703703
32 Fe23 320.112 0.704737
32 Fe23 330.113 0.710072
32 Fe23 340.113 0.709678
32 Fe23 350.113 0.713314
32 Fe23 360.114 0.717278
32 Fe23 370.114 0.720157
32 Fe23 380.114 0.721708
32 Fe23 390.115 0.723072
32 Fe23 400.115 0.725993
32 Fe23 410.116 0.730094
32 Fe23 420.116 0.733279
32 Fe23 430.116 0.733173
32 Fe23 440.117 0.735225
32 Fe23 450.117 0.73803
32 Fe23 460.117 0.741122
32 Fe23 470.118 0.742067
32 Fe23 480.118 0.744669
32 Fe23 490.119 0.746795
T= 490.119 Sum_i(J(m_i, T))
   
33 Fe24 0.100004 0.42011
33 Fe24 10.1004 0.419058
33 Fe24 20.1008 0.417664
33 Fe24 30.1011 0.416495
33 Fe24 40.1015 0.416788
33 Fe24 50.1019 0.417029
33 Fe24 60.1023 0.418913
33 Fe24 70.1027 0.42072
33 Fe24 80.103 0.422207
33 Fe24 90.1034 0.425314
33 Fe24 100.104 0.428155
33 Fe24 110.104 0.432279
33 Fe24 120.105 0.436164
33 Fe24 130.105 0.439322
33 Fe24 140.105 0.443094
33 Fe24 150.106 0.446323
33 Fe24 160.106 0.449325
33 Fe24 170.106 0.453198
33 Fe24 180.107 0.457389
33 Fe24 190.107 0.461022
33 Fe24 200.108 0.46404
33 Fe24 210.108 0.468391
33 Fe24 220.108 0.471942
33 Fe24 230.109 0.474356
33 Fe24 240.109 0.478081
33 Fe24 250.109 0.481673
33 Fe24 260.11 0.485535
33 Fe24 270.11 0.487735
33 Fe24 280.111 0.490393
33 Fe24 290.111 0.493875
33 Fe24 300.111 0.497892
33 Fe24 310.112 0.500879
33 Fe24 320.112 0.503687
33 Fe24 330.113 0.508741
33 Fe24 340.113 0.509831
33 Fe24 350.113 0.513657
33 Fe24 360.114 0.515817
33 Fe24 370.114 0.518748
33 Fe24 380.114 0.522308
33 Fe24 390.115 0.524106
33 Fe24 400.115 0.527248
33 Fe24 410.116 0.532788
33 Fe24 420.116 0.533655
33 Fe24 430.116 0.534823
33 Fe24 440.117 0.538931
33 Fe24 450.117 0.539992
33 Fe24 460.117 0.542949
33 Fe24 470.118 0.545717
33 Fe24 480.118 0.547677
33 Fe24 490.119 0.550722
T= 490.119 Sum_i(J(m_i, T))
   
34 Fe25 0.100004 6.436
34 Fe25 10.1004 6.436
34 Fe25 20.1008 6.436
34 Fe25 30.1011 6.436
34 Fe25 40.1015 6.436
34 Fe25 50.1019 6.436
34 Fe25 60.1023 6.436
34 Fe25 70.1027 6.436
34 Fe25 80.103 6.436
34 Fe25 90.1034 6.436
34 Fe25 100.104 6.436
34 Fe25 110.104 6.436
34 Fe25 120.105 6.436
34 Fe25 130.105 6.436
34 Fe25 140.105 6.436
34 Fe25 150.106 6.436
34 Fe25 160.106 6.436
34 Fe25 170.106 6.436
34 Fe25 180.107 6.436
34 Fe25 190.107 6.436
34 Fe25 200.108 6.436
34 Fe25 210.108 6.436
34 Fe25 220.108 6.436
34 Fe25 230.109 6.436
34 Fe25 240.109 6.436
34 Fe25 250.109 6.436
34 Fe25 260.11 6.436
34 Fe25 270.11 6.436
34 Fe25 280.111 6.436
34 Fe25 290.111 6.436
34 Fe25 300.111 6.436
34 Fe25 310.112 6.436
34 Fe25 320.112 6.436
34 Fe25 330.113 6.436
34 Fe25 340.113 6.436
34 Fe25 350.113 6.436
34 Fe25 360.114 6.436
34 Fe25 370.114 6.436
34 Fe25 380.114 6.436
34 Fe25 390.115 6.436
34 Fe25 400.115 6.436
34 Fe25 410.116 6.436
34 Fe25 420.116 6.436
34 Fe25 430.116 6.436
34 Fe25 440.117 6.436
34 Fe25 450.117 6.436
34 Fe25 460.117 6.436
34 Fe25 470.118 6.436
34 Fe25 480.118 6.436
34 Fe25 490.119 6.436
T= 490.119 Sum_i(J(m_i, T))
   
35 Fe26 0.100004 0.837758
35 Fe26 10.1004 0.830742
35 Fe26 20.1008 0.824015
35 Fe26 30.1011 0.817335
35 Fe26 40.1015 0.811135
35 Fe26 50.1019 0.806234
35 Fe26 60.1023 0.800568
35 Fe26 70.1027 0.795389
35 Fe26 80.103 0.789443
35 Fe26 90.1034 0.784742
35 Fe26 100.104 0.782667
35 Fe26 110.104 0.77843
35 Fe26 120.105 0.774796
35 Fe26 130.105 0.771738
35 Fe26 140.105 0.769596
35 Fe26 150.106 0.768433
35 Fe26 160.106 0.766379
35 Fe26 170.106 0.763044
35 Fe26 180.107 0.763392
35 Fe26 190.107 0.762933
35 Fe26 200.108 0.759762
35 Fe26 210.108 0.7607
35 Fe26 220.108 0.760866
35 Fe26 230.109 0.760721
35 Fe26 240.109 0.759654
35 Fe26 250.109 0.7606
35 Fe26 260.11 0.758988
35 Fe26 270.11 0.760112
35 Fe26 280.111 0.760135
35 Fe26 290.111 0.761695
35 Fe26 300.111 0.760036
35 Fe26 310.112 0.760846
35 Fe26 320.112 0.760144
35 Fe26 330.113 0.763331
35 Fe26 340.113 0.763063
35 Fe26 350.113 0.762017
35 Fe26 360.114 0.764282
35 Fe26 370.114 0.765863
35 Fe26 380.114 0.765448
35 Fe26 390.115 0.767062
35 Fe26 400.115 0.766741
35 Fe26 410.116 0.767999
35 Fe26 420.116 0.770494
35 Fe26 430.116 0.769193
35 Fe26 440.117 0.771234
35 Fe26 450.117 0.771518
35 Fe26 460.117 0.77211
35 Fe26 470.118 0.77494
35 Fe26 480.118 0.773696
35 Fe26 490.119 0.776518
T= 490.119 Sum_i(J(m_i, T))
   
36 Fe27 0.100004 0.8912
36 Fe27 10.1004 0.876725
36 Fe27 20.1008 0.862121
36 Fe27 30.1011 0.84829
36 Fe27 40.1015 0.835914
36 Fe27 50.1019 0.82343
36 Fe27 60.1023 0.812346
36 Fe27 70.1027 0.804917
36 Fe27 80.103 0.798011
36 Fe27 90.1034 0.790213
36 Fe27 100.104 0.784263
36 Fe27 110.104 0.780043
36 Fe27 120.105 0.777585
36 Fe27 130.105 0.773655
36 Fe27 140.105 0.772775
36 Fe27 150.106 0.769189
36 Fe27 160.106 0.769539
36 Fe27 170.106 0.766577
36 Fe27 180.107 0.767032
36 Fe27 190.107 0.764695
36 Fe27 200.108 0.765633
36 Fe27 210.108 0.76686
36 Fe27 220.108 0.765395
36 Fe27 230.109 0.765601
36 Fe27 240.109 0.765882
36 Fe27 250.109 0.76555
36 Fe27 260.11 0.767102
36 Fe27 270.11 0.767997
36 Fe27 280.111 0.769897
36 Fe27 290.111 0.769628
36 Fe27 300.111 0.770673
36 Fe27 310.112 0.772157
36 Fe27 320.112 0.774372
36 Fe27 330.113 0.774441
36 Fe27 340.113 0.774997
36 Fe27 350.113 0.776647
36 Fe27 360.114 0.777926
36 Fe27 370.114 0.781454
36 Fe27 380.114 0.779971
36 Fe27 390.115 0.781888
36 Fe27 400.115 0.782662
36 Fe27 410.116 0.784553
36 Fe27 420.116 0.784174
36 Fe27 430.116 0.785096
36 Fe27 440.117 0.785713
36 Fe27 450.117 0.788056
36 Fe27 460.117 0.789021
36 Fe27 470.118 0.791436
36 Fe27 480.118 0.793699
36 Fe27 490.119 0.792307
T= 490.119 Sum_i(J(m_i, T))
   
37 Fe28 0.100004 0.790952
37 Fe28 10.1004 0.785847
37 Fe28 20.1008 0.780373
37 Fe28 30.1011 0.774621
37 Fe28 40.1015 0.770619
37 Fe28 50.1019 0.765627
37 Fe28 60.1023 0.760572
37 Fe28 70.1027 0.755122
37 Fe28 80.103 0.752202
37 Fe28 90.1034 0.747049
37 Fe28 100.104 0.74393
37 Fe28 110.104 0.741078
37 Fe28 120.105 0.739001
37 Fe28 130.105 0.736756
37 Fe28 140.105 0.734413
37 Fe28 150.106 0.73216
37 Fe28 160.106 0.729729
37 Fe28 170.106 0.728272
37 Fe28 180.107 0.728102
37 Fe28 190.107 0.725956
37 Fe28 200.108 0.726615
37 Fe28 210.108 0.725851
37 Fe28 220.108 0.725644
37 Fe28 230.109 0.726271
37 Fe28 240.109 0.723466
37 Fe28 250.109 0.724953
37 Fe28 260.11 0.724787
37 Fe28 270.11 0.725497
37 Fe28 280.111 0.725393
37 Fe28 290.111 0.725256
37 Fe28 300.111 0.725988
37 Fe28 310.112 0.726308
37 Fe28 320.112 0.727149
37 Fe28 330.113 0.727961
37 Fe28 340.113 0.729322
37 Fe28 350.113 0.729561
37 Fe28 360.114 0.729035
37 Fe28 370.114 0.729611
37 Fe28 380.114 0.729824
37 Fe28 390.115 0.732301
37 Fe28 400.115 0.732442
37 Fe28 410.116 0.734658
37 Fe28 420.116 0.736417
37 Fe28 430.116 0.736805
37 Fe28 440.117 0.737167
37 Fe28 450.117 0.736602
37 Fe28 460.117 0.737118
37 Fe28 470.118 0.737846
37 Fe28 480.118 0.740918
37 Fe28 490.119 0.743139
T= 490.119 Sum_i(J(m_i, T))
   
38 Fe29 0.100004 0.957863
38 Fe29 10.1004 0.949788
38 Fe29 20.1008 0.941543
38 Fe29 30.1011 0.933731
38 Fe29 40.1015 0.9249
38 Fe29 50.1019 0.91729
38 Fe29 60.1023 0.90842
38 Fe29 70.1027 0.8999
38 Fe29 80.103 0.892819
38 Fe29 90.1034 0.885201
38 Fe29 100.104 0.87942
38 Fe29 110.104 0.872843
38 Fe29 120.105 0.867611
38 Fe29 130.105 0.862102
38 Fe29 140.105 0.857537
38 Fe29 150.106 0.853213
38 Fe29 160.106 0.849497
38 Fe29 170.106 0.84575
38 Fe29 180.107 0.842731
38 Fe29 190.107 0.840559
38 Fe29 200.108 0.836885
38 Fe29 210.108 0.836469
38 Fe29 220.108 0.835224
38 Fe29 230.109 0.831966
38 Fe29 240.109 0.831192
38 Fe29 250.109 0.829976
38 Fe29 260.11 0.829766
38 Fe29 270.11 0.827865
38 Fe29 280.111 0.825888
38 Fe29 290.111 0.824799
38 Fe29 300.111 0.823743
38 Fe29 310.112 0.825471
38 Fe29 320.112 0.823037
38 Fe29 330.113 0.824274
38 Fe29 340.113 0.822217
38 Fe29 350.113 0.821988
38 Fe29 360.114 0.823511
38 Fe29 370.114 0.821656
38 Fe29 380.114 0.822619
38 Fe29 390.115 0.822254
38 Fe29 400.115 0.823419
38 Fe29 410.116 0.82479
38 Fe29 420.116 0.824677
38 Fe29 430.116 0.824609
38 Fe29 440.117 0.824852
38 Fe29 450.117 0.826527
38 Fe29 460.117 0.825135
38 Fe29 470.118 0.826532
38 Fe29 480.118 0.825941
38 Fe29 490.119 0.82759
T= 490.119 Sum_i(J(m_i, T))
   
39 Fe30 0.100004 0.162477
39 Fe30 10.1004 0.170128
39 Fe30 20.1008 0.186913
39 Fe30 30.1011 0.203235
39 Fe30 40.1015 0.218987
39 Fe30 50.1019 0.232956
39 Fe30 60.1023 0.245805
39 Fe30 70.1027 0.257839
39 Fe30 80.103 0.268789
39 Fe30 90.1034 0.279227
39 Fe30 100.104 0.28906
39 Fe30 110.104 0.298989
39 Fe30 120.105 0.30785
39 Fe30 130.105 0.316568
39 Fe30 140.105 0.324638
39 Fe30 150.106 0.332588
39 Fe30 160.106 0.339395
39 Fe30 170.106 0.347237
39 Fe30 180.107 0.353668
39 Fe30 190.107 0.359853
39 Fe30 200.108 0.367999
39 Fe30 210.108 0.373231
39 Fe30 220.108 0.379355
39 Fe30 230.109 0.384627
39 Fe30 240.109 0.390188
39 Fe30 250.109 0.396016
39 Fe30 260.11 0.401867
39 Fe30 270.11 0.407678
39 Fe30 280.111 0.412389
39 Fe30 290.111 0.416282
39 Fe30 300.111 0.422648
39 Fe30 310.112 0.426987
39 Fe30 320.112 0.430176
39 Fe30 330.113 0.435484
39 Fe30 340.113 0.440759
39 Fe30 350.113 0.443534
39 Fe30 360.114 0.448589
39 Fe30 370.114 0.453372
39 Fe30 380.114 0.456853
39 Fe30 390.115 0.461713
39 Fe30 400.115 0.465522
39 Fe30 410.116 0.467514
39 Fe30 420.116 0.473311
39 Fe30 430.116 0.475757
39 Fe30 440.117 0.480399
39 Fe30 450.117 0.48328
39 Fe30 460.117 0.486186
39 Fe30 470.118 0.490868
39 Fe30 480.118 0.494542
39 Fe30 490.119 0.497863
T= 490.119 Sum_i(J(m_i, T))
   
40 Fe31 0.100004 1.03078
40 Fe31 10.1004 1.02728
40 Fe31 20.1008 1.02323
40 Fe31 30.1011 1.01952
40 Fe31 40.1015 1.01531
40 Fe31 50.1019 1.01175
40 Fe31 60.1023 1.00778
40 Fe31 70.1027 1.00354
40 Fe31 80.103 0.999342
40 Fe31 90.1034 0.995548
40 Fe31 100.104 0.99244
40 Fe31 110.104 0.988
40 Fe31 120.105 0.983888
40 Fe31 130.105 0.980676
40 Fe31 140.105 0.976848
40 Fe31 150.106 0.973671
40 Fe31 160.106 0.970155
40 Fe31 170.106 0.965803
40 Fe31 180.107 0.962331
40 Fe31 190.107 0.957836
40 Fe31 200.108 0.955155
40 Fe31 210.108 0.953007
40 Fe31 220.108 0.950078
40 Fe31 230.109 0.94837
40 Fe31 240.109 0.944621
40 Fe31 250.109 0.943658
40 Fe31 260.11 0.938868
40 Fe31 270.11 0.937088
40 Fe31 280.111 0.934856
40 Fe31 290.111 0.933868
40 Fe31 300.111 0.929893
40 Fe31 310.112 0.928943
40 Fe31 320.112 0.927687
40 Fe31 330.113 0.926036
40 Fe31 340.113 0.924268
40 Fe31 350.113 0.922985
40 Fe31 360.114 0.921605
40 Fe31 370.114 0.919715
40 Fe31 380.114 0.917542
40 Fe31 390.115 0.917075
40 Fe31 400.115 0.916915
40 Fe31 410.116 0.915692
40 Fe31 420.116 0.914797
40 Fe31 430.116 0.913056
40 Fe31 440.117 0.911071
40 Fe31 450.117 0.91077
40 Fe31 460.117 0.912933
40 Fe31 470.118 0.909235
40 Fe31 480.118 0.910384
40 Fe31 490.119 0.910377
T= 490.119 Sum_i(J(m_i, T))
   
41 Fe32 0.100004 1.49926
41 Fe32 10.1004 1.49697
41 Fe32 20.1008 1.49432
41 Fe32 30.1011 1.49225
41 Fe32 40.1015 1.48981
41 Fe32 50.1019 1.48714
41 Fe32 60.1023 1.48449
41 Fe32 70.1027 1.48207
41 Fe32 80.103 1.47907
41 Fe32 90.1034 1.47678
41 Fe32 100.104 1.47418
41 Fe32 110.104 1.47104
41 Fe32 120.105 1.46864
41 Fe32 130.105 1.46572
41 Fe32 140.105 1.46242
41 Fe32 150.106 1.45978
41 Fe32 160.106 1.457
41 Fe32 170.106 1.45363
41 Fe32 180.107 1.45091
41 Fe32 190.107 1.44645
41 Fe32 200.108 1.44432
41 Fe32 210.108 1.44068
41 Fe32 220.108 1.4372
41 Fe32 230.109 1.43451
41 Fe32 240.109 1.42982
41 Fe32 250.109 1.42635
41 Fe32 260.11 1.42291
41 Fe32 270.11 1.41962
41 Fe32 280.111 1.41605
41 Fe32 290.111 1.41252
41 Fe32 300.111 1.40834
41 Fe32 310.112 1.40455
41 Fe32 320.112 1.40082
41 Fe32 330.113 1.39821
41 Fe32 340.113 1.39457
41 Fe32 350.113 1.38996
41 Fe32 360.114 1.38739
41 Fe32 370.114 1.38439
41 Fe32 380.114 1.37919
41 Fe32 390.115 1.37668
41 Fe32 400.115 1.37423
41 Fe32 410.116 1.36995
41 Fe32 420.116 1.36711
41 Fe32 430.116 1.36259
41 Fe32 440.117 1.36038
41 Fe32 450.117 1.357
41 Fe32 460.117 1.35366
41 Fe32 470.118 1.34922
41 Fe32 480.118 1.34597
41 Fe32 490.119 1.34399
T= 490.119 Sum_i(J(m_i, T))
   
42 Fe33 0.100004 0.615721
42 Fe33 10.1004 0.610468
42 Fe33 20.1008 0.60561
42 Fe33 30.1011 0.599677
42 Fe33 40.1015 0.596
42 Fe33 50.1019 0.593243
42 Fe33 60.1023 0.589562
42 Fe33 70.1027 0.586295
42 Fe33 80.103 0.585076
42 Fe33 90.1034 0.583311
42 Fe33 100.104 0.582196
42 Fe33 110.104 0.583182
42 Fe33 120.105 0.583121
42 Fe33 130.105 0.582515
42 Fe33 140.105 0.585427
42 Fe33 150.106 0.585872
42 Fe33 160.106 0.586177
42 Fe33 170.106 0.589028
42 Fe33 180.107 0.588367
42 Fe33 190.107 0.591125
42 Fe33 200.108 0.592744
42 Fe33 210.108 0.594672
42 Fe33 220.108 0.596709
42 Fe33 230.109 0.598355
42 Fe33 240.109 0.600777
42 Fe33 250.109 0.602478
42 Fe33 260.11 0.60396
42 Fe33 270.11 0.607397
42 Fe33 280.111 0.607324
42 Fe33 290.111 0.610241
42 Fe33 300.111 0.611577
42 Fe33 310.112 0.614319
42 Fe33 320.112 0.616254
42 Fe33 330.113 0.617939
42 Fe33 340.113 0.620767
42 Fe33 350.113 0.621797
42 Fe33 360.114 0.62332
42 Fe33 370.114 0.623826
42 Fe33 380.114 0.628717
42 Fe33 390.115 0.629751
42 Fe33 400.115 0.631712
42 Fe33 410.116 0.634166
42 Fe33 420.116 0.636023
42 Fe33 430.116 0.63829
42 Fe33 440.117 0.640084
42 Fe33 450.117 0.642891
42 Fe33 460.117 0.64347
42 Fe33 470.118 0.645913
42 Fe33 480.118 0.647315
42 Fe33 490.119 0.649943
T= 490.119 Sum_i(J(m_i, T))
   
43 Fe34 0.100004 0.993537
43 Fe34 10.1004 0.988566
43 Fe34 20.1008 0.983516
43 Fe34 30.1011 0.978662
43 Fe34 40.1015 0.973037
43 Fe34 50.1019 0.967988
43 Fe34 60.1023 0.962612
43 Fe34 70.1027 0.957804
43 Fe34 80.103 0.952653
43 Fe34 90.1034 0.946854
43 Fe34 100.104 0.942716
43 Fe34 110.104 0.937607
43 Fe34 120.105 0.932747
43 Fe34 130.105 0.928021
43 Fe34 140.105 0.923605
43 Fe34 150.106 0.917932
43 Fe34 160.106 0.914717
43 Fe34 170.106 0.911003
43 Fe34 180.107 0.908092
43 Fe34 190.107 0.904996
43 Fe34 200.108 0.901626
43 Fe34 210.108 0.897797
43 Fe34 220.108 0.89495
43 Fe34 230.109 0.89297
43 Fe34 240.109 0.889985
43 Fe34 250.109 0.88913
43 Fe34 260.11 0.88605
43 Fe34 270.11 0.883379
43 Fe34 280.111 0.882379
43 Fe34 290.111 0.880945
43 Fe34 300.111 0.880252
43 Fe34 310.112 0.877642
43 Fe34 320.112 0.878868
43 Fe34 330.113 0.876028
43 Fe34 340.113 0.874194
43 Fe34 350.113 0.87373
43 Fe34 360.114 0.87399
43 Fe34 370.114 0.872021
43 Fe34 380.114 0.870322
43 Fe34 390.115 0.870244
43 Fe34 400.115 0.871911
43 Fe34 410.116 0.871302
43 Fe34 420.116 0.870217
43 Fe34 430.116 0.867894
43 Fe34 440.117 0.869094
43 Fe34 450.117 0.869539
43 Fe34 460.117 0.869868
43 Fe34 470.118 0.869772
43 Fe34 480.118 0.868702
43 Fe34 490.119 0.86895
T= 490.119 Sum_i(J(m_i, T))
   
44 Fe35 0.100004 0.351286
44 Fe35 10.1004 0.353027
44 Fe35 20.1008 0.354657
44 Fe35 30.1011 0.356206
44 Fe35 40.1015 0.357952
44 Fe35 50.1019 0.360072
44 Fe35 60.1023 0.361653
44 Fe35 70.1027 0.364217
44 Fe35 80.103 0.366584
44 Fe35 90.1034 0.369284
44 Fe35 100.104 0.3716
44 Fe35 110.104 0.374742
44 Fe35 120.105 0.377287
44 Fe35 130.105 0.38042
44 Fe35 140.105 0.383466
44 Fe35 150.106 0.387626
44 Fe35 160.106 0.390395
44 Fe35 170.106 0.393018
44 Fe35 180.107 0.397347
44 Fe35 190.107 0.399862
44 Fe35 200.108 0.403213
44 Fe35 210.108 0.407466
44 Fe35 220.108 0.409753
44 Fe35 230.109 0.413502
44 Fe35 240.109 0.416766
44 Fe35 250.109 0.420411
44 Fe35 260.11 0.422544
44 Fe35 270.11 0.425969
44 Fe35 280.111 0.430362
44 Fe35 290.111 0.434014
44 Fe35 300.111 0.435965
44 Fe35 310.112 0.43971
44 Fe35 320.112 0.443792
44 Fe35 330.113 0.445102
44 Fe35 340.113 0.447644
44 Fe35 350.113 0.452114
44 Fe35 360.114 0.454565
44 Fe35 370.114 0.456896
44 Fe35 380.114 0.45921
44 Fe35 390.115 0.462494
44 Fe35 400.115 0.466281
44 Fe35 410.116 0.46936
44 Fe35 420.116 0.47131
44 Fe35 430.116 0.474214
44 Fe35 440.117 0.477583
44 Fe35 450.117 0.479282
44 Fe35 460.117 0.48342
44 Fe35 470.118 0.485076
44 Fe35 480.118 0.487375
44 Fe35 490.119 0.490973
T= 490.119 Sum_i(J(m_i, T))
   
45 Fe36 0.100004 1.19375
45 Fe36 10.1004 1.19062
45 Fe36 20.1008 1.18747
45 Fe36 30.1011 1.1839
45 Fe36 40.1015 1.18127
45 Fe36 50.1019 1.17728
45 Fe36 60.1023 1.17335
45 Fe36 70.1027 1.17013
45 Fe36 80.103 1.16622
45 Fe36 90.1034 1.16271
45 Fe36 100.104 1.15911
45 Fe36 110.104 1.15498
45 Fe36 120.105 1.15135
45 Fe36 130.105 1.14779
45 Fe36 140.105 1.1442
45 Fe36 150.106 1.14016
45 Fe36 160.106 1.13617
45 Fe36 170.106 1.13207
45 Fe36 180.107 1.12665
45 Fe36 190.107 1.12351
45 Fe36 200.108 1.12089
45 Fe36 210.108 1.1169
45 Fe36 220.108 1.11244
45 Fe36 230.109 1.10888
45 Fe36 240.109 1.10397
45 Fe36 250.109 1.10221
45 Fe36 260.11 1.09843
45 Fe36 270.11 1.09379
45 Fe36 280.111 1.09126
45 Fe36 290.111 1.08778
45 Fe36 300.111 1.08464
45 Fe36 310.112 1.08169
45 Fe36 320.112 1.08015
45 Fe36 330.113 1.07719
45 Fe36 340.113 1.0739
45 Fe36 350.113 1.07218
45 Fe36 360.114 1.06917
45 Fe36 370.114 1.06721
45 Fe36 380.114 1.06395
45 Fe36 390.115 1.06146
45 Fe36 400.115 1.06147
45 Fe36 410.116 1.05722
45 Fe36 420.116 1.05493
45 Fe36 430.116 1.05313
45 Fe36 440.117 1.0516
45 Fe36 450.117 1.04954
45 Fe36 460.117 1.04738
45 Fe36 470.118 1.04661
45 Fe36 480.118 1.04507
45 Fe36 490.119 1.04574
T= 490.119 Sum_i(J(m_i, T))
   
46 Fe37 0.100004 0.571535
46 Fe37 10.1004 0.568105
46 Fe37 20.1008 0.563592
46 Fe37 30.1011 0.560352
46 Fe37 40.1015 0.557118
46 Fe37 50.1019 0.554312
46 Fe37 60.1023 0.553876
46 Fe37 70.1027 0.55241
46 Fe37 80.103 0.552196
46 Fe37 90.1034 0.552616
46 Fe37 100.104 0.553823
46 Fe37 110.104 0.554996
46 Fe37 120.105 0.55417
46 Fe37 130.105 0.557637
46 Fe37 140.105 0.558953
46 Fe37 150.106 0.562523
46 Fe37 160.106 0.563325
46 Fe37 170.106 0.564239
46 Fe37 180.107 0.568359
46 Fe37 190.107 0.570276
46 Fe37 200.108 0.570854
46 Fe37 210.108 0.574671
46 Fe37 220.108 0.577407
46 Fe37 230.109 0.579355
46 Fe37 240.109 0.58303
46 Fe37 250.109 0.584896
46 Fe37 260.11 0.587311
46 Fe37 270.11 0.589006
46 Fe37 280.111 0.590323
46 Fe37 290.111 0.594051
46 Fe37 300.111 0.598117
46 Fe37 310.112 0.598562
46 Fe37 320.112 0.603538
46 Fe37 330.113 0.603991
46 Fe37 340.113 0.607494
46 Fe37 350.113 0.60973
46 Fe37 360.114 0.611455
46 Fe37 370.114 0.612626
46 Fe37 380.114 0.617656
46 Fe37 390.115 0.617052
46 Fe37 400.115 0.62051
46 Fe37 410.116 0.622809
46 Fe37 420.116 0.627883
46 Fe37 430.116 0.627245
46 Fe37 440.117 0.628698
46 Fe37 450.117 0.632668
46 Fe37 460.117 0.633795
46 Fe37 470.118 0.636679
46 Fe37 480.118 0.638271
46 Fe37 490.119 0.641288
T= 490.119 Sum_i(J(m_i, T))
   
47 Fe38 0.100004 0.21868
47 Fe38 10.1004 0.220263
47 Fe38 20.1008 0.222808
47 Fe38 30.1011 0.228021
47 Fe38 40.1015 0.234023
47 Fe38 50.1019 0.240878
47 Fe38 60.1023 0.248355
47 Fe38 70.1027 0.254671
47 Fe38 80.103 0.262348
47 Fe38 90.1034 0.268494
47 Fe38 100.104 0.275122
47 Fe38 110.104 0.281681
47 Fe38 120.105 0.288306
47 Fe38 130.105 0.294321
47 Fe38 140.105 0.300186
47 Fe38 150.106 0.305635
47 Fe38 160.106 0.311522
47 Fe38 170.106 0.317182
47 Fe38 180.107 0.322377
47 Fe38 190.107 0.328541
47 Fe38 200.108 0.33259
47 Fe38 210.108 0.337555
47 Fe38 220.108 0.342784
47 Fe38 230.109 0.346998
47 Fe38 240.109 0.353095
47 Fe38 250.109 0.357461
47 Fe38 260.11 0.361833
47 Fe38 270.11 0.36611
47 Fe38 280.111 0.370161
47 Fe38 290.111 0.375058
47 Fe38 300.111 0.379023
47 Fe38 310.112 0.383953
47 Fe38 320.112 0.386295
47 Fe38 330.113 0.391396
47 Fe38 340.113 0.394661
47 Fe38 350.113 0.398954
47 Fe38 360.114 0.402632
47 Fe38 370.114 0.406083
47 Fe38 380.114 0.411262
47 Fe38 390.115 0.413742
47 Fe38 400.115 0.417075
47 Fe38 410.116 0.420822
47 Fe38 420.116 0.424604
47 Fe38 430.116 0.426494
47 Fe38 440.117 0.430975
47 Fe38 450.117 0.435652
47 Fe38 460.117 0.438115
47 Fe38 470.118 0.440396
47 Fe38 480.118 0.444147
47 Fe38 490.119 0.447262
T= 490.119 Sum_i(J(m_i, T))
   
48 Fe39 0.100004 1.06157
48 Fe39 10.1004 1.05329
48 Fe39 20.1008 1.04461
48 Fe39 30.1011 1.03617
48 Fe39 40.1015 1.02663
48 Fe39 50.1019 1.01705
48 Fe39 60.1023 1.00733
48 Fe39 70.1027 0.996691
48 Fe39 80.103 0.987037
48 Fe39 90.1034 0.977675
48 Fe39 100.104 0.969209
48 Fe39 110.104 0.961406
48 Fe39 120.105 0.952176
48 Fe39 130.105 0.946568
48 Fe39 140.105 0.94144
48 Fe39 150.106 0.932907
48 Fe39 160.106 0.927326
48 Fe39 170.106 0.923379
48 Fe39 180.107 0.919437
48 Fe39 190.107 0.914612
48 Fe39 200.108 0.907987
48 Fe39 210.108 0.907628
48 Fe39 220.108 0.902794
48 Fe39 230.109 0.900735
48 Fe39 240.109 0.899559
48 Fe39 250.109 0.897277
48 Fe39 260.11 0.894913
48 Fe39 270.11 0.894575
48 Fe39 280.111 0.891297
48 Fe39 290.111 0.888958
48 Fe39 300.111 0.890734
48 Fe39 310.112 0.888093
48 Fe39 320.112 0.88743
48 Fe39 330.113 0.888058
48 Fe39 340.113 0.885559
48 Fe39 350.113 0.883212
48 Fe39 360.114 0.88269
48 Fe39 370.114 0.881467
48 Fe39 380.114 0.883196
48 Fe39 390.115 0.88406
48 Fe39 400.115 0.881997
48 Fe39 410.116 0.88164
48 Fe39 420.116 0.881517
48 Fe39 430.116 0.880602
48 Fe39 440.117 0.880567
48 Fe39 450.117 0.880403
48 Fe39 460.117 0.881952
48 Fe39 470.118 0.881208
48 Fe39 480.118 0.882123
48 Fe39 490.119 0.882013
T= 490.119 Sum_i(J(m_i, T))
   
49 Fe40 0.100004 0.119579
49 Fe40 10.1004 0.126709
49 Fe40 20.1008 0.141958
49 Fe40 30.1011 0.15647
49 Fe40 40.1015 0.168664
49 Fe40 50.1019 0.180477
49 Fe40 60.1023 0.191069
49 Fe40 70.1027 0.200888
49 Fe40 80.103 0.210347
49 Fe40 90.1034 0.219247
49 Fe40 100.104 0.227187
49 Fe40 110.104 0.2353
49 Fe40 120.105 0.242656
49 Fe40 130.105 0.250152
49 Fe40 140.105 0.257402
49 Fe40 150.106 0.263804
49 Fe40 160.106 0.269945
49 Fe40 170.106 0.276509
49 Fe40 180.107 0.282152
49 Fe40 190.107 0.288142
49 Fe40 200.108 0.293767
49 Fe40 210.108 0.299925
49 Fe40 220.108 0.305463
49 Fe40 230.109 0.309614
49 Fe40 240.109 0.315274
49 Fe40 250.109 0.319678
49 Fe40 260.11 0.3243
49 Fe40 270.11 0.328887
49 Fe40 280.111 0.33403
49 Fe40 290.111 0.338427
49 Fe40 300.111 0.342007
49 Fe40 310.112 0.34591
49 Fe40 320.112 0.350647
49 Fe40 330.113 0.35536
49 Fe40 340.113 0.359183
49 Fe40 350.113 0.364225
49 Fe40 360.114 0.367534
49 Fe40 370.114 0.371426
49 Fe40 380.114 0.374412
49 Fe40 390.115 0.378543
49 Fe40 400.115 0.382718
49 Fe40 410.116 0.386375
49 Fe40 420.116 0.389875
49 Fe40 430.116 0.393524
49 Fe40 440.117 0.396446
49 Fe40 450.117 0.400006
49 Fe40 460.117 0.403623
49 Fe40 470.118 0.40623
49 Fe40 480.118 0.408449
49 Fe40 490.119 0.412523
T= 490.119 Sum_i(J(m_i, T))
   
50 Fe41 0.100004 1.2318
50 Fe41 10.1004 1.22635
50 Fe41 20.1008 1.22073
50 Fe41 30.1011 1.21453
50 Fe41 40.1015 1.20905
50 Fe41 50.1019 1.20111
50 Fe41 60.1023 1.19395
50 Fe41 70.1027 1.18653
50 Fe41 80.103 1.17838
50 Fe41 90.1034 1.16939
50 Fe41 100.104 1.1614
50 Fe41 110.104 1.15302
50 Fe41 120.105 1.1439
50 Fe41 130.105 1.13589
50 Fe41 140.105 1.12857
50 Fe41 150.106 1.12082
50 Fe41 160.106 1.11162
50 Fe41 170.106 1.10421
50 Fe41 180.107 1.09644
50 Fe41 190.107 1.09157
50 Fe41 200.108 1.0839
50 Fe41 210.108 1.07742
50 Fe41 220.108 1.0717
50 Fe41 230.109 1.06738
50 Fe41 240.109 1.06208
50 Fe41 250.109 1.05793
50 Fe41 260.11 1.0526
50 Fe41 270.11 1.04874
50 Fe41 280.111 1.04476
50 Fe41 290.111 1.04267
50 Fe41 300.111 1.03636
50 Fe41 310.112 1.03357
50 Fe41 320.112 1.0305
50 Fe41 330.113 1.02722
50 Fe41 340.113 1.02563
50 Fe41 350.113 1.02182
50 Fe41 360.114 1.02012
50 Fe41 370.114 1.01679
50 Fe41 380.114 1.01582
50 Fe41 390.115 1.01416
50 Fe41 400.115 1.01164
50 Fe41 410.116 1.0105
50 Fe41 420.116 1.01
50 Fe41 430.116 1.00656
50 Fe41 440.117 1.00567
50 Fe41 450.117 1.00316
50 Fe41 460.117 1.00276
50 Fe41 470.118 1.0023
50 Fe41 480.118 0.99981
50 Fe41 490.119 0.999343
T= 490.119 Sum_i(J(m_i, T))
   
51 Fe42 0.100004 0.966982
51 Fe42 10.1004 0.962347
51 Fe42 20.1008 0.958059
51 Fe42 30.1011 0.953569
51 Fe42 40.1015 0.949386
51 Fe42 50.1019 0.94408
51 Fe42 60.1023 0.938976
51 Fe42 70.1027 0.934731
51 Fe42 80.103 0.929723
51 Fe42 90.1034 0.925694
51 Fe42 100.104 0.920645
51 Fe42 110.104 0.916247
51 Fe42 120.105 0.911961
51 Fe42 130.105 0.906959
51 Fe42 140.105 0.903448
51 Fe42 150.106 0.898943
51 Fe42 160.106 0.896436
51 Fe42 170.106 0.892908
51 Fe42 180.107 0.889335
51 Fe42 190.107 0.884719
51 Fe42 200.108 0.883916
51 Fe42 210.108 0.880241
51 Fe42 220.108 0.877702
51 Fe42 230.109 0.875546
51 Fe42 240.109 0.873013
51 Fe42 250.109 0.869918
51 Fe42 260.11 0.869292
51 Fe42 270.11 0.86565
51 Fe42 280.111 0.865836
51 Fe42 290.111 0.863518
51 Fe42 300.111 0.862929
51 Fe42 310.112 0.861361
51 Fe42 320.112 0.85895
51 Fe42 330.113 0.860153
51 Fe42 340.113 0.859082
51 Fe42 350.113 0.855951
51 Fe42 360.114 0.8564
51 Fe42 370.114 0.855313
51 Fe42 380.114 0.854072
51 Fe42 390.115 0.855425
51 Fe42 400.115 0.852702
51 Fe42 410.116 0.852762
51 Fe42 420.116 0.852886
51 Fe42 430.116 0.854794
51 Fe42 440.117 0.853485
51 Fe42 450.117 0.852603
51 Fe42 460.117 0.851329
51 Fe42 470.118 0.850721
51 Fe42 480.118 0.850607
51 Fe42 490.119 0.852573
T= 490.119 Sum_i(J(m_i, T))
   
52 Ni1 0.100004 2.606
52 Ni1 10.1004 2.606
52 Ni1 20.1008 2.606
52 Ni1 30.1011 2.606
52 Ni1 40.1015 2.606
52 Ni1 50.1019 2.606
52 Ni1 60.1023 2.606
52 Ni1 70.1027 2.606
52 Ni1 80.103 2.606
52 Ni1 90.1034 2.606
52 Ni1 100.104 2.606
52 Ni1 110.104 2.606
52 Ni1 120.105 2.606
52 Ni1 130.105 2.606
52 Ni1 140.105 2.606
52 Ni1 150.106 2.606
52 Ni1 160.106 2.606
52 Ni1 170.106 2.606
52 Ni1 180.107 2.606
52 Ni1 190.107 2.606
52 Ni1 200.108 2.606
52 Ni1 210.108 2.606
52 Ni1 220.108 2.606
52 Ni1 230.109 2.606
52 Ni1 240.109 2.606
52 Ni1 250.109 2.606
52 Ni1 260.11 2.606
52 Ni1 270.11 2.606
52 Ni1 280.111 2.606
52 Ni1 290.111 2.606
52 Ni1 300.111 2.606
52 Ni1 310.112 2.606
52 Ni1 320.112 2.606
52 Ni1 330.113 2.606
52 Ni1 340.113 2.606
52 Ni1 350.113 2.606
52 Ni1 360.114 2.606
52 Ni1 370.114 2.606
52 Ni1 380.114 2.606
52 Ni1 390.115 2.606
52 Ni1 400.115 2.606
52 Ni1 410.116 2.606
52 Ni1 420.116 2.606
52 Ni1 430.116 2.606
52 Ni1 440.117 2.606
52 Ni1 450.117 2.606
52 Ni1 460.117 2.606
52 Ni1 470.118 2.606
52 Ni1 480.118 2.606
52 Ni1 490.119 2.606
T= 490.119 Sum_i(J(m_i, T))
   
53 Ni2 0.100004 0.21813
53 Ni2 10.1004 0.217811
53 Ni2 20.1008 0.217485
53 Ni2 30.1011 0.217294
53 Ni2 40.1015 0.217217
53 Ni2 50.1019 0.217154
53 Ni2 60.1023 0.216988
53 Ni2 70.1027 0.217232
53 Ni2 80.103 0.217707
53 Ni2 90.1034 0.218207
53 Ni2 100.104 0.219038
53 Ni2 110.104 0.219996
53 Ni2 120.105 0.22078
53 Ni2 130.105 0.221631
53 Ni2 140.105 0.223112
53 Ni2 150.106 0.223904
53 Ni2 160.106 0.225435
53 Ni2 170.106 0.2264
53 Ni2 180.107 0.227836
53 Ni2 190.107 0.22923
53 Ni2 200.108 0.230079
53 Ni2 210.108 0.232613
53 Ni2 220.108 0.233066
53 Ni2 230.109 0.234537
53 Ni2 240.109 0.235557
53 Ni2 250.109 0.237649
53 Ni2 260.11 0.237827
53 Ni2 270.11 0.240336
53 Ni2 280.111 0.241735
53 Ni2 290.111 0.242676
53 Ni2 300.111 0.244332
53 Ni2 310.112 0.245626
53 Ni2 320.112 0.246444
53 Ni2 330.113 0.248345
53 Ni2 340.113 0.249178
53 Ni2 350.113 0.251026
53 Ni2 360.114 0.252984
53 Ni2 370.114 0.253379
53 Ni2 380.114 0.254526
53 Ni2 390.115 0.256808
53 Ni2 400.115 0.257386
53 Ni2 410.116 0.258532
53 Ni2 420.116 0.259968
53 Ni2 430.116 0.260313
53 Ni2 440.117 0.262189
53 Ni2 450.117 0.263471
53 Ni2 460.117 0.265115
53 Ni2 470.118 0.266022
53 Ni2 480.118 0.267052
53 Ni2 490.119 0.26881
T= 490.119 Sum_i(J(m_i, T))
   
54 Ni3 0.100004 0.118
54 Ni3 10.1004 0.117848
54 Ni3 20.1008 0.118455
54 Ni3 30.1011 0.119982
54 Ni3 40.1015 0.122578
54 Ni3 50.1019 0.125271
54 Ni3 60.1023 0.128195
54 Ni3 70.1027 0.131485
54 Ni3 80.103 0.134153
54 Ni3 90.1034 0.137332
54 Ni3 100.104 0.140374
54 Ni3 110.104 0.143287
54 Ni3 120.105 0.146156
54 Ni3 130.105 0.148931
54 Ni3 140.105 0.151405
54 Ni3 150.106 0.154231
54 Ni3 160.106 0.156665
54 Ni3 170.106 0.159049
54 Ni3 180.107 0.161789
54 Ni3 190.107 0.164402
54 Ni3 200.108 0.166473
54 Ni3 210.108 0.168874
54 Ni3 220.108 0.171378
54 Ni3 230.109 0.173818
54 Ni3 240.109 0.17581
54 Ni3 250.109 0.177329
54 Ni3 260.11 0.179597
54 Ni3 270.11 0.182315
54 Ni3 280.111 0.183457
54 Ni3 290.111 0.186091
54 Ni3 300.111 0.18776
54 Ni3 310.112 0.189909
54 Ni3 320.112 0.192022
54 Ni3 330.113 0.193649
54 Ni3 340.113 0.19568
54 Ni3 350.113 0.197037
54 Ni3 360.114 0.199173
54 Ni3 370.114 0.201477
54 Ni3 380.114 0.202581
54 Ni3 390.115 0.20427
54 Ni3 400.115 0.20591
54 Ni3 410.116 0.207722
54 Ni3 420.116 0.20984
54 Ni3 430.116 0.211242
54 Ni3 440.117 0.213282
54 Ni3 450.117 0.214361
54 Ni3 460.117 0.215892
54 Ni3 470.118 0.217593
54 Ni3 480.118 0.21869
54 Ni3 490.119 0.21978
T= 490.119 Sum_i(J(m_i, T))
   
55 Ni4 0.100004 0.0759831
55 Ni4 10.1004 0.0765443
55 Ni4 20.1008 0.0800323
55 Ni4 30.1011 0.0844006
55 Ni4 40.1015 0.0888558
55 Ni4 50.1019 0.0933704
55 Ni4 60.1023 0.097646
55 Ni4 70.1027 0.101729
55 Ni4 80.103 0.10517
55 Ni4 90.1034 0.108851
55 Ni4 100.104 0.112666
55 Ni4 110.104 0.115847
55 Ni4 120.105 0.119166
55 Ni4 130.105 0.122278
55 Ni4 140.105 0.125107
55 Ni4 150.106 0.128013
55 Ni4 160.106 0.13127
55 Ni4 170.106 0.134002
55 Ni4 180.107 0.136749
55 Ni4 190.107 0.138808
55 Ni4 200.108 0.141585
55 Ni4 210.108 0.144287
55 Ni4 220.108 0.146468
55 Ni4 230.109 0.148836
55 Ni4 240.109 0.151104
55 Ni4 250.109 0.153413
55 Ni4 260.11 0.155865
55 Ni4 270.11 0.157576
55 Ni4 280.111 0.160125
55 Ni4 290.111 0.16232
55 Ni4 300.111 0.164787
55 Ni4 310.112 0.166312
55 Ni4 320.112 0.16814
55 Ni4 330.113 0.170394
55 Ni4 340.113 0.172302
55 Ni4 350.113 0.174117
55 Ni4 360.114 0.175734
55 Ni4 370.114 0.177865
55 Ni4 380.114 0.17989
55 Ni4 390.115 0.18215
55 Ni4 400.115 0.183374
55 Ni4 410.116 0.185079
55 Ni4 420.116 0.186958
55 Ni4 430.116 0.187974
55 Ni4 440.117 0.19028
55 Ni4 450.117 0.192052
55 Ni4 460.117 0.19365
55 Ni4 470.118 0.195007
55 Ni4 480.118 0.197131
55 Ni4 490.119 0.198597
T= 490.119 Sum_i(J(m_i, T))
   
56 Ni5 0.100004 0.0731098
56 Ni5 10.1004 0.0741804
56 Ni5 20.1008 0.0783675
56 Ni5 30.1011 0.0829155
56 Ni5 40.1015 0.0877648
56 Ni5 50.1019 0.0925255
56 Ni5 60.1023 0.0969025
56 Ni5 70.1027 0.10104
56 Ni5 80.103 0.105001
56 Ni5 90.1034 0.108702
56 Ni5 100.104 0.112197
56 Ni5 110.104 0.11582
56 Ni5 120.105 0.118927
56 Ni5 130.105 0.12251
56 Ni5 140.105 0.125394
56 Ni5 150.106 0.127893
56 Ni5 160.106 0.131277
56 Ni5 170.106 0.134515
56 Ni5 180.107 0.137011
56 Ni5 190.107 0.139421
56 Ni5 200.108 0.142018
56 Ni5 210.108 0.144954
56 Ni5 220.108 0.147814
56 Ni5 230.109 0.149932
56 Ni5 240.109 0.152118
56 Ni5 250.109 0.154013
56 Ni5 260.11 0.156632
56 Ni5 270.11 0.158825
56 Ni5 280.111 0.161389
56 Ni5 290.111 0.163541
56 Ni5 300.111 0.165689
56 Ni5 310.112 0.167805
56 Ni5 320.112 0.169342
56 Ni5 330.113 0.17127
56 Ni5 340.113 0.173361
56 Ni5 350.113 0.175473
56 Ni5 360.114 0.176952
56 Ni5 370.114 0.179143
56 Ni5 380.114 0.181605
56 Ni5 390.115 0.182863
56 Ni5 400.115 0.184863
56 Ni5 410.116 0.186433
56 Ni5 420.116 0.188388
56 Ni5 430.116 0.190194
56 Ni5 440.117 0.191723
56 Ni5 450.117 0.193591
56 Ni5 460.117 0.194893
56 Ni5 470.118 0.196669
56 Ni5 480.118 0.198028
56 Ni5 490.119 0.200162
T= 490.119 Sum_i(J(m_i, T))
   
57 Ni6 0.100004 0.24437
57 Ni6 10.1004 0.243935
57 Ni6 20.1008 0.243355
57 Ni6 30.1011 0.243127
57 Ni6 40.1015 0.242409
57 Ni6 50.1019 0.242252
57 Ni6 60.1023 0.242347
57 Ni6 70.1027 0.241922
57 Ni6 80.103 0.242042
57 Ni6 90.1034 0.242043
57 Ni6 100.104 0.242726
57 Ni6 110.104 0.243265
57 Ni6 120.105 0.243374
57 Ni6 130.105 0.244027
57 Ni6 140.105 0.244923
57 Ni6 150.106 0.246201
57 Ni6 160.106 0.246712
57 Ni6 170.106 0.247426
57 Ni6 180.107 0.248406
57 Ni6 190.107 0.249557
57 Ni6 200.108 0.250772
57 Ni6 210.108 0.252172
57 Ni6 220.108 0.253388
57 Ni6 230.109 0.254006
57 Ni6 240.109 0.255796
57 Ni6 250.109 0.256218
57 Ni6 260.11 0.257841
57 Ni6 270.11 0.258878
57 Ni6 280.111 0.260089
57 Ni6 290.111 0.260868
57 Ni6 300.111 0.262451
57 Ni6 310.112 0.263414
57 Ni6 320.112 0.265215
57 Ni6 330.113 0.265206
57 Ni6 340.113 0.267478
57 Ni6 350.113 0.268538
57 Ni6 360.114 0.269831
57 Ni6 370.114 0.270317
57 Ni6 380.114 0.271744
57 Ni6 390.115 0.272988
57 Ni6 400.115 0.274439
57 Ni6 410.116 0.274937
57 Ni6 420.116 0.276321
57 Ni6 430.116 0.277922
57 Ni6 440.117 0.278924
57 Ni6 450.117 0.2797
57 Ni6 460.117 0.281305
57 Ni6 470.118 0.282604
57 Ni6 480.118 0.283809
57 Ni6 490.119 0.284411
T= 490.119 Sum_i(J(m_i, T))
   
58 Ni7 0.100004 0.312869
58 Ni7 10.1004 0.31235
58 Ni7 20.1008 0.311946
58 Ni7 30.1011 0.311101
58 Ni7 40.1015 0.310695
58 Ni7 50.1019 0.310095
58 Ni7 60.1023 0.309636
58 Ni7 70.1027 0.309081
58 Ni7 80.103 0.308836
58 Ni7 90.1034 0.308462
58 Ni7 100.104 0.30802
58 Ni7 110.104 0.307602
58 Ni7 120.105 0.307934
58 Ni7 130.105 0.307571
58 Ni7 140.105 0.307435
58 Ni7 150.106 0.307679
58 Ni7 160.106 0.307497
58 Ni7 170.106 0.308337
58 Ni7 180.107 0.307795
58 Ni7 190.107 0.308771
58 Ni7 200.108 0.308961
58 Ni7 210.108 0.309061
58 Ni7 220.108 0.310481
58 Ni7 230.109 0.310384
58 Ni7 240.109 0.310898
58 Ni7 250.109 0.311055
58 Ni7 260.11 0.312247
58 Ni7 270.11 0.312839
58 Ni7 280.111 0.31307
58 Ni7 290.111 0.313574
58 Ni7 300.111 0.314706
58 Ni7 310.112 0.315304
58 Ni7 320.112 0.316214
58 Ni7 330.113 0.316861
58 Ni7 340.113 0.317582
58 Ni7 350.113 0.319012
58 Ni7 360.114 0.319242
58 Ni7 370.114 0.319987
58 Ni7 380.114 0.320262
58 Ni7 390.115 0.32185
58 Ni7 400.115 0.322538
58 Ni7 410.116 0.323329
58 Ni7 420.116 0.325102
58 Ni7 430.116 0.325179
58 Ni7 440.117 0.325997
58 Ni7 450.117 0.326759
58 Ni7 460.117 0.327177
58 Ni7 470.118 0.328194
58 Ni7 480.118 0.329211
58 Ni7 490.119 0.330721
T= 490.119 Sum_i(J(m_i, T))
   
59 Ni8 0.100004 0.207073
59 Ni8 10.1004 0.206724
59 Ni8 20.1008 0.206306
59 Ni8 30.1011 0.206216
59 Ni8 40.1015 0.205739
59 Ni8 50.1019 0.205872
59 Ni8 60.1023 0.206204
59 Ni8 70.1027 0.206397
59 Ni8 80.103 0.207105
59 Ni8 90.1034 0.207869
59 Ni8 100.104 0.208941
59 Ni8 110.104 0.210216
59 Ni8 120.105 0.211625
59 Ni8 130.105 0.212536
59 Ni8 140.105 0.214123
59 Ni8 150.106 0.215419
59 Ni8 160.106 0.216968
59 Ni8 170.106 0.21914
59 Ni8 180.107 0.219899
59 Ni8 190.107 0.22208
59 Ni8 200.108 0.222831
59 Ni8 210.108 0.224607
59 Ni8 220.108 0.225882
59 Ni8 230.109 0.22768
59 Ni8 240.109 0.229354
59 Ni8 250.109 0.23128
59 Ni8 260.11 0.232116
59 Ni8 270.11 0.234282
59 Ni8 280.111 0.235576
59 Ni8 290.111 0.236877
59 Ni8 300.111 0.23857
59 Ni8 310.112 0.23973
59 Ni8 320.112 0.24116
59 Ni8 330.113 0.242866
59 Ni8 340.113 0.243912
59 Ni8 350.113 0.245849
59 Ni8 360.114 0.247427
59 Ni8 370.114 0.248436
59 Ni8 380.114 0.249754
59 Ni8 390.115 0.250903
59 Ni8 400.115 0.253088
59 Ni8 410.116 0.25372
59 Ni8 420.116 0.255761
59 Ni8 430.116 0.257173
59 Ni8 440.117 0.2582
59 Ni8 450.117 0.259407
59 Ni8 460.117 0.260524
59 Ni8 470.118 0.261899
59 Ni8 480.118 0.263066
59 Ni8 490.119 0.264713
T= 490.119 Sum_i(J(m_i, T))
   
60 Ni9 0.100004 2.606
60 Ni9 10.1004 2.606
60 Ni9 20.1008 2.606
60 Ni9 30.1011 2.606
60 Ni9 40.1015 2.606
60 Ni9 50.1019 2.606
60 Ni9 60.1023 2.606
60 Ni9 70.1027 2.606
60 Ni9 80.103 2.606
60 Ni9 90.1034 2.606
60 Ni9 100.104 2.606
60 Ni9 110.104 2.606
60 Ni9 120.105 2.606
60 Ni9 130.105 2.606
60 Ni9 140.105 2.606
60 Ni9 150.106 2.606
60 Ni9 160.106 2.606
60 Ni9 170.106 2.606
60 Ni9 180.107 2.606
60 Ni9 190.107 2.606
60 Ni9 200.108 2.606
60 Ni9 210.108 2.606
60 Ni9 220.108 2.606
60 Ni9 230.109 2.606
60 Ni9 240.109 2.606
60 Ni9 250.109 2.60599
60 Ni9 260.11 2.606
60 Ni9 270.11 2.606
60 Ni9 280.111 2.606
60 Ni9 290.111 2.606
60 Ni9 300.111 2.606
60 Ni9 310.112 2.606
60 Ni9 320.112 2.606
60 Ni9 330.113 2.606
60 Ni9 340.113 2.606
60 Ni9 350.113 2.606
60 Ni9 360.114 2.606
60 Ni9 370.114 2.606
60 Ni9 380.114 2.60599
60 Ni9 390.115 2.606
60 Ni9 400.115 2.60599
60 Ni9 410.116 2.606
60 Ni9 420.116 2.606
60 Ni9 430.116 2.606
60 Ni9 440.117 2.60599
60 Ni9 450.117 2.60599
60 Ni9 460.117 2.60599
60 Ni9 470.118 2.60599
60 Ni9 480.118 2.60599
60 Ni9 490.119 2.60599
T= 490.119 Sum_i(J(m_i, T))
   
61 Ni10 0.100004 0.344986
61 Ni10 10.1004 0.344328
61 Ni10 20.1008 0.343506
61 Ni10 30.1011 0.342935
61 Ni10 40.1015 0.342224
61 Ni10 50.1019 0.341542
61 Ni10 60.1023 0.341047
61 Ni10 70.1027 0.340431
61 Ni10 80.103 0.339592
61 Ni10 90.1034 0.339065
61 Ni10 100.104 0.338681
61 Ni10 110.104 0.337879
61 Ni10 120.105 0.337497
61 Ni10 130.105 0.33735
61 Ni10 140.105 0.336543
61 Ni10 150.106 0.336738
61 Ni10 160.106 0.336612
61 Ni10 170.106 0.336302
61 Ni10 180.107 0.336678
61 Ni10 190.107 0.336444
61 Ni10 200.108 0.336689
61 Ni10 210.108 0.336551
61 Ni10 220.108 0.335997
61 Ni10 230.109 0.336934
61 Ni10 240.109 0.336609
61 Ni10 250.109 0.337362
61 Ni10 260.11 0.338111
61 Ni10 270.11 0.337977
61 Ni10 280.111 0.338286
61 Ni10 290.111 0.338853
61 Ni10 300.111 0.339317
61 Ni10 310.112 0.340284
61 Ni10 320.112 0.340858
61 Ni10 330.113 0.340814
61 Ni10 340.113 0.341126
61 Ni10 350.113 0.341931
61 Ni10 360.114 0.342097
61 Ni10 370.114 0.343689
61 Ni10 380.114 0.343899
61 Ni10 390.115 0.344618
61 Ni10 400.115 0.345924
61 Ni10 410.116 0.346356
61 Ni10 420.116 0.345938
61 Ni10 430.116 0.347543
61 Ni10 440.117 0.348405
61 Ni10 450.117 0.348263
61 Ni10 460.117 0.349776
61 Ni10 470.118 0.350666
61 Ni10 480.118 0.350784
61 Ni10 490.119 0.351587
T= 490.119 Sum_i(J(m_i, T))
   
62 Ni11 0.100004 0.251935
62 Ni11 10.1004 0.251272
62 Ni11 20.1008 0.250847
62 Ni11 30.1011 0.250225
62 Ni11 40.1015 0.24995
62 Ni11 50.1019 0.249404
62 Ni11 60.1023 0.249331
62 Ni11 70.1027 0.248686
62 Ni11 80.103 0.248793
62 Ni11 90.1034 0.24908
62 Ni11 100.104 0.249328
62 Ni11 110.104 0.249425
62 Ni11 120.105 0.249819
62 Ni11 130.105 0.251215
62 Ni11 140.105 0.251582
62 Ni11 150.106 0.252589
62 Ni11 160.106 0.25323
62 Ni11 170.106 0.254073
62 Ni11 180.107 0.255255
62 Ni11 190.107 0.256073
62 Ni11 200.108 0.257569
62 Ni11 210.108 0.258413
62 Ni11 220.108 0.260042
62 Ni11 230.109 0.260413
62 Ni11 240.109 0.261878
62 Ni11 250.109 0.263023
62 Ni11 260.11 0.264136
62 Ni11 270.11 0.265376
62 Ni11 280.111 0.266678
62 Ni11 290.111 0.267797
62 Ni11 300.111 0.26896
62 Ni11 310.112 0.270494
62 Ni11 320.112 0.271436
62 Ni11 330.113 0.273391
62 Ni11 340.113 0.273797
62 Ni11 350.113 0.274957
62 Ni11 360.114 0.276327
62 Ni11 370.114 0.277223
62 Ni11 380.114 0.278423
62 Ni11 390.115 0.279991
62 Ni11 400.115 0.281226
62 Ni11 410.116 0.282474
62 Ni11 420.116 0.283373
62 Ni11 430.116 0.284423
62 Ni11 440.117 0.286222
62 Ni11 450.117 0.28687
62 Ni11 460.117 0.288173
62 Ni11 470.118 0.289479
62 Ni11 480.118 0.290381
62 Ni11 490.119 0.291381
T= 490.119 Sum_i(J(m_i, T))
   
63 Ni12 0.100004 0.157173
63 Ni12 10.1004 0.157097
63 Ni12 20.1008 0.15671
63 Ni12 30.1011 0.156755
63 Ni12 40.1015 0.157741
63 Ni12 50.1019 0.158599
63 Ni12 60.1023 0.159778
63 Ni12 70.1027 0.161595
63 Ni12 80.103 0.163579
63 Ni12 90.1034 0.165402
63 Ni12 100.104 0.167304
63 Ni12 110.104 0.169858
63 Ni12 120.105 0.171771
63 Ni12 130.105 0.173662
63 Ni12 140.105 0.175789
63 Ni12 150.106 0.178055
63 Ni12 160.106 0.179795
63 Ni12 170.106 0.182246
63 Ni12 180.107 0.184064
63 Ni12 190.107 0.186433
63 Ni12 200.108 0.188284
63 Ni12 210.108 0.190023
63 Ni12 220.108 0.191998
63 Ni12 230.109 0.194041
63 Ni12 240.109 0.196248
63 Ni12 250.109 0.197457
63 Ni12 260.11 0.199733
63 Ni12 270.11 0.201812
63 Ni12 280.111 0.203509
63 Ni12 290.111 0.205576
63 Ni12 300.111 0.206688
63 Ni12 310.112 0.208958
63 Ni12 320.112 0.210989
63 Ni12 330.113 0.212469
63 Ni12 340.113 0.213783
63 Ni12 350.113 0.215579
63 Ni12 360.114 0.217429
63 Ni12 370.114 0.218678
63 Ni12 380.114 0.219634
63 Ni12 390.115 0.222623
63 Ni12 400.115 0.224015
63 Ni12 410.116 0.224944
63 Ni12 420.116 0.226379
63 Ni12 430.116 0.227982
63 Ni12 440.117 0.229232
63 Ni12 450.117 0.231313
63 Ni12 460.117 0.232934
63 Ni12 470.118 0.234721
63 Ni12 480.118 0.236115
63 Ni12 490.119 0.237035
T= 490.119 Sum_i(J(m_i, T))
   
64 Ni13 0.100004 2.606
64 Ni13 10.1004 2.606
64 Ni13 20.1008 2.606
64 Ni13 30.1011 2.606
64 Ni13 40.1015 2.606
64 Ni13 50.1019 2.606
64 Ni13 60.1023 2.606
64 Ni13 70.1027 2.606
64 Ni13 80.103 2.606
64 Ni13 90.1034 2.606
64 Ni13 100.104 2.606
64 Ni13 110.104 2.606
64 Ni13 120.105 2.606
64 Ni13 130.105 2.606
64 Ni13 140.105 2.606
64 Ni13 150.106 2.606
64 Ni13 160.106 2.606
64 Ni13 170.106 2.606
64 Ni13 180.107 2.606
64 Ni13 190.107 2.606
64 Ni13 200.108 2.606
64 Ni13 210.108 2.606
64 Ni13 220.108 2.606
64 Ni13 230.109 2.606
64 Ni13 240.109 2.606
64 Ni13 250.109 2.606
64 Ni13 260.11 2.606
64 Ni13 270.11 2.606
64 Ni13 280.111 2.606
64 Ni13 290.111 2.606
64 Ni13 300.111 2.606
64 Ni13 310.112 2.606
64 Ni13 320.112 2.606
64 Ni13 330.113 2.606
64 Ni13 340.113 2.606
64 Ni13 350.113 2.606
64 Ni13 360.114 2.606
64 Ni13 370.114 2.606
64 Ni13 380.114 2.606
64 Ni13 390.115 2.606
64 Ni13 400.115 2.606
64 Ni13 410.116 2.606
64 Ni13 420.116 2.606
64 Ni13 430.116 2.606
64 Ni13 440.117 2.606
64 Ni13 450.117 2.606
64 Ni13 460.117 2.606
64 Ni13 470.118 2.606
64 Ni13 480.118 2.606
64 Ni13 490.119 2.606
T= 490.119 Sum_i(J(m_i, T))
   
